[INFO] phase=control_eta_validation_first
[INFO] current_config=configs/prl_100k_signals_u27_eta082_current.yaml
[INFO] seeds=0
[INFO] etas=1.0 0.082
[INFO] kappas=0.0 0.0005
[INFO] validation_window=2022-01-01~2023-12-31
[INFO] final_window=2024-01-01~2025-12-31
[INFO] run_root=outputs/paper_rebuild_smoke_full
[INFO] python_cmd=uv run --with-requirements requirements.txt python
[STEP-START] materialize_validation_and_final_configs :: 2026-03-24T06:23:44Z
Downloading sympy (6.0MiB)
Downloading nvidia-cuda-runtime (2.1MiB)
Downloading networkx (2.0MiB)
Downloading fonttools (4.8MiB)
Downloading nvidia-cuda-nvrtc (86.0MiB)
Downloading pillow (6.7MiB)
Downloading cuda-bindings (6.0MiB)
Downloading kiwisolver (1.4MiB)
Downloading matplotlib (8.3MiB)
Downloading triton (179.5MiB)
Downloading nvidia-cublas (403.5MiB)
Downloading scipy (33.7MiB)
Downloading nvidia-cufft (204.2MiB)
Downloading nvidia-cuda-cupti (10.2MiB)
Downloading pyarrow (45.4MiB)
Downloading pandas (10.7MiB)
Downloading numpy (16.1MiB)
Downloading nvidia-cusparselt-cu13 (162.0MiB)
Downloading nvidia-nccl-cu13 (187.4MiB)
Downloading setuptools (1.0MiB)
Downloading nvidia-cusparse (139.2MiB)
Downloading nvidia-cusolver (191.6MiB)
Downloading curl-cffi (7.9MiB)
Downloading nvidia-curand (56.8MiB)
Downloading nvidia-cufile (1.2MiB)
Downloading nvidia-cudnn-cu13 (349.1MiB)
Downloading nvidia-nvjitlink (38.8MiB)
Downloading nvidia-nvshmem-cu13 (57.6MiB)
Downloading torch (506.0MiB)
   Building multitasking==0.0.12
 Downloaded setuptools
 Downloaded nvidia-cufile
 Downloaded kiwisolver
 Downloaded networkx
 Downloaded nvidia-cuda-runtime
      Built multitasking==0.0.12
 Downloaded fonttools
 Downloaded sympy
 Downloaded cuda-bindings
 Downloaded pillow
 Downloaded curl-cffi
 Downloaded matplotlib
 Downloaded nvidia-cuda-cupti
 Downloaded pandas
 Downloaded numpy
 Downloaded scipy
 Downloaded nvidia-nvjitlink
 Downloaded pyarrow
 Downloaded nvidia-curand
 Downloaded nvidia-nvshmem-cu13
 Downloaded nvidia-cuda-nvrtc
 Downloaded nvidia-cusparse
 Downloaded nvidia-cusparselt-cu13
 Downloaded triton
 Downloaded nvidia-nccl-cu13
 Downloaded nvidia-cusolver
 Downloaded nvidia-cufft
 Downloaded nvidia-cudnn-cu13
 Downloaded nvidia-cublas
 Downloaded torch
Installed 66 packages in 1.34s
{
  "generated_at": "20260324T062344Z",
  "current_config": "configs/prl_100k_signals_u27_eta082_current.yaml",
  "snapshot_config_out": "outputs/paper_rebuild_smoke_full/configs/snapshot_control.yaml",
  "signal_snapshot_out": "outputs/paper_rebuild_smoke_full/configs/selected_signals_snapshot.json",
  "validation_config_out": "outputs/paper_rebuild_smoke_full/configs/validation_eta.yaml",
  "final_config_out": "outputs/paper_rebuild_smoke_full/configs/final_eta.yaml",
  "forward_config_out": "",
  "processed_dir": "data/processed_u27",
  "returns_path": "data/processed_u27/returns.parquet",
  "cache_max_date": "2026-03-20",
  "validation_start": "2022-01-01",
  "validation_end": "2023-12-31",
  "final_start": "2024-01-01",
  "final_end": "2025-12-31",
  "forward_start": "2026-01-01",
  "selected_signals": [
    "reversal_5d",
    "short_term_reversal"
  ],
  "sac_total_timesteps": 10,
  "train_output_root": "outputs/paper_rebuild_smoke_full/train_control",
  "validation_output_root": "outputs/paper_rebuild_smoke_full/validation_eta",
  "final_output_root": "outputs/paper_rebuild_smoke_full/final_eta",
  "forward_output_root": null
}
[STEP-END] materialize_validation_and_final_configs rc=0 :: 2026-03-24T06:24:16Z
[STEP-START] train_control_seed0 :: 2026-03-24T06:24:16Z
Downloading pillow (6.7MiB)
Downloading nvidia-cuda-runtime (2.1MiB)
Downloading cuda-bindings (6.0MiB)
Downloading fonttools (4.8MiB)
Downloading nvidia-nvjitlink (38.8MiB)
Downloading pyarrow (45.4MiB)
Downloading triton (179.5MiB)
Downloading scipy (33.7MiB)
Downloading sympy (6.0MiB)
Downloading networkx (2.0MiB)
Downloading nvidia-cublas (403.5MiB)
Downloading nvidia-cufft (204.2MiB)
Downloading nvidia-cusparselt-cu13 (162.0MiB)
Downloading pandas (10.7MiB)
Downloading nvidia-cudnn-cu13 (349.1MiB)
Downloading nvidia-nccl-cu13 (187.4MiB)
Downloading nvidia-curand (56.8MiB)
Downloading setuptools (1.0MiB)
Downloading nvidia-nvshmem-cu13 (57.6MiB)
Downloading nvidia-cufile (1.2MiB)
Downloading nvidia-cusolver (191.6MiB)
Downloading nvidia-cusparse (139.2MiB)
Downloading numpy (16.1MiB)
Downloading torch (506.0MiB)
Downloading nvidia-cuda-nvrtc (86.0MiB)
Downloading curl-cffi (7.9MiB)
Downloading nvidia-cuda-cupti (10.2MiB)
Downloading kiwisolver (1.4MiB)
Downloading matplotlib (8.3MiB)
   Building multitasking==0.0.12
 Downloaded setuptools
 Downloaded nvidia-cufile
 Downloaded kiwisolver
 Downloaded networkx
 Downloaded nvidia-cuda-runtime
      Built multitasking==0.0.12
 Downloaded fonttools
 Downloaded cuda-bindings
 Downloaded sympy
 Downloaded pillow
 Downloaded curl-cffi
 Downloaded matplotlib
 Downloaded nvidia-cuda-cupti
 Downloaded pandas
 Downloaded numpy
 Downloaded scipy
 Downloaded nvidia-nvjitlink
 Downloaded pyarrow
 Downloaded nvidia-curand
 Downloaded nvidia-nvshmem-cu13
 Downloaded nvidia-cuda-nvrtc
 Downloaded nvidia-cusparse
 Downloaded nvidia-cusparselt-cu13
 Downloaded triton
 Downloaded nvidia-nccl-cu13
 Downloaded nvidia-cusolver
 Downloaded nvidia-cufft
 Downloaded nvidia-cudnn-cu13
 Downloaded nvidia-cublas
 Downloaded torch
Installed 66 packages in 1.24s
Traceback (most recent call last):
  File "/workspace/execution-aware-portfolio-rl/prl-dow30/scripts/run_train.py", line 74, in <module>
    main()
  File "/workspace/execution-aware-portfolio-rl/prl-dow30/scripts/run_train.py", line 57, in main
    model_path = run_training(
                 ^^^^^^^^^^^^^
  File "/workspace/execution-aware-portfolio-rl/prl-dow30/prl/train.py", line 713, in run_training
    raise ValueError("Paper mode requires total_timesteps >= 100000.")
ValueError: Paper mode requires total_timesteps >= 100000.
[STEP-END] train_control_seed0 rc=1 :: 2026-03-24T06:24:50Z
