This is pdfTeX, Version 3.141592653-2.6-1.40.28 (MiKTeX 25.12) (preloaded format=pdflatex 2026.4.4)  28 APR 2026 17:14
entering extended mode
 restricted \write18 enabled.
 %&-line parsing enabled.
**./paper_forecasting_workshop_v2.tex
(paper_forecasting_workshop_v2.tex
LaTeX2e <2025-11-01>
L3 programming layer <2025-12-24>
(C:\Users\김금영\AppData\Local\Programs\MiKTeX\tex/latex/base\article.cls
Document Class: article 2025/01/22 v1.4n Standard LaTeX document class
(C:\Users\김금영\AppData\Local\Programs\MiKTeX\tex/latex/base\size10.clo
File: size10.clo 2025/01/22 v1.4n Standard LaTeX file (size option)
)
\c@part=\count275
\c@section=\count276
\c@subsection=\count277
\c@subsubsection=\count278
\c@paragraph=\count279
\c@subparagraph=\count280
\c@figure=\count281
\c@table=\count282
\abovecaptionskip=\skip49
\belowcaptionskip=\skip50
\bibindent=\dimen148
)
(C:\Users\김금영\AppData\Local\Programs\MiKTeX\tex/latex/geometry\geometry.s
ty
Package: geometry 2026/03/07 v6.0 Page Geometry

(C:\Users\김금영\AppData\Local\Programs\MiKTeX\tex/latex/graphics\keyval.sty
Package: keyval 2022/05/29 v1.15 key=value parser (DPC)
\KV@toks@=\toks17
)
(C:\Users\김금영\AppData\Local\Programs\MiKTeX\tex/generic/iftex\ifvtex.sty
Package: ifvtex 2019/10/25 v1.7 ifvtex legacy package. Use iftex instead.

(C:\Users\김금영\AppData\Local\Programs\MiKTeX\tex/generic/iftex\iftex.sty
Package: iftex 2024/12/12 v1.0g TeX engine tests
))
\Gm@cnth=\count283
\Gm@cntv=\count284
\c@Gm@tempcnt=\count285
\Gm@bindingoffset=\dimen149
\Gm@wd@mp=\dimen150
\Gm@odd@mp=\dimen151
\Gm@even@mp=\dimen152
\Gm@layoutwidth=\dimen153
\Gm@layoutheight=\dimen154
\Gm@layouthoffset=\dimen155
\Gm@layoutvoffset=\dimen156
\Gm@dimlist=\toks18

(C:\Users\김금영\AppData\Local\Programs\MiKTeX\tex/latex/geometry\geometry.c
fg))
(C:\Users\김금영\AppData\Local\Programs\MiKTeX\tex/latex/base\fontenc.sty
Package: fontenc 2025/07/18 v2.1d Standard LaTeX package
)
(C:\Users\김금영\AppData\Local\Programs\MiKTeX\tex/latex/psnfss\times.sty
Package: times 2020/03/25 PSNFSS-v9.3 (SPQR) 
)
(C:\Users\김금영\AppData\Local\Programs\MiKTeX\tex/latex/microtype\microtype
.sty
Package: microtype 2026/03/01 v3.2d Micro-typographical refinements (RS)

(C:\Users\김금영\AppData\Local\Programs\MiKTeX\tex/latex/etoolbox\etoolbox.s
ty
Package: etoolbox 2025/10/02 v2.5m e-TeX tools for LaTeX (JAW)
\etb@tempcnta=\count286
)
\MT@toks=\toks19
\MT@tempbox=\box53
\MT@count=\count287
LaTeX Info: Redefining \noprotrusionifhmode on input line 1084.
LaTeX Info: Redefining \leftprotrusion on input line 1085.
\MT@prot@toks=\toks20
LaTeX Info: Redefining \rightprotrusion on input line 1104.
LaTeX Info: Redefining \textls on input line 1449.
\MT@outer@kern=\dimen157
LaTeX Info: Redefining \microtypecontext on input line 2053.
LaTeX Info: Redefining \textmicrotypecontext on input line 2070.
\MT@listname@count=\count288

(C:\Users\김금영\AppData\Local\Programs\MiKTeX\tex/latex/microtype\microtype
-pdftex.def
File: microtype-pdftex.def 2026/03/01 v3.2d Definitions specific to pdftex (RS)

LaTeX Info: Redefining \lsstyle on input line 944.
LaTeX Info: Redefining \lslig on input line 944.
\MT@outer@space=\skip51
)
Package microtype Info: Loading configuration file microtype.cfg.

(C:\Users\김금영\AppData\Local\Programs\MiKTeX\tex/latex/microtype\microtype
.cfg
File: microtype.cfg 2026/03/01 v3.2d microtype main configuration file (RS)
)
LaTeX Info: Redefining \microtypesetup on input line 3065.
)
(C:\Users\김금영\AppData\Local\Programs\MiKTeX\tex/latex/amsmath\amsmath.sty
Package: amsmath 2025/07/09 v2.17z AMS math features
\@mathmargin=\skip52
For additional information on amsmath, use the `?' option.

(C:\Users\김금영\AppData\Local\Programs\MiKTeX\tex/latex/amsmath\amstext.sty
Package: amstext 2024/11/17 v2.01 AMS text
(C:\Users\김금영\AppData\Local\Programs\MiKTeX\tex/latex/amsmath\amsgen.sty
File: amsgen.sty 1999/11/30 v2.0 generic functions
\@emptytoks=\toks21
\ex@=\dimen158
))
(C:\Users\김금영\AppData\Local\Programs\MiKTeX\tex/latex/amsmath\amsbsy.sty
Package: amsbsy 1999/11/29 v1.2d Bold Symbols
\pmbraise@=\dimen159
) (C:\Users\김금영\AppData\Local\Programs\MiKTeX\tex/latex/amsmath\amsopn.st
y
Package: amsopn 2022/04/08 v2.04 operator names
)
\inf@bad=\count289
LaTeX Info: Redefining \frac on input line 233.
\uproot@=\count290
\leftroot@=\count291
LaTeX Info: Redefining \overline on input line 398.
LaTeX Info: Redefining \colon on input line 409.
\classnum@=\count292
\DOTSCASE@=\count293
LaTeX Info: Redefining \ldots on input line 495.
LaTeX Info: Redefining \dots on input line 498.
LaTeX Info: Redefining \cdots on input line 619.
\Mathstrutbox@=\box54
\strutbox@=\box55
LaTeX Info: Redefining \big on input line 721.
LaTeX Info: Redefining \Big on input line 722.
LaTeX Info: Redefining \bigg on input line 723.
LaTeX Info: Redefining \Bigg on input line 724.
\big@size=\dimen160
LaTeX Font Info:    Redeclaring font encoding OML on input line 742.
LaTeX Font Info:    Redeclaring font encoding OMS on input line 743.
\macc@depth=\count294
LaTeX Info: Redefining \bmod on input line 904.
LaTeX Info: Redefining \pmod on input line 909.
LaTeX Info: Redefining \smash on input line 939.
LaTeX Info: Redefining \relbar on input line 969.
LaTeX Info: Redefining \Relbar on input line 970.
\c@MaxMatrixCols=\count295
\dotsspace@=\muskip17
\c@parentequation=\count296
\dspbrk@lvl=\count297
\tag@help=\toks22
\row@=\count298
\column@=\count299
\maxfields@=\count300
\andhelp@=\toks23
\eqnshift@=\dimen161
\alignsep@=\dimen162
\tagshift@=\dimen163
\tagwidth@=\dimen164
\totwidth@=\dimen165
\lineht@=\dimen166
\@envbody=\toks24
\multlinegap=\skip53
\multlinetaggap=\skip54
\mathdisplay@stack=\toks25
LaTeX Info: Redefining \[ on input line 2950.
LaTeX Info: Redefining \] on input line 2951.
)
(C:\Users\김금영\AppData\Local\Programs\MiKTeX\tex/latex/amsfonts\amssymb.st
y
Package: amssymb 2013/01/14 v3.01 AMS font symbols

(C:\Users\김금영\AppData\Local\Programs\MiKTeX\tex/latex/amsfonts\amsfonts.s
ty
Package: amsfonts 2013/01/14 v3.01 Basic AMSFonts support
\symAMSa=\mathgroup4
\symAMSb=\mathgroup5
LaTeX Font Info:    Redeclaring math symbol \hbar on input line 98.
LaTeX Font Info:    Overwriting math alphabet `\mathfrak' in version `bold'
(Font)                  U/euf/m/n --> U/euf/b/n on input line 106.
))
(C:\Users\김금영\AppData\Local\Programs\MiKTeX\tex/latex/graphics\graphicx.s
ty
Package: graphicx 2024/12/31 v1.2e Enhanced LaTeX Graphics (DPC,SPQR)

(C:\Users\김금영\AppData\Local\Programs\MiKTeX\tex/latex/graphics\graphics.s
ty
Package: graphics 2024/08/06 v1.4g Standard LaTeX Graphics (DPC,SPQR)

(C:\Users\김금영\AppData\Local\Programs\MiKTeX\tex/latex/graphics\trig.sty
Package: trig 2023/12/02 v1.11 sin cos tan (DPC)
)
(C:\Users\김금영\AppData\Local\Programs\MiKTeX\tex/latex/graphics-cfg\graphi
cs.cfg
File: graphics.cfg 2016/06/04 v1.11 sample graphics configuration
)
Package graphics Info: Driver file: pdftex.def on input line 106.

(C:\Users\김금영\AppData\Local\Programs\MiKTeX\tex/latex/graphics-def\pdftex
.def
File: pdftex.def 2025/09/29 v1.2d Graphics/color driver for pdftex
))
\Gin@req@height=\dimen167
\Gin@req@width=\dimen168
)
(C:\Users\김금영\AppData\Local\Programs\MiKTeX\tex/latex/booktabs\booktabs.s
ty
Package: booktabs 2020/01/12 v1.61803398 Publication quality tables
\heavyrulewidth=\dimen169
\lightrulewidth=\dimen170
\cmidrulewidth=\dimen171
\belowrulesep=\dimen172
\belowbottomsep=\dimen173
\aboverulesep=\dimen174
\abovetopsep=\dimen175
\cmidrulesep=\dimen176
\cmidrulekern=\dimen177
\defaultaddspace=\dimen178
\@cmidla=\count301
\@cmidlb=\count302
\@aboverulesep=\dimen179
\@belowrulesep=\dimen180
\@thisruleclass=\count303
\@lastruleclass=\count304
\@thisrulewidth=\dimen181
) (C:\Users\김금영\AppData\Local\Programs\MiKTeX\tex/latex/tools\array.sty
Package: array 2025/09/25 v2.6n Tabular extension package (FMi)
\col@sep=\dimen182
\ar@mcellbox=\box56
\extrarowheight=\dimen183
\NC@list=\toks26
\extratabsurround=\skip55
\backup@length=\skip56
\ar@cellbox=\box57
)
(C:\Users\김금영\AppData\Local\Programs\MiKTeX\tex/latex/tools\tabularx.sty
Package: tabularx 2023/12/11 v2.12a `tabularx' package (DPC)
\TX@col@width=\dimen184
\TX@old@table=\dimen185
\TX@old@col=\dimen186
\TX@target=\dimen187
\TX@delta=\dimen188
\TX@cols=\count305
\TX@ftn=\toks27
) (C:\Users\김금영\AppData\Local\Programs\MiKTeX\tex/latex/xcolor\xcolor.sty
Package: xcolor 2024/09/29 v3.02 LaTeX color extensions (UK)

(C:\Users\김금영\AppData\Local\Programs\MiKTeX\tex/latex/graphics-cfg\color.
cfg
File: color.cfg 2016/01/02 v1.6 sample color configuration
)
Package xcolor Info: Driver file: pdftex.def on input line 274.

(C:\Users\김금영\AppData\Local\Programs\MiKTeX\tex/latex/graphics\mathcolor.
ltx)
Package xcolor Info: Model `cmy' substituted by `cmy0' on input line 1349.
Package xcolor Info: Model `hsb' substituted by `rgb' on input line 1353.
Package xcolor Info: Model `RGB' extended on input line 1365.
Package xcolor Info: Model `HTML' substituted by `rgb' on input line 1367.
Package xcolor Info: Model `Hsb' substituted by `hsb' on input line 1368.
Package xcolor Info: Model `tHsb' substituted by `hsb' on input line 1369.
Package xcolor Info: Model `HSB' substituted by `hsb' on input line 1370.
Package xcolor Info: Model `Gray' substituted by `gray' on input line 1371.
Package xcolor Info: Model `wave' substituted by `hsb' on input line 1372.
)
(C:\Users\김금영\AppData\Local\Programs\MiKTeX\tex/latex/hyperref\hyperref.s
ty
Package: hyperref 2025-07-12 v7.01o Hypertext links for LaTeX

(C:\Users\김금영\AppData\Local\Programs\MiKTeX\tex/latex/kvsetkeys\kvsetkeys
.sty
Package: kvsetkeys 2022-10-05 v1.19 Key value parser (HO)
)
(C:\Users\김금영\AppData\Local\Programs\MiKTeX\tex/generic/kvdefinekeys\kvde
finekeys.sty
Package: kvdefinekeys 2019-12-19 v1.6 Define keys (HO)
)
(C:\Users\김금영\AppData\Local\Programs\MiKTeX\tex/generic/pdfescape\pdfesca
pe.sty
Package: pdfescape 2019/12/09 v1.15 Implements pdfTeX's escape features (HO)

(C:\Users\김금영\AppData\Local\Programs\MiKTeX\tex/generic/ltxcmds\ltxcmds.s
ty
Package: ltxcmds 2023-12-04 v1.26 LaTeX kernel commands for general use (HO)
)
(C:\Users\김금영\AppData\Local\Programs\MiKTeX\tex/generic/pdftexcmds\pdftex
cmds.sty
Package: pdftexcmds 2020-06-27 v0.33 Utility functions of pdfTeX for LuaTeX (HO
)

(C:\Users\김금영\AppData\Local\Programs\MiKTeX\tex/generic/infwarerr\infware
rr.sty
Package: infwarerr 2019/12/03 v1.5 Providing info/warning/error messages (HO)
)
Package pdftexcmds Info: \pdf@primitive is available.
Package pdftexcmds Info: \pdf@ifprimitive is available.
Package pdftexcmds Info: \pdfdraftmode found.
))
(C:\Users\김금영\AppData\Local\Programs\MiKTeX\tex/latex/hycolor\hycolor.sty
Package: hycolor 2020-01-27 v1.10 Color options for hyperref/bookmark (HO)
)
(C:\Users\김금영\AppData\Local\Programs\MiKTeX\tex/latex/hyperref\nameref.st
y
Package: nameref 2025-06-21 v2.57 Cross-referencing by name of section

(C:\Users\김금영\AppData\Local\Programs\MiKTeX\tex/latex/refcount\refcount.s
ty
Package: refcount 2019/12/15 v3.6 Data extraction from label references (HO)
)
(C:\Users\김금영\AppData\Local\Programs\MiKTeX\tex/generic/gettitlestring\ge
ttitlestring.sty
Package: gettitlestring 2019/12/15 v1.6 Cleanup title references (HO)

(C:\Users\김금영\AppData\Local\Programs\MiKTeX\tex/latex/kvoptions\kvoptions
.sty
Package: kvoptions 2022-06-15 v3.15 Key value format for package options (HO)
))
\c@section@level=\count306
)
(C:\Users\김금영\AppData\Local\Programs\MiKTeX\tex/generic/stringenc\stringe
nc.sty
Package: stringenc 2019/11/29 v1.12 Convert strings between diff. encodings (HO
)
)
\@linkdim=\dimen189
\Hy@linkcounter=\count307
\Hy@pagecounter=\count308

(C:\Users\김금영\AppData\Local\Programs\MiKTeX\tex/latex/hyperref\pd1enc.def
File: pd1enc.def 2025-07-12 v7.01o Hyperref: PDFDocEncoding definition (HO)
Now handling font encoding PD1 ...
... no UTF-8 mapping file for font encoding PD1
)
(C:\Users\김금영\AppData\Local\Programs\MiKTeX\tex/generic/intcalc\intcalc.s
ty
Package: intcalc 2019/12/15 v1.3 Expandable calculations with integers (HO)
)
\Hy@SavedSpaceFactor=\count309

(C:\Users\김금영\AppData\Local\Programs\MiKTeX\tex/latex/hyperref\puenc.def
File: puenc.def 2025-07-12 v7.01o Hyperref: PDF Unicode definition (HO)
Now handling font encoding PU ...
... no UTF-8 mapping file for font encoding PU
)
Package hyperref Info: Hyper figures OFF on input line 4195.
Package hyperref Info: Link nesting OFF on input line 4200.
Package hyperref Info: Hyper index ON on input line 4203.
Package hyperref Info: Plain pages OFF on input line 4210.
Package hyperref Info: Backreferencing OFF on input line 4215.
Package hyperref Info: Implicit mode ON; LaTeX internals redefined.
Package hyperref Info: Bookmarks ON on input line 4462.
\c@Hy@tempcnt=\count310
(C:\Users\김금영\AppData\Local\Programs\MiKTeX\tex/latex/url\url.sty
\Urlmuskip=\muskip18
Package: url 2013/09/16  ver 3.4  Verb mode for urls, etc.
)
LaTeX Info: Redefining \url on input line 4801.
\XeTeXLinkMargin=\dimen190

(C:\Users\김금영\AppData\Local\Programs\MiKTeX\tex/generic/bitset\bitset.sty
Package: bitset 2019/12/09 v1.3 Handle bit-vector datatype (HO)

(C:\Users\김금영\AppData\Local\Programs\MiKTeX\tex/generic/bigintcalc\bigint
calc.sty
Package: bigintcalc 2019/12/15 v1.5 Expandable calculations on big integers (HO
)
))
\Fld@menulength=\count311
\Field@Width=\dimen191
\Fld@charsize=\dimen192
Package hyperref Info: Hyper figures OFF on input line 6078.
Package hyperref Info: Link nesting OFF on input line 6083.
Package hyperref Info: Hyper index ON on input line 6086.
Package hyperref Info: backreferencing OFF on input line 6093.
Package hyperref Info: Link coloring OFF on input line 6098.
Package hyperref Info: Link coloring with OCG OFF on input line 6103.
Package hyperref Info: PDF/A mode OFF on input line 6108.
\Hy@abspage=\count312
\c@Item=\count313
\c@Hfootnote=\count314
)
Package hyperref Info: Driver (autodetected): hpdftex.

(C:\Users\김금영\AppData\Local\Programs\MiKTeX\tex/latex/hyperref\hpdftex.de
f
File: hpdftex.def 2025-07-12 v7.01o Hyperref driver for pdfTeX
\Fld@listcount=\count315
\c@bookmark@seq@number=\count316

(C:\Users\김금영\AppData\Local\Programs\MiKTeX\tex/latex/rerunfilecheck\reru
nfilecheck.sty
Package: rerunfilecheck 2025-06-21 v1.11 Rerun checks for auxiliary files (HO)

(C:\Users\김금영\AppData\Local\Programs\MiKTeX\tex/generic/uniquecounter\uni
quecounter.sty
Package: uniquecounter 2019/12/15 v1.4 Provide unlimited unique counter (HO)
)
Package uniquecounter Info: New unique counter `rerunfilecheck' on input line 2
84.
)
\Hy@SectionHShift=\skip57
)
(C:\Users\김금영\AppData\Local\Programs\MiKTeX\tex/latex/enumitem\enumitem.s
ty
Package: enumitem 2025/02/06 v3.11 Customized lists
\labelindent=\skip58
\enit@outerparindent=\dimen193
\enit@toks=\toks28
\enit@inbox=\box58
\enit@count@id=\count317
\enitdp@description=\count318
) (C:\Users\김금영\AppData\Local\Programs\MiKTeX\tex/latex/float\float.sty
Package: float 2001/11/08 v1.3d Float enhancements (AL)
\c@float@type=\count319
\float@exts=\toks29
\float@box=\box59
\@float@everytoks=\toks30
\@floatcapt=\box60
)
(C:\Users\김금영\AppData\Local\Programs\MiKTeX\tex/latex/pgf/frontendlayer\t
ikz.sty
(C:\Users\김금영\AppData\Local\Programs\MiKTeX\tex/latex/pgf/basiclayer\pgf.
sty
(C:\Users\김금영\AppData\Local\Programs\MiKTeX\tex/latex/pgf/utilities\pgfrc
s.sty
(C:\Users\김금영\AppData\Local\Programs\MiKTeX\tex/generic/pgf/utilities\pgf
util-common.tex
\pgfutil@everybye=\toks31
\pgfutil@tempdima=\dimen194
\pgfutil@tempdimb=\dimen195
)
(C:\Users\김금영\AppData\Local\Programs\MiKTeX\tex/generic/pgf/utilities\pgf
util-latex.def
\pgfutil@abb=\box61
)
(C:\Users\김금영\AppData\Local\Programs\MiKTeX\tex/generic/pgf/utilities\pgf
rcs.code.tex
(C:\Users\김금영\AppData\Local\Programs\MiKTeX\tex/generic/pgf\pgf.revision.
tex)
Package: pgfrcs 2025-08-29 v3.1.11a (3.1.11a)
))
Package: pgf 2025-08-29 v3.1.11a (3.1.11a)

(C:\Users\김금영\AppData\Local\Programs\MiKTeX\tex/latex/pgf/basiclayer\pgfc
ore.sty
(C:\Users\김금영\AppData\Local\Programs\MiKTeX\tex/latex/pgf/systemlayer\pgf
sys.sty
(C:\Users\김금영\AppData\Local\Programs\MiKTeX\tex/generic/pgf/systemlayer\p
gfsys.code.tex
Package: pgfsys 2025-08-29 v3.1.11a (3.1.11a)

(C:\Users\김금영\AppData\Local\Programs\MiKTeX\tex/generic/pgf/utilities\pgf
keys.code.tex
\pgfkeys@pathtoks=\toks32
\pgfkeys@temptoks=\toks33

(C:\Users\김금영\AppData\Local\Programs\MiKTeX\tex/generic/pgf/utilities\pgf
keyslibraryfiltered.code.tex
\pgfkeys@tmptoks=\toks34
))
\pgf@x=\dimen196
\pgf@y=\dimen197
\pgf@xa=\dimen198
\pgf@ya=\dimen199
\pgf@xb=\dimen256
\pgf@yb=\dimen257
\pgf@xc=\dimen258
\pgf@yc=\dimen259
\pgf@xd=\dimen260
\pgf@yd=\dimen261
\w@pgf@writea=\write3
\r@pgf@reada=\read2
\c@pgf@counta=\count320
\c@pgf@countb=\count321
\c@pgf@countc=\count322
\c@pgf@countd=\count323
\t@pgf@toka=\toks35
\t@pgf@tokb=\toks36
\t@pgf@tokc=\toks37
\pgf@sys@id@count=\count324

(C:\Users\김금영\AppData\Local\Programs\MiKTeX\tex/generic/pgf/systemlayer\p
gf.cfg
File: pgf.cfg 2025-08-29 v3.1.11a (3.1.11a)
)
Driver file for pgf: pgfsys-pdftex.def

(C:\Users\김금영\AppData\Local\Programs\MiKTeX\tex/generic/pgf/systemlayer\p
gfsys-pdftex.def
File: pgfsys-pdftex.def 2025-08-29 v3.1.11a (3.1.11a)

(C:\Users\김금영\AppData\Local\Programs\MiKTeX\tex/generic/pgf/systemlayer\p
gfsys-common-pdf.def
File: pgfsys-common-pdf.def 2025-08-29 v3.1.11a (3.1.11a)
)))
(C:\Users\김금영\AppData\Local\Programs\MiKTeX\tex/generic/pgf/systemlayer\p
gfsyssoftpath.code.tex
File: pgfsyssoftpath.code.tex 2025-08-29 v3.1.11a (3.1.11a)
\pgfsyssoftpath@smallbuffer@items=\count325
\pgfsyssoftpath@bigbuffer@items=\count326
)
(C:\Users\김금영\AppData\Local\Programs\MiKTeX\tex/generic/pgf/systemlayer\p
gfsysprotocol.code.tex
File: pgfsysprotocol.code.tex 2025-08-29 v3.1.11a (3.1.11a)
))
(C:\Users\김금영\AppData\Local\Programs\MiKTeX\tex/generic/pgf/basiclayer\pg
fcore.code.tex
Package: pgfcore 2025-08-29 v3.1.11a (3.1.11a)

(C:\Users\김금영\AppData\Local\Programs\MiKTeX\tex/generic/pgf/math\pgfmath.
code.tex
(C:\Users\김금영\AppData\Local\Programs\MiKTeX\tex/generic/pgf/math\pgfmathu
til.code.tex)
(C:\Users\김금영\AppData\Local\Programs\MiKTeX\tex/generic/pgf/math\pgfmathp
arser.code.tex
\pgfmath@dimen=\dimen262
\pgfmath@count=\count327
\pgfmath@box=\box62
\pgfmath@toks=\toks38
\pgfmath@stack@operand=\toks39
\pgfmath@stack@operation=\toks40
)
(C:\Users\김금영\AppData\Local\Programs\MiKTeX\tex/generic/pgf/math\pgfmathf
unctions.code.tex)
(C:\Users\김금영\AppData\Local\Programs\MiKTeX\tex/generic/pgf/math\pgfmathf
unctions.basic.code.tex)
(C:\Users\김금영\AppData\Local\Programs\MiKTeX\tex/generic/pgf/math\pgfmathf
unctions.trigonometric.code.tex)
(C:\Users\김금영\AppData\Local\Programs\MiKTeX\tex/generic/pgf/math\pgfmathf
unctions.random.code.tex)
(C:\Users\김금영\AppData\Local\Programs\MiKTeX\tex/generic/pgf/math\pgfmathf
unctions.comparison.code.tex)
(C:\Users\김금영\AppData\Local\Programs\MiKTeX\tex/generic/pgf/math\pgfmathf
unctions.base.code.tex)
(C:\Users\김금영\AppData\Local\Programs\MiKTeX\tex/generic/pgf/math\pgfmathf
unctions.round.code.tex)
(C:\Users\김금영\AppData\Local\Programs\MiKTeX\tex/generic/pgf/math\pgfmathf
unctions.misc.code.tex)
(C:\Users\김금영\AppData\Local\Programs\MiKTeX\tex/generic/pgf/math\pgfmathf
unctions.integerarithmetics.code.tex)
(C:\Users\김금영\AppData\Local\Programs\MiKTeX\tex/generic/pgf/math\pgfmathc
alc.code.tex)
(C:\Users\김금영\AppData\Local\Programs\MiKTeX\tex/generic/pgf/math\pgfmathf
loat.code.tex
\c@pgfmathroundto@lastzeros=\count328
))
(C:\Users\김금영\AppData\Local\Programs\MiKTeX\tex/generic/pgf/math\pgfint.c
ode.tex)
(C:\Users\김금영\AppData\Local\Programs\MiKTeX\tex/generic/pgf/basiclayer\pg
fcorepoints.code.tex
File: pgfcorepoints.code.tex 2025-08-29 v3.1.11a (3.1.11a)
\pgf@picminx=\dimen263
\pgf@picmaxx=\dimen264
\pgf@picminy=\dimen265
\pgf@picmaxy=\dimen266
\pgf@pathminx=\dimen267
\pgf@pathmaxx=\dimen268
\pgf@pathminy=\dimen269
\pgf@pathmaxy=\dimen270
\pgf@xx=\dimen271
\pgf@xy=\dimen272
\pgf@yx=\dimen273
\pgf@yy=\dimen274
\pgf@zx=\dimen275
\pgf@zy=\dimen276
)
(C:\Users\김금영\AppData\Local\Programs\MiKTeX\tex/generic/pgf/basiclayer\pg
fcorepathconstruct.code.tex
File: pgfcorepathconstruct.code.tex 2025-08-29 v3.1.11a (3.1.11a)
\pgf@path@lastx=\dimen277
\pgf@path@lasty=\dimen278
)
(C:\Users\김금영\AppData\Local\Programs\MiKTeX\tex/generic/pgf/basiclayer\pg
fcorepathusage.code.tex
File: pgfcorepathusage.code.tex 2025-08-29 v3.1.11a (3.1.11a)
\pgf@shorten@end@additional=\dimen279
\pgf@shorten@start@additional=\dimen280
)
(C:\Users\김금영\AppData\Local\Programs\MiKTeX\tex/generic/pgf/basiclayer\pg
fcorescopes.code.tex
File: pgfcorescopes.code.tex 2025-08-29 v3.1.11a (3.1.11a)
\pgfpic=\box63
\pgf@hbox=\box64
\pgf@layerbox@main=\box65
\pgf@picture@serial@count=\count329
)
(C:\Users\김금영\AppData\Local\Programs\MiKTeX\tex/generic/pgf/basiclayer\pg
fcoregraphicstate.code.tex
File: pgfcoregraphicstate.code.tex 2025-08-29 v3.1.11a (3.1.11a)
\pgflinewidth=\dimen281
)
(C:\Users\김금영\AppData\Local\Programs\MiKTeX\tex/generic/pgf/basiclayer\pg
fcoretransformations.code.tex
File: pgfcoretransformations.code.tex 2025-08-29 v3.1.11a (3.1.11a)
\pgf@pt@x=\dimen282
\pgf@pt@y=\dimen283
\pgf@pt@temp=\dimen284
)
(C:\Users\김금영\AppData\Local\Programs\MiKTeX\tex/generic/pgf/basiclayer\pg
fcorequick.code.tex
File: pgfcorequick.code.tex 2025-08-29 v3.1.11a (3.1.11a)
)
(C:\Users\김금영\AppData\Local\Programs\MiKTeX\tex/generic/pgf/basiclayer\pg
fcoreobjects.code.tex
File: pgfcoreobjects.code.tex 2025-08-29 v3.1.11a (3.1.11a)
)
(C:\Users\김금영\AppData\Local\Programs\MiKTeX\tex/generic/pgf/basiclayer\pg
fcorepathprocessing.code.tex
File: pgfcorepathprocessing.code.tex 2025-08-29 v3.1.11a (3.1.11a)
)
(C:\Users\김금영\AppData\Local\Programs\MiKTeX\tex/generic/pgf/basiclayer\pg
fcorearrows.code.tex
File: pgfcorearrows.code.tex 2025-08-29 v3.1.11a (3.1.11a)
\pgfarrowsep=\dimen285
)
(C:\Users\김금영\AppData\Local\Programs\MiKTeX\tex/generic/pgf/basiclayer\pg
fcoreshade.code.tex
File: pgfcoreshade.code.tex 2025-08-29 v3.1.11a (3.1.11a)
\pgf@max=\dimen286
\pgf@sys@shading@range@num=\count330
\pgf@shadingcount=\count331
)
(C:\Users\김금영\AppData\Local\Programs\MiKTeX\tex/generic/pgf/basiclayer\pg
fcoreimage.code.tex
File: pgfcoreimage.code.tex 2025-08-29 v3.1.11a (3.1.11a)
)
(C:\Users\김금영\AppData\Local\Programs\MiKTeX\tex/generic/pgf/basiclayer\pg
fcoreexternal.code.tex
File: pgfcoreexternal.code.tex 2025-08-29 v3.1.11a (3.1.11a)
\pgfexternal@startupbox=\box66
)
(C:\Users\김금영\AppData\Local\Programs\MiKTeX\tex/generic/pgf/basiclayer\pg
fcorelayers.code.tex
File: pgfcorelayers.code.tex 2025-08-29 v3.1.11a (3.1.11a)
)
(C:\Users\김금영\AppData\Local\Programs\MiKTeX\tex/generic/pgf/basiclayer\pg
fcoretransparency.code.tex
File: pgfcoretransparency.code.tex 2025-08-29 v3.1.11a (3.1.11a)
)
(C:\Users\김금영\AppData\Local\Programs\MiKTeX\tex/generic/pgf/basiclayer\pg
fcorepatterns.code.tex
File: pgfcorepatterns.code.tex 2025-08-29 v3.1.11a (3.1.11a)
)
(C:\Users\김금영\AppData\Local\Programs\MiKTeX\tex/generic/pgf/basiclayer\pg
fcorerdf.code.tex
File: pgfcorerdf.code.tex 2025-08-29 v3.1.11a (3.1.11a)
)))
(C:\Users\김금영\AppData\Local\Programs\MiKTeX\tex/generic/pgf/modules\pgfmo
duleshapes.code.tex
File: pgfmoduleshapes.code.tex 2025-08-29 v3.1.11a (3.1.11a)
\pgfnodeparttextbox=\box67
)
(C:\Users\김금영\AppData\Local\Programs\MiKTeX\tex/generic/pgf/modules\pgfmo
duleplot.code.tex
File: pgfmoduleplot.code.tex 2025-08-29 v3.1.11a (3.1.11a)
)
(C:\Users\김금영\AppData\Local\Programs\MiKTeX\tex/latex/pgf/compatibility\p
gfcomp-version-0-65.sty
Package: pgfcomp-version-0-65 2025-08-29 v3.1.11a (3.1.11a)
\pgf@nodesepstart=\dimen287
\pgf@nodesepend=\dimen288
)
(C:\Users\김금영\AppData\Local\Programs\MiKTeX\tex/latex/pgf/compatibility\p
gfcomp-version-1-18.sty
Package: pgfcomp-version-1-18 2025-08-29 v3.1.11a (3.1.11a)
))
(C:\Users\김금영\AppData\Local\Programs\MiKTeX\tex/latex/pgf/utilities\pgffo
r.sty
(C:\Users\김금영\AppData\Local\Programs\MiKTeX\tex/latex/pgf/utilities\pgfke
ys.sty
(C:\Users\김금영\AppData\Local\Programs\MiKTeX\tex/generic/pgf/utilities\pgf
keys.code.tex))
(C:\Users\김금영\AppData\Local\Programs\MiKTeX\tex/latex/pgf/math\pgfmath.st
y
(C:\Users\김금영\AppData\Local\Programs\MiKTeX\tex/generic/pgf/math\pgfmath.
code.tex))
(C:\Users\김금영\AppData\Local\Programs\MiKTeX\tex/generic/pgf/utilities\pgf
for.code.tex
Package: pgffor 2025-08-29 v3.1.11a (3.1.11a)
\pgffor@iter=\dimen289
\pgffor@skip=\dimen290
\pgffor@stack=\toks41
\pgffor@toks=\toks42
))
(C:\Users\김금영\AppData\Local\Programs\MiKTeX\tex/generic/pgf/frontendlayer
/tikz\tikz.code.tex
Package: tikz 2025-08-29 v3.1.11a (3.1.11a)

(C:\Users\김금영\AppData\Local\Programs\MiKTeX\tex/generic/pgf/libraries\pgf
libraryplothandlers.code.tex
File: pgflibraryplothandlers.code.tex 2025-08-29 v3.1.11a (3.1.11a)
\pgf@plot@mark@count=\count332
\pgfplotmarksize=\dimen291
)
\tikz@lastx=\dimen292
\tikz@lasty=\dimen293
\tikz@lastxsaved=\dimen294
\tikz@lastysaved=\dimen295
\tikz@lastmovetox=\dimen296
\tikz@lastmovetoy=\dimen297
\tikzleveldistance=\dimen298
\tikzsiblingdistance=\dimen299
\tikz@figbox=\box68
\tikz@figbox@bg=\box69
\tikz@tempbox=\box70
\tikz@tempbox@bg=\box71
\tikztreelevel=\count333
\tikznumberofchildren=\count334
\tikznumberofcurrentchild=\count335
\tikz@fig@count=\count336

(C:\Users\김금영\AppData\Local\Programs\MiKTeX\tex/generic/pgf/modules\pgfmo
dulematrix.code.tex
File: pgfmodulematrix.code.tex 2025-08-29 v3.1.11a (3.1.11a)
\pgfmatrixcurrentrow=\count337
\pgfmatrixcurrentcolumn=\count338
\pgf@matrix@numberofcolumns=\count339
)
\tikz@expandcount=\count340

(C:\Users\김금영\AppData\Local\Programs\MiKTeX\tex/generic/pgf/frontendlayer
/tikz/libraries\tikzlibrarytopaths.code.tex
File: tikzlibrarytopaths.code.tex 2025-08-29 v3.1.11a (3.1.11a)
)))
(C:\Users\김금영\AppData\Local\Programs\MiKTeX\tex/generic/pgf/libraries\pgf
libraryarrows.meta.code.tex
File: pgflibraryarrows.meta.code.tex 2025-08-29 v3.1.11a (3.1.11a)
\pgfarrowinset=\dimen300
\pgfarrowlength=\dimen301
\pgfarrowwidth=\dimen302
\pgfarrowlinewidth=\dimen303
)
(C:\Users\김금영\AppData\Local\Programs\MiKTeX\tex/generic/pgf/frontendlayer
/tikz/libraries\tikzlibrarypositioning.code.tex
File: tikzlibrarypositioning.code.tex 2025-08-29 v3.1.11a (3.1.11a)
)
LaTeX Font Info:    Trying to load font information for T1+ptm on input line 28
.

(C:\Users\김금영\AppData\Local\Programs\MiKTeX\tex/latex/psnfss\t1ptm.fd
File: t1ptm.fd 2001/06/04 font definitions for T1/ptm.
)
(C:\Users\김금영\AppData\Local\Programs\MiKTeX\tex/latex/l3backend\l3backend
-pdftex.def
File: l3backend-pdftex.def 2025-10-09 L3 backend support: PDF output (pdfTeX)
\l__color_backend_stack_int=\count341
) (paper_forecasting_workshop_v2.aux)
\openout1 = `paper_forecasting_workshop_v2.aux'.

LaTeX Font Info:    Checking defaults for OML/cmm/m/it on input line 28.
LaTeX Font Info:    ... okay on input line 28.
LaTeX Font Info:    Checking defaults for OMS/cmsy/m/n on input line 28.
LaTeX Font Info:    ... okay on input line 28.
LaTeX Font Info:    Checking defaults for OT1/cmr/m/n on input line 28.
LaTeX Font Info:    ... okay on input line 28.
LaTeX Font Info:    Checking defaults for T1/cmr/m/n on input line 28.
LaTeX Font Info:    ... okay on input line 28.
LaTeX Font Info:    Checking defaults for TS1/cmr/m/n on input line 28.
LaTeX Font Info:    ... okay on input line 28.
LaTeX Font Info:    Checking defaults for OMX/cmex/m/n on input line 28.
LaTeX Font Info:    ... okay on input line 28.
LaTeX Font Info:    Checking defaults for U/cmr/m/n on input line 28.
LaTeX Font Info:    ... okay on input line 28.
LaTeX Font Info:    Checking defaults for PD1/pdf/m/n on input line 28.
LaTeX Font Info:    ... okay on input line 28.
LaTeX Font Info:    Checking defaults for PU/pdf/m/n on input line 28.
LaTeX Font Info:    ... okay on input line 28.

*geometry* driver: auto-detecting
*geometry* detected driver: pdftex
*geometry* verbose mode - [ preamble ] result:
* driver: pdftex
* paper: a4paper
* layout: <same size as paper>
* layoutoffset:(h,v)=(0.0pt,0.0pt)
* modes: 
* h-part:(L,W,R)=(51.21495pt, 495.07797pt, 51.21495pt)
* v-part:(T,H,B)=(51.21495pt, 742.61694pt, 51.21495pt)
* \paperwidth=597.50787pt
* \paperheight=845.04684pt
* \textwidth=495.07797pt
* \textheight=742.61694pt
* \oddsidemargin=-21.05504pt
* \evensidemargin=-21.05504pt
* \topmargin=-58.05504pt
* \headheight=12.0pt
* \headsep=25.0pt
* \topskip=10.0pt
* \footskip=30.0pt
* \marginparwidth=4.0pt
* \marginparsep=10.0pt
* \columnsep=10.0pt
* \skip\footins=9.0pt plus 4.0pt minus 2.0pt
* \hoffset=0.0pt
* \voffset=0.0pt
* \mag=1000
* \@twocolumntrue
* \@twosidefalse
* \@mparswitchfalse
* \@reversemarginfalse
* (1in=72.27pt=25.4mm, 1cm=28.453pt)

LaTeX Info: Redefining \microtypecontext on input line 28.
Package microtype Info: Applying patch `item' on input line 28.
Package microtype Info: Applying patch `toc' on input line 28.
Package microtype Info: Applying patch `eqnum' on input line 28.
Package microtype Info: Applying patch `footnote' on input line 28.
Package microtype Info: Applying patch `verbatim' on input line 28.
LaTeX Info: Redefining \microtypesetup on input line 28.
Package microtype Info: Generating PDF output.
Package microtype Info: Character protrusion enabled (level 2).
Package microtype Info: Using default protrusion set `alltext'.
Package microtype Info: Automatic font expansion enabled (level 2),
(microtype)             stretch: 20, shrink: 20, step: 1, non-selected.
Package microtype Info: Using default expansion set `alltext-nott'.
Package microtype Info: Patching command `\showhyphens'.
Package microtype Info: No adjustment of tracking.
Package microtype Info: No adjustment of interword spacing.
Package microtype Info: No adjustment of character kerning.

(C:\Users\김금영\AppData\Local\Programs\MiKTeX\tex/latex/microtype\mt-ptm.cf
g
File: mt-ptm.cfg 2006/04/20 v1.7 microtype config. file: Times (RS)
)
(C:\Users\김금영\AppData\Local\Programs\MiKTeX\tex/context/base/mkii\supp-pd
f.mkii
[Loading MPS to PDF converter (version 2006.09.02).]
\scratchcounter=\count342
\scratchdimen=\dimen304
\scratchbox=\box72
\nofMPsegments=\count343
\nofMParguments=\count344
\everyMPshowfont=\toks43
\MPscratchCnt=\count345
\MPscratchDim=\dimen305
\MPnumerator=\count346
\makeMPintoPDFobject=\count347
\everyMPtoPDFconversion=\toks44
)
(C:\Users\김금영\AppData\Local\Programs\MiKTeX\tex/latex/epstopdf-pkg\epstop
df-base.sty
Package: epstopdf-base 2020-01-24 v2.11 Base part for package epstopdf
Package epstopdf-base Info: Redefining graphics rule for `.eps' on input line 4
85.

(C:\Users\김금영\AppData\Local\Programs\MiKTeX\tex/latex/00miktex\epstopdf-s
ys.cfg
File: epstopdf-sys.cfg 2021/03/18 v2.0 Configuration of epstopdf for MiKTeX
))
Package hyperref Info: Link coloring OFF on input line 28.
 (paper_forecasting_workshop_v2.out) (paper_forecasting_workshop_v2.out)
\@outlinefile=\write4
\openout4 = `paper_forecasting_workshop_v2.out'.


(C:\Users\김금영\AppData\Local\Programs\MiKTeX\tex/latex/microtype\mt-cmr.cf
g
File: mt-cmr.cfg 2013/05/19 v2.2 microtype config. file: Computer Modern Roman 
(RS)
)
LaTeX Font Info:    Trying to load font information for U+msa on input line 39.

 (C:\Users\김금영\AppData\Local\Programs\MiKTeX\tex/latex/amsfonts\umsa.fd
File: umsa.fd 2013/01/14 v3.01 AMS symbols A
)
(C:\Users\김금영\AppData\Local\Programs\MiKTeX\tex/latex/microtype\mt-msa.cf
g
File: mt-msa.cfg 2006/02/04 v1.1 microtype config. file: AMS symbols (a) (RS)
)
LaTeX Font Info:    Trying to load font information for U+msb on input line 39.

 (C:\Users\김금영\AppData\Local\Programs\MiKTeX\tex/latex/amsfonts\umsb.fd
File: umsb.fd 2013/01/14 v3.01 AMS symbols B
)
(C:\Users\김금영\AppData\Local\Programs\MiKTeX\tex/latex/microtype\mt-msb.cf
g
File: mt-msb.cfg 2005/06/01 v1.0 microtype config. file: AMS symbols (b) (RS)
)
LaTeX Font Info:    Trying to load font information for TS1+ptm on input line 5
0.
 (C:\Users\김금영\AppData\Local\Programs\MiKTeX\tex/latex/psnfss\ts1ptm.fd
File: ts1ptm.fd 2001/06/04 font definitions for TS1/ptm.
) [1{C:/Users/김금영/AppData/Local/MiKTeX/fonts/map/pdftex/pdftex.map}{C:/Us
ers/김금영/AppData/Local/Programs/MiKTeX/fonts/enc/dvips/base/8r.enc}



pdfTeX warning (ext4): destination with the same identifier (name{figure.1}) ha
s been already used, duplicate ignored
<argument> ...shipout:D \box_use:N \l_shipout_box 
                                                  \__shipout_drop_firstpage_...
l.93 
     ]
<assets/figures/fig_q2_winner_inversion_heatmap_v2.pdf, id=88, 273.11636pt x 12
3.29663pt>
File: assets/figures/fig_q2_winner_inversion_heatmap_v2.pdf Graphic file (type 
pdf)
<use assets/figures/fig_q2_winner_inversion_heatmap_v2.pdf>
Package pdftex.def Info: assets/figures/fig_q2_winner_inversion_heatmap_v2.pdf 
 used on input line 102.
(pdftex.def)             Requested size: 242.53899pt x 109.49472pt.
 (results/table_q2_selection_drift_event_micro_main.tex)
(results/table_q2_corroboration_compact.tex) [2
pdfTeX warning (ext4): destination with the same identifier (name{figure.2}) ha
s been already used, duplicate ignored
<argument> ...shipout:D \box_use:N \l_shipout_box 
                                                  \__shipout_drop_firstpage_...
l.140 
      
pdfTeX warning (ext4): destination with the same identifier (name{table.1}) has
 been already used, duplicate ignored
<argument> ...shipout:D \box_use:N \l_shipout_box 
                                                  \__shipout_drop_firstpage_...
l.140 
      
pdfTeX warning (ext4): destination with the same identifier (name{table.2}) has
 been already used, duplicate ignored
<argument> ...shipout:D \box_use:N \l_shipout_box 
                                                  \__shipout_drop_firstpage_...
l.140 
       <./assets/figures/fig_q2_winner_inversion_heatmap_v2.pdf>]
(results/table_evidence_map_v3.tex)
<assets/figures/fig_q1_results_v2.pdf, id=135, 499.867pt x 196.33302pt>
File: assets/figures/fig_q1_results_v2.pdf Graphic file (type pdf)
<use assets/figures/fig_q1_results_v2.pdf>
Package pdftex.def Info: assets/figures/fig_q1_results_v2.pdf  used on input li
ne 198.
(pdftex.def)             Requested size: 242.53899pt x 95.26334pt.

Underfull \vbox (badness 2181) has occurred while \output is active []


(results/table_step5_same_interface_summary.tex)
(results/table_q2_recurrence_tests.tex) (results/table_q2_gap_bootstrap_cis.tex
)
<assets/figures/fig_q2_uncertainty_appendix.pdf, id=140, 531.57005pt x 203.5600
1pt>
File: assets/figures/fig_q2_uncertainty_appendix.pdf Graphic file (type pdf)
<use assets/figures/fig_q2_uncertainty_appendix.pdf>
Package pdftex.def Info: assets/figures/fig_q2_uncertainty_appendix.pdf  used o
n input line 236.
(pdftex.def)             Requested size: 242.53899pt x 92.87773pt.

Underfull \vbox (badness 10000) has occurred while \output is active []

 [3
pdfTeX warning (ext4): destination with the same identifier (name{table.A1}) ha
s been already used, duplicate ignored
<argument> ...shipout:D \box_use:N \l_shipout_box 
                                                  \__shipout_drop_firstpage_...
l.240 
      
pdfTeX warning (ext4): destination with the same identifier (name{figure.A1}) h
as been already used, duplicate ignored
<argument> ...shipout:D \box_use:N \l_shipout_box 
                                                  \__shipout_drop_firstpage_...
l.240 
      
pdfTeX warning (ext4): destination with the same identifier (name{table.A3}) ha
s been already used, duplicate ignored
<argument> ...shipout:D \box_use:N \l_shipout_box 
                                                  \__shipout_drop_firstpage_...
l.240 
      
pdfTeX warning (ext4): destination with the same identifier (name{table.A4}) ha
s been already used, duplicate ignored
<argument> ...shipout:D \box_use:N \l_shipout_box 
                                                  \__shipout_drop_firstpage_...
l.240 
       <./assets/figures/fig_q1_results_v2.pdf>]
<assets/figures/fig_q2_seed_recurrence_appendix.pdf, id=203, 528.75975pt x 196.
33302pt>
File: assets/figures/fig_q2_seed_recurrence_appendix.pdf Graphic file (type pdf
)
<use assets/figures/fig_q2_seed_recurrence_appendix.pdf>
Package pdftex.def Info: assets/figures/fig_q2_seed_recurrence_appendix.pdf  us
ed on input line 243.
(pdftex.def)             Requested size: 242.53899pt x 90.05664pt.

(results/table_q2_selection_drift_event_micro.tex)
Underfull \vbox (badness 10000) has occurred while \output is active []

<assets/figures/fig_q2_event_micro_support.pdf, id=204, 246.92203pt x 181.87903
pt>
File: assets/figures/fig_q2_event_micro_support.pdf Graphic file (type pdf)
<use assets/figures/fig_q2_event_micro_support.pdf>
Package pdftex.def Info: assets/figures/fig_q2_event_micro_support.pdf  used on
 input line 263.
(pdftex.def)             Requested size: 242.53899pt x 178.65927pt.

(results/table_q2_selection_drift_event_micro_threshold_robustness.tex)
(results/table_q2_selection_drift_event_micro_logloss.tex)
(results/table_q2_selection_drift_event_micro_hysteresis_robustness.tex)
[4
pdfTeX warning (ext4): destination with the same identifier (name{table.A2}) ha
s been already used, duplicate ignored
<argument> ...shipout:D \box_use:N \l_shipout_box 
                                                  \__shipout_drop_firstpage_...
l.291 
      
pdfTeX warning (ext4): destination with the same identifier (name{figure.A2}) h
as been already used, duplicate ignored
<argument> ...shipout:D \box_use:N \l_shipout_box 
                                                  \__shipout_drop_firstpage_...
l.291 
      
pdfTeX warning (ext4): destination with the same identifier (name{figure.A3}) h
as been already used, duplicate ignored
<argument> ...shipout:D \box_use:N \l_shipout_box 
                                                  \__shipout_drop_firstpage_...
l.291 
      
pdfTeX warning (ext4): destination with the same identifier (name{table.A5}) ha
s been already used, duplicate ignored
<argument> ...shipout:D \box_use:N \l_shipout_box 
                                                  \__shipout_drop_firstpage_...
l.291 
      
pdfTeX warning (ext4): destination with the same identifier (name{figure.A4}) h
as been already used, duplicate ignored
<argument> ...shipout:D \box_use:N \l_shipout_box 
                                                  \__shipout_drop_firstpage_...
l.291 
      
pdfTeX warning (ext4): destination with the same identifier (name{table.A6}) ha
s been already used, duplicate ignored
<argument> ...shipout:D \box_use:N \l_shipout_box 
                                                  \__shipout_drop_firstpage_...
l.291 
      
pdfTeX warning (ext4): destination with the same identifier (name{table.A7}) ha
s been already used, duplicate ignored
<argument> ...shipout:D \box_use:N \l_shipout_box 
                                                  \__shipout_drop_firstpage_...
l.291 
       <./assets/figures/fig_q2_uncertainty_appendix.pdf> <./assets/figures/fig
_q2_seed_recurrence_appendix.pdf> <./assets/figures/fig_q2_event_micro_support.
pdf>] (results/table_event_micro_interface_recurrence_tests.tex)
(results/table_event_micro_interface_gap_bootstrap_cis.tex)
<assets/figures/fig_event_micro_interface_uncertainty_appendix.pdf, id=340, 556
.94145pt x 355.32701pt>
File: assets/figures/fig_event_micro_interface_uncertainty_appendix.pdf Graphic
 file (type pdf)
<use assets/figures/fig_event_micro_interface_uncertainty_appendix.pdf>
Package pdftex.def Info: assets/figures/fig_event_micro_interface_uncertainty_a
ppendix.pdf  used on input line 317.
(pdftex.def)             Requested size: 242.53899pt x 154.73949pt.
<assets/figures/fig_event_micro_interface_seed_recurrence_appendix.pdf, id=341,
 514.26785pt x 210.78702pt>
File: assets/figures/fig_event_micro_interface_seed_recurrence_appendix.pdf Gra
phic file (type pdf)
<use assets/figures/fig_event_micro_interface_seed_recurrence_appendix.pdf>
Package pdftex.def Info: assets/figures/fig_event_micro_interface_seed_recurren
ce_appendix.pdf  used on input line 324.
(pdftex.def)             Requested size: 242.53899pt x 99.41084pt.

Underfull \vbox (badness 10000) has occurred while \output is active []


Underfull \hbox (badness 1082) in paragraph at lines 329--329
[]\T1/ptm/b/n/14.4 (+20) Traffic-Hourly Forecasting-Native
 []

(results/table_q2_selection_drift_traffic_topk_main.tex)
(results/table_q2_selection_drift_traffic_relative_rank_support.tex)
Underfull \hbox (badness 1558) in paragraph at lines 350--350
[]\T1/ptm/m/n/10 (+20) Table A12: []Relative-rank Traf-fic re-design re-tained 
as
 []


Underfull \vbox (badness 3482) has occurred while \output is active []

 [5
pdfTeX warning (ext4): destination with the same identifier (name{table.A8}) ha
s been already used, duplicate ignored
<argument> ...shipout:D \box_use:N \l_shipout_box 
                                                  \__shipout_drop_firstpage_...
l.360 
      
pdfTeX warning (ext4): destination with the same identifier (name{table.A9}) ha
s been already used, duplicate ignored
<argument> ...shipout:D \box_use:N \l_shipout_box 
                                                  \__shipout_drop_firstpage_...
l.360 
      
pdfTeX warning (ext4): destination with the same identifier (name{table.A10}) h
as been already used, duplicate ignored
<argument> ...shipout:D \box_use:N \l_shipout_box 
                                                  \__shipout_drop_firstpage_...
l.360 
      
pdfTeX warning (ext4): destination with the same identifier (name{figure.A5}) h
as been already used, duplicate ignored
<argument> ...shipout:D \box_use:N \l_shipout_box 
                                                  \__shipout_drop_firstpage_...
l.360 
      
pdfTeX warning (ext4): destination with the same identifier (name{figure.A6}) h
as been already used, duplicate ignored
<argument> ...shipout:D \box_use:N \l_shipout_box 
                                                  \__shipout_drop_firstpage_...
l.360 
      
pdfTeX warning (ext4): destination with the same identifier (name{table.A11}) h
as been already used, duplicate ignored
<argument> ...shipout:D \box_use:N \l_shipout_box 
                                                  \__shipout_drop_firstpage_...
l.360 
      
pdfTeX warning (ext4): destination with the same identifier (name{table.A12}) h
as been already used, duplicate ignored
<argument> ...shipout:D \box_use:N \l_shipout_box 
                                                  \__shipout_drop_firstpage_...
l.360 
       <./assets/figures/fig_event_micro_interface_uncertainty_appendix.pdf> <.
/assets/figures/fig_event_micro_interface_seed_recurrence_appendix.pdf>]
(results/table_q2_selection_drift_inventory.tex)
(results/table_load_following_support_summary.tex)
(results/table_q2_stronger_baseline_protocol.tex)
(results/table_q2_stronger_baseline_selection.tex)
(results/table_q2_stronger_baseline_robustness.tex) [6
pdfTeX warning (ext4): destination with the same identifier (name{table.A13}) h
as been already used, duplicate ignored
<argument> ...shipout:D \box_use:N \l_shipout_box 
                                                  \__shipout_drop_firstpage_...
l.429 \end{document}
                    
pdfTeX warning (ext4): destination with the same identifier (name{table.A14}) h
as been already used, duplicate ignored
<argument> ...shipout:D \box_use:N \l_shipout_box 
                                                  \__shipout_drop_firstpage_...
l.429 \end{document}
                    
pdfTeX warning (ext4): destination with the same identifier (name{table.A17}) h
as been already used, duplicate ignored
<argument> ...shipout:D \box_use:N \l_shipout_box 
                                                  \__shipout_drop_firstpage_...
l.429 \end{document}
                    ] [7
pdfTeX warning (ext4): destination with the same identifier (name{table.A15}) h
as been already used, duplicate ignored
<argument> ...shipout:D \box_use:N \l_shipout_box 
                                                  \__shipout_drop_firstpage_...
l.429 \end{document}
                    
pdfTeX warning (ext4): destination with the same identifier (name{table.A16}) h
as been already used, duplicate ignored
<argument> ...shipout:D \box_use:N \l_shipout_box 
                                                  \__shipout_drop_firstpage_...
l.429 \end{document}
                    ] (paper_forecasting_workshop_v2.aux)
 ***********
LaTeX2e <2025-11-01>
L3 programming layer <2025-12-24>
 ***********
Package rerunfilecheck Info: File `paper_forecasting_workshop_v2.out' has not c
hanged.
(rerunfilecheck)             Checksum: 52E6E15C4A4C2300C3CBE7AEF7C2CCF7;3883.
 ) 
Here is how much of TeX's memory you used:
 24462 strings out of 467871
 460151 string characters out of 5416441
 905165 words of memory out of 5000000
 52569 multiletter control sequences out of 15000+600000
 682572 words of font info for 257 fonts, out of 8000000 for 9000
 1141 hyphenation exceptions out of 8191
 84i,10n,94p,1112b,821s stack positions out of 10000i,1000n,20000p,200000b,200000s
<C:/Users/김금영/AppData/Local/Programs/MiKTeX/fonts/type1/public/amsfonts
/cm/cmmi10.pfb><C:/Users/김금영/AppData/Local/Programs/MiKTeX/fonts/type1/pu
blic/amsfonts/cm/cmr10.pfb><C:/Users/김금영/AppData/Local/Programs/MiKTeX/fo
nts/type1/public/amsfonts/cm/cmr7.pfb><C:/Users/김금영/AppData/Local/Program
s/MiKTeX/fonts/type1/public/amsfonts/cm/cmsy10.pfb><C:/Users/김금영/AppData/
Local/Programs/MiKTeX/fonts/type1/public/amsfonts/cm/cmsy7.pfb><C:/Users/김금
영/AppData/Local/Programs/MiKTeX/fonts/type1/urw/helvetic/uhvb8a.pfb><C:/Users
/김금영/AppData/Local/Programs/MiKTeX/fonts/type1/urw/helvetic/uhvr8a.pfb><C
:/Users/김금영/AppData/Local/Programs/MiKTeX/fonts/type1/urw/times/utmb8a.pf
b><C:/Users/김금영/AppData/Local/Programs/MiKTeX/fonts/type1/urw/times/utmr8
a.pfb><C:/Users/김금영/AppData/Local/Programs/MiKTeX/fonts/type1/urw/times/u
tmri8a.pfb>
Output written on paper_forecasting_workshop_v2.pdf (7 pages, 261978 bytes).
PDF statistics:
 494 PDF objects out of 1000 (max. 8388607)
 61 named destinations out of 1000 (max. 500000)
 57024 words of extra memory for PDF output out of 61914 (max. 10000000)

