[EVALFIX-START] split=split_b seeds=0 1 2 run_root=/workspace/execution-aware-portfolio-rl/paper/forecasting_workshop/generalization/multi_split_compact_v1/splits/split_b
[INFO] phase=control_eta_validation_first
[INFO] current_config=/workspace/execution-aware-portfolio-rl/paper/forecasting_workshop/generalization/multi_split_compact_v1/prepared/configs/split_b/current_config.yaml
[INFO] seeds=0 1 2
[INFO] etas=1.0 0.5 0.2 0.1 0.082 0.05 0.02
[INFO] kappas=0.0 0.0005 0.001
[INFO] validation_window=2018-01-01~2019-12-31
[INFO] final_window=2020-01-01~2021-12-31
[INFO] run_root=/workspace/execution-aware-portfolio-rl/paper/forecasting_workshop/generalization/multi_split_compact_v1/splits/split_b
[INFO] python_cmd=/workspace/execution-aware-portfolio-rl/.venv/bin/python
[INFO] final_mode=selected_plus_baseline
[STEP-START] materialize_validation_and_final_configs :: 2026-04-14T16:41:21Z
{
  "generated_at": "20260414T164121Z",
  "current_config": "/workspace/execution-aware-portfolio-rl/paper/forecasting_workshop/generalization/multi_split_compact_v1/prepared/configs/split_b/current_config.yaml",
  "snapshot_config_out": "/workspace/execution-aware-portfolio-rl/paper/forecasting_workshop/generalization/multi_split_compact_v1/splits/split_b/configs/snapshot_control.yaml",
  "signal_snapshot_out": "/workspace/execution-aware-portfolio-rl/paper/forecasting_workshop/generalization/multi_split_compact_v1/splits/split_b/configs/selected_signals_snapshot.json",
  "validation_config_out": "/workspace/execution-aware-portfolio-rl/paper/forecasting_workshop/generalization/multi_split_compact_v1/splits/split_b/configs/validation_eta.yaml",
  "final_config_out": "/workspace/execution-aware-portfolio-rl/paper/forecasting_workshop/generalization/multi_split_compact_v1/splits/split_b/configs/final_eta.yaml",
  "forward_config_out": "",
  "processed_dir": "data/processed_u27",
  "returns_path": "data/processed_u27/returns.parquet",
  "cache_max_date": "2026-03-20",
  "validation_start": "2018-01-01",
  "validation_end": "2019-12-31",
  "final_start": "2020-01-01",
  "final_end": "2021-12-31",
  "forward_start": "2026-01-01",
  "selected_signals": [
    "reversal_5d",
    "short_term_reversal"
  ],
  "sac_total_timesteps": 25000,
  "train_output_root": "/workspace/execution-aware-portfolio-rl/paper/forecasting_workshop/generalization/multi_split_compact_v1/splits/split_b/train_control",
  "validation_output_root": "/workspace/execution-aware-portfolio-rl/paper/forecasting_workshop/generalization/multi_split_compact_v1/splits/split_b/validation_eta",
  "final_output_root": "/workspace/execution-aware-portfolio-rl/paper/forecasting_workshop/generalization/multi_split_compact_v1/splits/split_b/final_eta",
  "forward_output_root": null
}
[STEP-END] materialize_validation_and_final_configs rc=0 :: 2026-04-14T16:41:22Z
[INFO] skip training phase (RUN_TRAIN=0)
[STEP-START] validation_eta_frontier :: 2026-04-14T16:41:22Z
INFO:__main__:Using metadata config for model compatibility: /workspace/execution-aware-portfolio-rl/paper/forecasting_workshop/generalization/multi_split_compact_v1/splits/split_b/configs/snapshot_control.yaml
INFO:prl.data:Loading processed cache from data/processed_u27
STEP6_SANITY_METRICS {"avg_turnover_exec_eta02": 0.0005325281565495219, "avg_turnover_exec_eta1": 0.020432808777796924, "test2_ratio": 0.026062405924739407}
STEP6 SANITY PASSED
[STEP-END] validation_eta_frontier rc=0 :: 2026-04-14T16:42:26Z
[STEP-START] validation_eta_reports :: 2026-04-14T16:42:26Z
[STEP-END] validation_eta_reports rc=0 :: 2026-04-14T16:42:28Z
[STEP-START] select_validation_eta :: 2026-04-14T16:42:28Z
SELECTED_ETA=1.0
[STEP-END] select_validation_eta rc=0 :: 2026-04-14T16:42:28Z
[INFO] selected_eta=1.0
[STEP-START] final_eta_eval :: 2026-04-14T16:42:28Z
INFO:__main__:Using metadata config for model compatibility: /workspace/execution-aware-portfolio-rl/paper/forecasting_workshop/generalization/multi_split_compact_v1/splits/split_b/configs/snapshot_control.yaml
INFO:prl.data:Loading processed cache from data/processed_u27
STEP6_SANITY_METRICS {"avg_turnover_exec_eta02": 0.0005325281565495219, "avg_turnover_exec_eta1": 0.020432808777796924, "test2_ratio": 0.026062405924739407}
STEP6 SANITY PASSED
[STEP-END] final_eta_eval rc=0 :: 2026-04-14T16:42:52Z
[STEP-START] final_eta_reports :: 2026-04-14T16:42:52Z
[STEP-END] final_eta_reports rc=0 :: 2026-04-14T16:42:53Z
[INFO] external_baseline_window=2020-02-14~2021-12-31
[STEP-START] external_heuristic_baselines :: 2026-04-14T16:42:54Z
WROTE_METRICS=/workspace/execution-aware-portfolio-rl/paper/forecasting_workshop/generalization/multi_split_compact_v1/splits/split_b/external_baselines/metrics.csv
WROTE_AGGREGATE=/workspace/execution-aware-portfolio-rl/paper/forecasting_workshop/generalization/multi_split_compact_v1/splits/split_b/external_baselines/aggregate.csv
[STEP-END] external_heuristic_baselines rc=0 :: 2026-04-14T16:42:58Z
[STEP-START] build_selected_eta_stats :: 2026-04-14T16:42:58Z
WROTE_STATS=/workspace/execution-aware-portfolio-rl/paper/forecasting_workshop/generalization/multi_split_compact_v1/splits/split_b/paper_pack/stats/selected_eta_vs_eta1_stats.csv
WROTE_SEEDWISE=/workspace/execution-aware-portfolio-rl/paper/forecasting_workshop/generalization/multi_split_compact_v1/splits/split_b/paper_pack/stats/selected_eta_seedwise_deltas.csv
[STEP-END] build_selected_eta_stats rc=0 :: 2026-04-14T16:43:00Z
[STEP-START] build_misalignment_v2 :: 2026-04-14T16:43:00Z
WROTE_DIAGNOSTIC=/workspace/execution-aware-portfolio-rl/paper/forecasting_workshop/generalization/multi_split_compact_v1/splits/split_b/paper_pack/diagnostics/diagnostic_selected_eta_v2.csv
WROTE_SEEDWISE=/workspace/execution-aware-portfolio-rl/paper/forecasting_workshop/generalization/multi_split_compact_v1/splits/split_b/paper_pack/diagnostics/diagnostic_selected_eta_v2_seedwise.csv
WROTE_REPRESENTATIVE=/workspace/execution-aware-portfolio-rl/paper/forecasting_workshop/generalization/multi_split_compact_v1/splits/split_b/paper_pack/diagnostics/representative_seed_metrics.json
[STEP-END] build_misalignment_v2 rc=0 :: 2026-04-14T16:43:01Z
[STEP-START] build_validation_first_tables :: 2026-04-14T16:43:01Z
WROTE_TABLES=/workspace/execution-aware-portfolio-rl/paper/forecasting_workshop/generalization/multi_split_compact_v1/splits/split_b/paper_pack/tables
[STEP-END] build_validation_first_tables rc=0 :: 2026-04-14T16:43:02Z
[STEP-START] build_paper_figures :: 2026-04-14T16:43:02Z
WROTE_FIGURE=/workspace/execution-aware-portfolio-rl/paper/forecasting_workshop/generalization/multi_split_compact_v1/splits/split_b/paper_pack/figures/fig_selected_trace.png
WROTE_FIGURE=/workspace/execution-aware-portfolio-rl/paper/forecasting_workshop/generalization/multi_split_compact_v1/splits/split_b/paper_pack/figures/fig_validation_frontier.png
WROTE_FIGURE=/workspace/execution-aware-portfolio-rl/paper/forecasting_workshop/generalization/multi_split_compact_v1/splits/split_b/paper_pack/figures/fig_seed_scatter.png
[STEP-END] build_paper_figures rc=0 :: 2026-04-14T16:43:04Z
[STEP-START] check_validation_first_outputs :: 2026-04-14T16:43:05Z
WROTE_MD=/workspace/execution-aware-portfolio-rl/paper/forecasting_workshop/generalization/multi_split_compact_v1/splits/split_b/checklists/control_eta_validation_first.md
WROTE_JSON=/workspace/execution-aware-portfolio-rl/paper/forecasting_workshop/generalization/multi_split_compact_v1/splits/split_b/checklists/control_eta_validation_first.json
[STEP-END] check_validation_first_outputs rc=0 :: 2026-04-14T16:43:05Z
[DONE] phase=control_eta_validation_first complete
[DONE] master_log=/workspace/execution-aware-portfolio-rl/paper/forecasting_workshop/generalization/multi_split_compact_v1/splits/split_b/logs/master.log
[DONE] run_root=/workspace/execution-aware-portfolio-rl/paper/forecasting_workshop/generalization/multi_split_compact_v1/splits/split_b
[EVALFIX-END] split=split_b
