[BUCKET-START] split=split_b seeds=0 1 2 finalizer=1
[TRAIN-START] split=split_b seed=0
INFO:prl.data:Loading processed cache from data/processed_u27
Using cuda device
INFO:prl.prl:PRL mid_plasticity_multiplier applied: multiplier=0.700 mid_fraction=0.086
--------------------------------------------
| time/                         |          |
|    episodes                   | 4        |
|    fps                        | 41       |
|    time_elapsed               | 188      |
|    total_timesteps            | 7812     |
| train/                        |          |
|    actor_loss                 | -87.4    |
|    actor_loss_base            | -109     |
|    alpha_clamped_mean         | 0.216    |
|    alpha_next_mean            | 0.216    |
|    alpha_obs_max              | 0.376    |
|    alpha_obs_mean             | 0.216    |
|    alpha_obs_min              | 0.177    |
|    alpha_obs_p05              | 0.179    |
|    alpha_obs_p50              | 0.194    |
|    alpha_obs_p95              | 0.356    |
|    alpha_obs_std              | 0.0538   |
|    alpha_raw_max              | 0.376    |
|    alpha_raw_mean             | 0.216    |
|    alpha_raw_min              | 0.177    |
|    alpha_raw_p05              | 0.179    |
|    alpha_raw_p50              | 0.194    |
|    alpha_raw_p95              | 0.356    |
|    alpha_raw_std              | 0.0538   |
|    beta_effective_mean        | 0.884    |
|    critic_loss                | 0.829    |
|    cvar_penalty_raw_mean      | 1.56     |
|    cvar_penalty_weighted_mean | 0.467    |
|    emergency_rate             | 0        |
|    entropy_loss               | -3.55    |
|    penalty_ratio              | 0.2      |
|    prl_prob_max               | 0.999    |
|    prl_prob_mean              | 0.2      |
|    prl_prob_min               | 0.0056   |
|    prl_prob_p05               | 0.0127   |
|    prl_prob_p50               | 0.0739   |
|    prl_prob_p95               | 0.899    |
|    prl_prob_std               | 0.27     |
|    var_penalty_raw_mean       | 437      |
|    var_penalty_weighted_mean  | 131      |
|    vz_max                     | 4.27     |
|    vz_mean                    | 0.00697  |
|    vz_min                     | -1.59    |
|    vz_p05                     | -1.18    |
|    vz_p50                     | -0.264   |
|    vz_p95                     | 2.09     |
|    vz_std                     | 1.07     |
--------------------------------------------
--------------------------------------------
| time/                         |          |
|    episodes                   | 8        |
|    fps                        | 41       |
|    time_elapsed               | 374      |
|    total_timesteps            | 15624    |
| train/                        |          |
|    actor_loss                 | -153     |
|    actor_loss_base            | -192     |
|    alpha_clamped_mean         | 0.213    |
|    alpha_next_mean            | 0.213    |
|    alpha_obs_max              | 0.376    |
|    alpha_obs_mean             | 0.213    |
|    alpha_obs_min              | 0.177    |
|    alpha_obs_p05              | 0.178    |
|    alpha_obs_p50              | 0.194    |
|    alpha_obs_p95              | 0.357    |
|    alpha_obs_std              | 0.0514   |
|    alpha_raw_max              | 0.376    |
|    alpha_raw_mean             | 0.213    |
|    alpha_raw_min              | 0.177    |
|    alpha_raw_p05              | 0.178    |
|    alpha_raw_p50              | 0.194    |
|    alpha_raw_p95              | 0.357    |
|    alpha_raw_std              | 0.0514   |
|    beta_effective_mean        | 0.866    |
|    critic_loss                | 0.241    |
|    cvar_penalty_raw_mean      | 1.87     |
|    cvar_penalty_weighted_mean | 0.562    |
|    emergency_rate             | 0        |
|    entropy_loss               | -3.79    |
|    penalty_ratio              | 0.2      |
|    prl_prob_max               | 0.998    |
|    prl_prob_mean              | 0.184    |
|    prl_prob_min               | 0.00489  |
|    prl_prob_p05               | 0.0108   |
|    prl_prob_p50               | 0.0778   |
|    prl_prob_p95               | 0.902    |
|    prl_prob_std               | 0.259    |
|    var_penalty_raw_mean       | 1.57e+03 |
|    var_penalty_weighted_mean  | 472      |
|    vz_max                     | 4.03     |
|    vz_mean                    | -0.0589  |
|    vz_min                     | -1.66    |
|    vz_p05                     | -1.26    |
|    vz_p50                     | -0.236   |
|    vz_p95                     | 2.11     |
|    vz_std                     | 0.966    |
--------------------------------------------
--------------------------------------------
| time/                         |          |
|    episodes                   | 12       |
|    fps                        | 41       |
|    time_elapsed               | 563      |
|    total_timesteps            | 23436    |
| train/                        |          |
|    actor_loss                 | -200     |
|    actor_loss_base            | -250     |
|    alpha_clamped_mean         | 0.213    |
|    alpha_next_mean            | 0.213    |
|    alpha_obs_max              | 0.376    |
|    alpha_obs_mean             | 0.213    |
|    alpha_obs_min              | 0.177    |
|    alpha_obs_p05              | 0.179    |
|    alpha_obs_p50              | 0.194    |
|    alpha_obs_p95              | 0.358    |
|    alpha_obs_std              | 0.0513   |
|    alpha_raw_max              | 0.376    |
|    alpha_raw_mean             | 0.213    |
|    alpha_raw_min              | 0.177    |
|    alpha_raw_p05              | 0.179    |
|    alpha_raw_p50              | 0.194    |
|    alpha_raw_p95              | 0.358    |
|    alpha_raw_std              | 0.0513   |
|    beta_effective_mean        | 0.849    |
|    critic_loss                | 0.112    |
|    cvar_penalty_raw_mean      | 5.56     |
|    cvar_penalty_weighted_mean | 1.67     |
|    emergency_rate             | 0        |
|    entropy_loss               | -3.93    |
|    penalty_ratio              | 0.2      |
|    prl_prob_max               | 0.999    |
|    prl_prob_mean              | 0.186    |
|    prl_prob_min               | 0.0056   |
|    prl_prob_p05               | 0.0144   |
|    prl_prob_p50               | 0.0781   |
|    prl_prob_p95               | 0.909    |
|    prl_prob_std               | 0.258    |
|    var_penalty_raw_mean       | 2.86e+03 |
|    var_penalty_weighted_mean  | 859      |
|    vz_max                     | 4.31     |
|    vz_mean                    | -0.0231  |
|    vz_min                     | -1.59    |
|    vz_p05                     | -1.11    |
|    vz_p50                     | -0.234   |
|    vz_p95                     | 2.15     |
|    vz_std                     | 0.946    |
--------------------------------------------
--------------------------------------------
| time/                         |          |
|    episodes                   | 16       |
|    fps                        | 41       |
|    time_elapsed               | 752      |
|    total_timesteps            | 31248    |
| train/                        |          |
|    actor_loss                 | -227     |
|    actor_loss_base            | -284     |
|    alpha_clamped_mean         | 0.208    |
|    alpha_next_mean            | 0.208    |
|    alpha_obs_max              | 0.376    |
|    alpha_obs_mean             | 0.208    |
|    alpha_obs_min              | 0.178    |
|    alpha_obs_p05              | 0.179    |
|    alpha_obs_p50              | 0.192    |
|    alpha_obs_p95              | 0.335    |
|    alpha_obs_std              | 0.0453   |
|    alpha_raw_max              | 0.376    |
|    alpha_raw_mean             | 0.208    |
|    alpha_raw_min              | 0.178    |
|    alpha_raw_p05              | 0.179    |
|    alpha_raw_p50              | 0.192    |
|    alpha_raw_p95              | 0.335    |
|    alpha_raw_std              | 0.0453   |
|    beta_effective_mean        | 0.851    |
|    critic_loss                | 0.0959   |
|    cvar_penalty_raw_mean      | 8.77     |
|    cvar_penalty_weighted_mean | 2.63     |
|    emergency_rate             | 0        |
|    entropy_loss               | -3.85    |
|    penalty_ratio              | 0.2      |
|    prl_prob_max               | 0.999    |
|    prl_prob_mean              | 0.159    |
|    prl_prob_min               | 0.007    |
|    prl_prob_p05               | 0.0129   |
|    prl_prob_p50               | 0.0649   |
|    prl_prob_p95               | 0.793    |
|    prl_prob_std               | 0.229    |
|    var_penalty_raw_mean       | 3.97e+03 |
|    var_penalty_weighted_mean  | 1.19e+03 |
|    vz_max                     | 4.27     |
|    vz_mean                    | -0.122   |
|    vz_min                     | -1.48    |
|    vz_p05                     | -1.17    |
|    vz_p50                     | -0.334   |
|    vz_p95                     | 1.67     |
|    vz_std                     | 0.903    |
--------------------------------------------
--------------------------------------------
| time/                         |          |
|    episodes                   | 20       |
|    fps                        | 41       |
|    time_elapsed               | 942      |
|    total_timesteps            | 39060    |
| train/                        |          |
|    actor_loss                 | -253     |
|    actor_loss_base            | -317     |
|    alpha_clamped_mean         | 0.216    |
|    alpha_next_mean            | 0.216    |
|    alpha_obs_max              | 0.376    |
|    alpha_obs_mean             | 0.216    |
|    alpha_obs_min              | 0.178    |
|    alpha_obs_p05              | 0.179    |
|    alpha_obs_p50              | 0.194    |
|    alpha_obs_p95              | 0.356    |
|    alpha_obs_std              | 0.0532   |
|    alpha_raw_max              | 0.376    |
|    alpha_raw_mean             | 0.216    |
|    alpha_raw_min              | 0.178    |
|    alpha_raw_p05              | 0.179    |
|    alpha_raw_p50              | 0.194    |
|    alpha_raw_p95              | 0.356    |
|    alpha_raw_std              | 0.0532   |
|    beta_effective_mean        | 0.875    |
|    critic_loss                | 0.0971   |
|    cvar_penalty_raw_mean      | 7.54     |
|    cvar_penalty_weighted_mean | 2.26     |
|    emergency_rate             | 0        |
|    entropy_loss               | -4       |
|    penalty_ratio              | 0.2      |
|    prl_prob_max               | 0.998    |
|    prl_prob_mean              | 0.2      |
|    prl_prob_min               | 0.007    |
|    prl_prob_p05               | 0.0137   |
|    prl_prob_p50               | 0.0767   |
|    prl_prob_p95               | 0.899    |
|    prl_prob_std               | 0.268    |
|    var_penalty_raw_mean       | 3.55e+03 |
|    var_penalty_weighted_mean  | 1.06e+03 |
|    vz_max                     | 4.03     |
|    vz_mean                    | -0.0136  |
|    vz_min                     | -1.48    |
|    vz_p05                     | -1.14    |
|    vz_p50                     | -0.244   |
|    vz_p95                     | 2.09     |
|    vz_std                     | 0.972    |
--------------------------------------------
--------------------------------------------
| time/                         |          |
|    episodes                   | 24       |
|    fps                        | 41       |
|    time_elapsed               | 1132     |
|    total_timesteps            | 46872    |
| train/                        |          |
|    actor_loss                 | -268     |
|    actor_loss_base            | -335     |
|    alpha_clamped_mean         | 0.217    |
|    alpha_next_mean            | 0.218    |
|    alpha_obs_max              | 0.376    |
|    alpha_obs_mean             | 0.217    |
|    alpha_obs_min              | 0.178    |
|    alpha_obs_p05              | 0.179    |
|    alpha_obs_p50              | 0.194    |
|    alpha_obs_p95              | 0.363    |
|    alpha_obs_std              | 0.056    |
|    alpha_raw_max              | 0.376    |
|    alpha_raw_mean             | 0.217    |
|    alpha_raw_min              | 0.178    |
|    alpha_raw_p05              | 0.179    |
|    alpha_raw_p50              | 0.194    |
|    alpha_raw_p95              | 0.363    |
|    alpha_raw_std              | 0.056    |
|    beta_effective_mean        | 0.87     |
|    critic_loss                | 0.0746   |
|    cvar_penalty_raw_mean      | 12.9     |
|    cvar_penalty_weighted_mean | 3.87     |
|    emergency_rate             | 0        |
|    entropy_loss               | -4.02    |
|    penalty_ratio              | 0.2      |
|    prl_prob_max               | 0.999    |
|    prl_prob_mean              | 0.204    |
|    prl_prob_min               | 0.00786  |
|    prl_prob_p05               | 0.0119   |
|    prl_prob_p50               | 0.0731   |
|    prl_prob_p95               | 0.932    |
|    prl_prob_std               | 0.281    |
|    var_penalty_raw_mean       | 6.18e+03 |
|    var_penalty_weighted_mean  | 1.85e+03 |
|    vz_max                     | 4.32     |
|    vz_mean                    | 0.0133   |
|    vz_min                     | -1.42    |
|    vz_p05                     | -1.21    |
|    vz_p50                     | -0.27    |
|    vz_p95                     | 2.31     |
|    vz_std                     | 1.06     |
--------------------------------------------
--------------------------------------------
| time/                         |          |
|    episodes                   | 28       |
|    fps                        | 41       |
|    time_elapsed               | 1322     |
|    total_timesteps            | 54684    |
| train/                        |          |
|    actor_loss                 | -278     |
|    actor_loss_base            | -347     |
|    alpha_clamped_mean         | 0.215    |
|    alpha_next_mean            | 0.216    |
|    alpha_obs_max              | 0.376    |
|    alpha_obs_mean             | 0.215    |
|    alpha_obs_min              | 0.178    |
|    alpha_obs_p05              | 0.18     |
|    alpha_obs_p50              | 0.194    |
|    alpha_obs_p95              | 0.354    |
|    alpha_obs_std              | 0.0522   |
|    alpha_raw_max              | 0.376    |
|    alpha_raw_mean             | 0.215    |
|    alpha_raw_min              | 0.178    |
|    alpha_raw_p05              | 0.18     |
|    alpha_raw_p50              | 0.194    |
|    alpha_raw_p95              | 0.354    |
|    alpha_raw_std              | 0.0522   |
|    beta_effective_mean        | 0.859    |
|    critic_loss                | 0.123    |
|    cvar_penalty_raw_mean      | 13.6     |
|    cvar_penalty_weighted_mean | 4.09     |
|    emergency_rate             | 0        |
|    entropy_loss               | -3.97    |
|    penalty_ratio              | 0.2      |
|    prl_prob_max               | 0.998    |
|    prl_prob_mean              | 0.193    |
|    prl_prob_min               | 0.00825  |
|    prl_prob_p05               | 0.0174   |
|    prl_prob_p50               | 0.0752   |
|    prl_prob_p95               | 0.887    |
|    prl_prob_std               | 0.263    |
|    var_penalty_raw_mean       | 6.06e+03 |
|    var_penalty_weighted_mean  | 1.82e+03 |
|    vz_max                     | 4.09     |
|    vz_mean                    | 0.00109  |
|    vz_min                     | -1.39    |
|    vz_p05                     | -1.02    |
|    vz_p50                     | -0.255   |
|    vz_p95                     | 2.03     |
|    vz_std                     | 0.963    |
--------------------------------------------
--------------------------------------------
| time/                         |          |
|    episodes                   | 32       |
|    fps                        | 41       |
|    time_elapsed               | 1506     |
|    total_timesteps            | 62496    |
| train/                        |          |
|    actor_loss                 | -286     |
|    actor_loss_base            | -357     |
|    alpha_clamped_mean         | 0.212    |
|    alpha_next_mean            | 0.211    |
|    alpha_obs_max              | 0.376    |
|    alpha_obs_mean             | 0.212    |
|    alpha_obs_min              | 0.177    |
|    alpha_obs_p05              | 0.178    |
|    alpha_obs_p50              | 0.194    |
|    alpha_obs_p95              | 0.35     |
|    alpha_obs_std              | 0.0473   |
|    alpha_raw_max              | 0.376    |
|    alpha_raw_mean             | 0.212    |
|    alpha_raw_min              | 0.177    |
|    alpha_raw_p05              | 0.178    |
|    alpha_raw_p50              | 0.194    |
|    alpha_raw_p95              | 0.35     |
|    alpha_raw_std              | 0.0473   |
|    beta_effective_mean        | 0.858    |
|    critic_loss                | 0.124    |
|    cvar_penalty_raw_mean      | 12.8     |
|    cvar_penalty_weighted_mean | 3.84     |
|    emergency_rate             | 0        |
|    entropy_loss               | -3.9     |
|    penalty_ratio              | 0.2      |
|    prl_prob_max               | 0.999    |
|    prl_prob_mean              | 0.178    |
|    prl_prob_min               | 0.00626  |
|    prl_prob_p05               | 0.0101   |
|    prl_prob_p50               | 0.0761   |
|    prl_prob_p95               | 0.868    |
|    prl_prob_std               | 0.238    |
|    var_penalty_raw_mean       | 5.06e+03 |
|    var_penalty_weighted_mean  | 1.52e+03 |
|    vz_max                     | 4.29     |
|    vz_mean                    | -0.0664  |
|    vz_min                     | -1.53    |
|    vz_p05                     | -1.29    |
|    vz_p50                     | -0.248   |
|    vz_p95                     | 1.94     |
|    vz_std                     | 0.91     |
--------------------------------------------
--------------------------------------------
| time/                         |          |
|    episodes                   | 36       |
|    fps                        | 41       |
|    time_elapsed               | 1687     |
|    total_timesteps            | 70308    |
| train/                        |          |
|    actor_loss                 | -293     |
|    actor_loss_base            | -367     |
|    alpha_clamped_mean         | 0.218    |
|    alpha_next_mean            | 0.218    |
|    alpha_obs_max              | 0.376    |
|    alpha_obs_mean             | 0.218    |
|    alpha_obs_min              | 0.178    |
|    alpha_obs_p05              | 0.179    |
|    alpha_obs_p50              | 0.195    |
|    alpha_obs_p95              | 0.364    |
|    alpha_obs_std              | 0.0557   |
|    alpha_raw_max              | 0.376    |
|    alpha_raw_mean             | 0.218    |
|    alpha_raw_min              | 0.178    |
|    alpha_raw_p05              | 0.179    |
|    alpha_raw_p50              | 0.195    |
|    alpha_raw_p95              | 0.364    |
|    alpha_raw_std              | 0.0557   |
|    beta_effective_mean        | 0.854    |
|    critic_loss                | 0.107    |
|    cvar_penalty_raw_mean      | 12.5     |
|    cvar_penalty_weighted_mean | 3.76     |
|    emergency_rate             | 0        |
|    entropy_loss               | -4.03    |
|    penalty_ratio              | 0.2      |
|    prl_prob_max               | 0.998    |
|    prl_prob_mean              | 0.209    |
|    prl_prob_min               | 0.00672  |
|    prl_prob_p05               | 0.0125   |
|    prl_prob_p50               | 0.0832   |
|    prl_prob_p95               | 0.937    |
|    prl_prob_std               | 0.28     |
|    var_penalty_raw_mean       | 5.47e+03 |
|    var_penalty_weighted_mean  | 1.64e+03 |
|    vz_max                     | 4.19     |
|    vz_mean                    | 0.0519   |
|    vz_min                     | -1.5     |
|    vz_p05                     | -1.19    |
|    vz_p50                     | -0.2     |
|    vz_p95                     | 2.35     |
|    vz_std                     | 1.06     |
--------------------------------------------
--------------------------------------------
| time/                         |          |
|    episodes                   | 40       |
|    fps                        | 41       |
|    time_elapsed               | 1873     |
|    total_timesteps            | 78120    |
| train/                        |          |
|    actor_loss                 | -287     |
|    actor_loss_base            | -359     |
|    alpha_clamped_mean         | 0.215    |
|    alpha_next_mean            | 0.215    |
|    alpha_obs_max              | 0.376    |
|    alpha_obs_mean             | 0.215    |
|    alpha_obs_min              | 0.177    |
|    alpha_obs_p05              | 0.178    |
|    alpha_obs_p50              | 0.195    |
|    alpha_obs_p95              | 0.359    |
|    alpha_obs_std              | 0.0533   |
|    alpha_raw_max              | 0.376    |
|    alpha_raw_mean             | 0.215    |
|    alpha_raw_min              | 0.177    |
|    alpha_raw_p05              | 0.178    |
|    alpha_raw_p50              | 0.195    |
|    alpha_raw_p95              | 0.359    |
|    alpha_raw_std              | 0.0533   |
|    beta_effective_mean        | 0.862    |
|    critic_loss                | 0.137    |
|    cvar_penalty_raw_mean      | 19       |
|    cvar_penalty_weighted_mean | 5.7      |
|    emergency_rate             | 0        |
|    entropy_loss               | -3.97    |
|    penalty_ratio              | 0.2      |
|    prl_prob_max               | 0.997    |
|    prl_prob_mean              | 0.196    |
|    prl_prob_min               | 0.00473  |
|    prl_prob_p05               | 0.0107   |
|    prl_prob_p50               | 0.0844   |
|    prl_prob_p95               | 0.914    |
|    prl_prob_std               | 0.268    |
|    var_penalty_raw_mean       | 7.17e+03 |
|    var_penalty_weighted_mean  | 2.15e+03 |
|    vz_max                     | 3.98     |
|    vz_mean                    | -0.0165  |
|    vz_min                     | -1.67    |
|    vz_p05                     | -1.26    |
|    vz_p50                     | -0.192   |
|    vz_p95                     | 2.18     |
|    vz_std                     | 0.99     |
--------------------------------------------
--------------------------------------------
| time/                         |          |
|    episodes                   | 44       |
|    fps                        | 41       |
|    time_elapsed               | 2059     |
|    total_timesteps            | 85932    |
| train/                        |          |
|    actor_loss                 | -291     |
|    actor_loss_base            | -363     |
|    alpha_clamped_mean         | 0.218    |
|    alpha_next_mean            | 0.218    |
|    alpha_obs_max              | 0.376    |
|    alpha_obs_mean             | 0.218    |
|    alpha_obs_min              | 0.177    |
|    alpha_obs_p05              | 0.179    |
|    alpha_obs_p50              | 0.195    |
|    alpha_obs_p95              | 0.364    |
|    alpha_obs_std              | 0.0559   |
|    alpha_raw_max              | 0.376    |
|    alpha_raw_mean             | 0.218    |
|    alpha_raw_min              | 0.177    |
|    alpha_raw_p05              | 0.179    |
|    alpha_raw_p50              | 0.195    |
|    alpha_raw_p95              | 0.364    |
|    alpha_raw_std              | 0.0559   |
|    beta_effective_mean        | 0.861    |
|    critic_loss                | 0.0956   |
|    cvar_penalty_raw_mean      | 22.9     |
|    cvar_penalty_weighted_mean | 6.87     |
|    emergency_rate             | 0        |
|    entropy_loss               | -4.03    |
|    penalty_ratio              | 0.2      |
|    prl_prob_max               | 0.999    |
|    prl_prob_mean              | 0.21     |
|    prl_prob_min               | 0.00635  |
|    prl_prob_p05               | 0.0143   |
|    prl_prob_p50               | 0.084    |
|    prl_prob_p95               | 0.94     |
|    prl_prob_std               | 0.281    |
|    var_penalty_raw_mean       | 8.19e+03 |
|    var_penalty_weighted_mean  | 2.46e+03 |
|    vz_max                     | 4.32     |
|    vz_mean                    | 0.0787   |
|    vz_min                     | -1.53    |
|    vz_p05                     | -1.12    |
|    vz_p50                     | -0.195   |
|    vz_p95                     | 2.38     |
|    vz_std                     | 1.1      |
--------------------------------------------
--------------------------------------------
| time/                         |          |
|    episodes                   | 48       |
|    fps                        | 41       |
|    time_elapsed               | 2249     |
|    total_timesteps            | 93744    |
| train/                        |          |
|    actor_loss                 | -295     |
|    actor_loss_base            | -368     |
|    alpha_clamped_mean         | 0.216    |
|    alpha_next_mean            | 0.216    |
|    alpha_obs_max              | 0.376    |
|    alpha_obs_mean             | 0.216    |
|    alpha_obs_min              | 0.177    |
|    alpha_obs_p05              | 0.179    |
|    alpha_obs_p50              | 0.194    |
|    alpha_obs_p95              | 0.361    |
|    alpha_obs_std              | 0.0539   |
|    alpha_raw_max              | 0.376    |
|    alpha_raw_mean             | 0.216    |
|    alpha_raw_min              | 0.177    |
|    alpha_raw_p05              | 0.179    |
|    alpha_raw_p50              | 0.194    |
|    alpha_raw_p95              | 0.361    |
|    alpha_raw_std              | 0.0539   |
|    beta_effective_mean        | 0.864    |
|    critic_loss                | 0.0864   |
|    cvar_penalty_raw_mean      | 13.6     |
|    cvar_penalty_weighted_mean | 4.07     |
|    emergency_rate             | 0        |
|    entropy_loss               | -3.97    |
|    penalty_ratio              | 0.2      |
|    prl_prob_max               | 0.999    |
|    prl_prob_mean              | 0.197    |
|    prl_prob_min               | 0.0056   |
|    prl_prob_p05               | 0.0132   |
|    prl_prob_p50               | 0.0751   |
|    prl_prob_p95               | 0.924    |
|    prl_prob_std               | 0.271    |
|    var_penalty_raw_mean       | 5.01e+03 |
|    var_penalty_weighted_mean  | 1.5e+03  |
|    vz_max                     | 4.29     |
|    vz_mean                    | -0.00719 |
|    vz_min                     | -1.59    |
|    vz_p05                     | -1.16    |
|    vz_p50                     | -0.255   |
|    vz_p95                     | 2.25     |
|    vz_std                     | 0.981    |
--------------------------------------------
Model saved to /workspace/execution-aware-portfolio-rl/paper/forecasting_workshop/generalization/multi_split_compact_v1/splits/split_b/train_control/models/20260414T141042Z_8eeee91e_seed0_prl_730a_final.zip
[TRAIN-END] split=split_b seed=0
[TRAIN-START] split=split_b seed=1
INFO:prl.data:Loading processed cache from data/processed_u27
Using cuda device
INFO:prl.prl:PRL mid_plasticity_multiplier applied: multiplier=0.700 mid_fraction=0.094
--------------------------------------------
| time/                         |          |
|    episodes                   | 4        |
|    fps                        | 41       |
|    time_elapsed               | 186      |
|    total_timesteps            | 7812     |
| train/                        |          |
|    actor_loss                 | -89.1    |
|    actor_loss_base            | -111     |
|    alpha_clamped_mean         | 0.216    |
|    alpha_next_mean            | 0.216    |
|    alpha_obs_max              | 0.376    |
|    alpha_obs_mean             | 0.216    |
|    alpha_obs_min              | 0.177    |
|    alpha_obs_p05              | 0.179    |
|    alpha_obs_p50              | 0.194    |
|    alpha_obs_p95              | 0.361    |
|    alpha_obs_std              | 0.0531   |
|    alpha_raw_max              | 0.376    |
|    alpha_raw_mean             | 0.216    |
|    alpha_raw_min              | 0.177    |
|    alpha_raw_p05              | 0.179    |
|    alpha_raw_p50              | 0.194    |
|    alpha_raw_p95              | 0.361    |
|    alpha_raw_std              | 0.0531   |
|    beta_effective_mean        | 0.855    |
|    critic_loss                | 0.452    |
|    cvar_penalty_raw_mean      | 1.1      |
|    cvar_penalty_weighted_mean | 0.329    |
|    emergency_rate             | 0        |
|    entropy_loss               | -3.61    |
|    penalty_ratio              | 0.2      |
|    prl_prob_max               | 0.999    |
|    prl_prob_mean              | 0.198    |
|    prl_prob_min               | 0.00626  |
|    prl_prob_p05               | 0.0129   |
|    prl_prob_p50               | 0.0787   |
|    prl_prob_p95               | 0.925    |
|    prl_prob_std               | 0.267    |
|    var_penalty_raw_mean       | 395      |
|    var_penalty_weighted_mean  | 118      |
|    vz_max                     | 4.32     |
|    vz_mean                    | 0.0277   |
|    vz_min                     | -1.53    |
|    vz_p05                     | -1.17    |
|    vz_p50                     | -0.23    |
|    vz_p95                     | 2.26     |
|    vz_std                     | 1.06     |
--------------------------------------------
--------------------------------------------
| time/                         |          |
|    episodes                   | 8        |
|    fps                        | 41       |
|    time_elapsed               | 375      |
|    total_timesteps            | 15624    |
| train/                        |          |
|    actor_loss                 | -151     |
|    actor_loss_base            | -188     |
|    alpha_clamped_mean         | 0.213    |
|    alpha_next_mean            | 0.214    |
|    alpha_obs_max              | 0.376    |
|    alpha_obs_mean             | 0.213    |
|    alpha_obs_min              | 0.177    |
|    alpha_obs_p05              | 0.179    |
|    alpha_obs_p50              | 0.194    |
|    alpha_obs_p95              | 0.357    |
|    alpha_obs_std              | 0.0501   |
|    alpha_raw_max              | 0.376    |
|    alpha_raw_mean             | 0.213    |
|    alpha_raw_min              | 0.177    |
|    alpha_raw_p05              | 0.179    |
|    alpha_raw_p50              | 0.194    |
|    alpha_raw_p95              | 0.357    |
|    alpha_raw_std              | 0.0501   |
|    beta_effective_mean        | 0.852    |
|    critic_loss                | 0.242    |
|    cvar_penalty_raw_mean      | 3.54     |
|    cvar_penalty_weighted_mean | 1.06     |
|    emergency_rate             | 0        |
|    entropy_loss               | -3.8     |
|    penalty_ratio              | 0.2      |
|    prl_prob_max               | 0.998    |
|    prl_prob_mean              | 0.186    |
|    prl_prob_min               | 0.0064   |
|    prl_prob_p05               | 0.0123   |
|    prl_prob_p50               | 0.0776   |
|    prl_prob_p95               | 0.905    |
|    prl_prob_std               | 0.252    |
|    var_penalty_raw_mean       | 1.64e+03 |
|    var_penalty_weighted_mean  | 491      |
|    vz_max                     | 4.03     |
|    vz_mean                    | -0.0378  |
|    vz_min                     | -1.52    |
|    vz_p05                     | -1.19    |
|    vz_p50                     | -0.238   |
|    vz_p95                     | 2.13     |
|    vz_std                     | 0.909    |
--------------------------------------------
--------------------------------------------
| time/                         |          |
|    episodes                   | 12       |
|    fps                        | 41       |
|    time_elapsed               | 566      |
|    total_timesteps            | 23436    |
| train/                        |          |
|    actor_loss                 | -202     |
|    actor_loss_base            | -252     |
|    alpha_clamped_mean         | 0.224    |
|    alpha_next_mean            | 0.224    |
|    alpha_obs_max              | 0.376    |
|    alpha_obs_mean             | 0.224    |
|    alpha_obs_min              | 0.177    |
|    alpha_obs_p05              | 0.179    |
|    alpha_obs_p50              | 0.2      |
|    alpha_obs_p95              | 0.364    |
|    alpha_obs_std              | 0.0584   |
|    alpha_raw_max              | 0.376    |
|    alpha_raw_mean             | 0.224    |
|    alpha_raw_min              | 0.177    |
|    alpha_raw_p05              | 0.179    |
|    alpha_raw_p50              | 0.2      |
|    alpha_raw_p95              | 0.364    |
|    alpha_raw_std              | 0.0584   |
|    beta_effective_mean        | 0.864    |
|    critic_loss                | 0.113    |
|    cvar_penalty_raw_mean      | 7.36     |
|    cvar_penalty_weighted_mean | 2.21     |
|    emergency_rate             | 0        |
|    entropy_loss               | -4.12    |
|    penalty_ratio              | 0.2      |
|    prl_prob_max               | 0.999    |
|    prl_prob_mean              | 0.238    |
|    prl_prob_min               | 0.0056   |
|    prl_prob_p05               | 0.0148   |
|    prl_prob_p50               | 0.119    |
|    prl_prob_p95               | 0.94     |
|    prl_prob_std               | 0.293    |
|    var_penalty_raw_mean       | 3.81e+03 |
|    var_penalty_weighted_mean  | 1.14e+03 |
|    vz_max                     | 4.31     |
|    vz_mean                    | 0.186    |
|    vz_min                     | -1.59    |
|    vz_p05                     | -1.1     |
|    vz_p50                     | -0.00219 |
|    vz_p95                     | 2.38     |
|    vz_std                     | 1.1      |
--------------------------------------------
--------------------------------------------
| time/                         |          |
|    episodes                   | 16       |
|    fps                        | 41       |
|    time_elapsed               | 755      |
|    total_timesteps            | 31248    |
| train/                        |          |
|    actor_loss                 | -229     |
|    actor_loss_base            | -286     |
|    alpha_clamped_mean         | 0.217    |
|    alpha_next_mean            | 0.217    |
|    alpha_obs_max              | 0.376    |
|    alpha_obs_mean             | 0.217    |
|    alpha_obs_min              | 0.177    |
|    alpha_obs_p05              | 0.179    |
|    alpha_obs_p50              | 0.196    |
|    alpha_obs_p95              | 0.364    |
|    alpha_obs_std              | 0.0541   |
|    alpha_raw_max              | 0.376    |
|    alpha_raw_mean             | 0.217    |
|    alpha_raw_min              | 0.177    |
|    alpha_raw_p05              | 0.179    |
|    alpha_raw_p50              | 0.196    |
|    alpha_raw_p95              | 0.364    |
|    alpha_raw_std              | 0.0541   |
|    beta_effective_mean        | 0.859    |
|    critic_loss                | 0.0933   |
|    cvar_penalty_raw_mean      | 9.9      |
|    cvar_penalty_weighted_mean | 2.97     |
|    emergency_rate             | 0        |
|    entropy_loss               | -4.01    |
|    penalty_ratio              | 0.2      |
|    prl_prob_max               | 0.999    |
|    prl_prob_mean              | 0.202    |
|    prl_prob_min               | 0.00445  |
|    prl_prob_p05               | 0.0118   |
|    prl_prob_p50               | 0.0879   |
|    prl_prob_p95               | 0.938    |
|    prl_prob_std               | 0.272    |
|    var_penalty_raw_mean       | 4.66e+03 |
|    var_penalty_weighted_mean  | 1.4e+03  |
|    vz_max                     | 4.31     |
|    vz_mean                    | 0.0495   |
|    vz_min                     | -1.7     |
|    vz_p05                     | -1.22    |
|    vz_p50                     | -0.17    |
|    vz_p95                     | 2.36     |
|    vz_std                     | 1.06     |
--------------------------------------------
--------------------------------------------
| time/                         |          |
|    episodes                   | 20       |
|    fps                        | 41       |
|    time_elapsed               | 942      |
|    total_timesteps            | 39060    |
| train/                        |          |
|    actor_loss                 | -257     |
|    actor_loss_base            | -321     |
|    alpha_clamped_mean         | 0.217    |
|    alpha_next_mean            | 0.218    |
|    alpha_obs_max              | 0.376    |
|    alpha_obs_mean             | 0.217    |
|    alpha_obs_min              | 0.177    |
|    alpha_obs_p05              | 0.179    |
|    alpha_obs_p50              | 0.195    |
|    alpha_obs_p95              | 0.36     |
|    alpha_obs_std              | 0.0532   |
|    alpha_raw_max              | 0.376    |
|    alpha_raw_mean             | 0.217    |
|    alpha_raw_min              | 0.177    |
|    alpha_raw_p05              | 0.179    |
|    alpha_raw_p50              | 0.195    |
|    alpha_raw_p95              | 0.36     |
|    alpha_raw_std              | 0.0532   |
|    beta_effective_mean        | 0.858    |
|    critic_loss                | 0.0762   |
|    cvar_penalty_raw_mean      | 7.78     |
|    cvar_penalty_weighted_mean | 2.33     |
|    emergency_rate             | 0        |
|    entropy_loss               | -4.03    |
|    penalty_ratio              | 0.2      |
|    prl_prob_max               | 0.999    |
|    prl_prob_mean              | 0.204    |
|    prl_prob_min               | 0.0056   |
|    prl_prob_p05               | 0.0133   |
|    prl_prob_p50               | 0.0799   |
|    prl_prob_p95               | 0.918    |
|    prl_prob_std               | 0.268    |
|    var_penalty_raw_mean       | 4e+03    |
|    var_penalty_weighted_mean  | 1.2e+03  |
|    vz_max                     | 4.32     |
|    vz_mean                    | 0.0494   |
|    vz_min                     | -1.59    |
|    vz_p05                     | -1.15    |
|    vz_p50                     | -0.222   |
|    vz_p95                     | 2.21     |
|    vz_std                     | 1.03     |
--------------------------------------------
--------------------------------------------
| time/                         |          |
|    episodes                   | 24       |
|    fps                        | 41       |
|    time_elapsed               | 1130     |
|    total_timesteps            | 46872    |
| train/                        |          |
|    actor_loss                 | -272     |
|    actor_loss_base            | -340     |
|    alpha_clamped_mean         | 0.217    |
|    alpha_next_mean            | 0.218    |
|    alpha_obs_max              | 0.376    |
|    alpha_obs_mean             | 0.217    |
|    alpha_obs_min              | 0.177    |
|    alpha_obs_p05              | 0.179    |
|    alpha_obs_p50              | 0.194    |
|    alpha_obs_p95              | 0.362    |
|    alpha_obs_std              | 0.0547   |
|    alpha_raw_max              | 0.376    |
|    alpha_raw_mean             | 0.217    |
|    alpha_raw_min              | 0.177    |
|    alpha_raw_p05              | 0.179    |
|    alpha_raw_p50              | 0.194    |
|    alpha_raw_p95              | 0.362    |
|    alpha_raw_std              | 0.0547   |
|    beta_effective_mean        | 0.866    |
|    critic_loss                | 0.126    |
|    cvar_penalty_raw_mean      | 11       |
|    cvar_penalty_weighted_mean | 3.29     |
|    emergency_rate             | 0        |
|    entropy_loss               | -4.02    |
|    penalty_ratio              | 0.2      |
|    prl_prob_max               | 0.999    |
|    prl_prob_mean              | 0.207    |
|    prl_prob_min               | 0.00626  |
|    prl_prob_p05               | 0.0127   |
|    prl_prob_p50               | 0.0789   |
|    prl_prob_p95               | 0.927    |
|    prl_prob_std               | 0.275    |
|    var_penalty_raw_mean       | 4.97e+03 |
|    var_penalty_weighted_mean  | 1.49e+03 |
|    vz_max                     | 4.29     |
|    vz_mean                    | 0.029    |
|    vz_min                     | -1.53    |
|    vz_p05                     | -1.18    |
|    vz_p50                     | -0.228   |
|    vz_p95                     | 2.27     |
|    vz_std                     | 1.03     |
--------------------------------------------
--------------------------------------------
| time/                         |          |
|    episodes                   | 28       |
|    fps                        | 41       |
|    time_elapsed               | 1321     |
|    total_timesteps            | 54684    |
| train/                        |          |
|    actor_loss                 | -273     |
|    actor_loss_base            | -341     |
|    alpha_clamped_mean         | 0.217    |
|    alpha_next_mean            | 0.217    |
|    alpha_obs_max              | 0.376    |
|    alpha_obs_mean             | 0.217    |
|    alpha_obs_min              | 0.177    |
|    alpha_obs_p05              | 0.179    |
|    alpha_obs_p50              | 0.193    |
|    alpha_obs_p95              | 0.357    |
|    alpha_obs_std              | 0.054    |
|    alpha_raw_max              | 0.376    |
|    alpha_raw_mean             | 0.217    |
|    alpha_raw_min              | 0.177    |
|    alpha_raw_p05              | 0.179    |
|    alpha_raw_p50              | 0.193    |
|    alpha_raw_p95              | 0.357    |
|    alpha_raw_std              | 0.054    |
|    beta_effective_mean        | 0.883    |
|    critic_loss                | 0.104    |
|    cvar_penalty_raw_mean      | 16.8     |
|    cvar_penalty_weighted_mean | 5.03     |
|    emergency_rate             | 0        |
|    entropy_loss               | -4       |
|    penalty_ratio              | 0.2      |
|    prl_prob_max               | 0.998    |
|    prl_prob_mean              | 0.202    |
|    prl_prob_min               | 0.0056   |
|    prl_prob_p05               | 0.012    |
|    prl_prob_p50               | 0.0723   |
|    prl_prob_p95               | 0.904    |
|    prl_prob_std               | 0.271    |
|    var_penalty_raw_mean       | 5.79e+03 |
|    var_penalty_weighted_mean  | 1.74e+03 |
|    vz_max                     | 4.22     |
|    vz_mean                    | -0.00772 |
|    vz_min                     | -1.59    |
|    vz_p05                     | -1.21    |
|    vz_p50                     | -0.276   |
|    vz_p95                     | 2.12     |
|    vz_std                     | 1        |
--------------------------------------------
--------------------------------------------
| time/                         |          |
|    episodes                   | 32       |
|    fps                        | 41       |
|    time_elapsed               | 1511     |
|    total_timesteps            | 62496    |
| train/                        |          |
|    actor_loss                 | -288     |
|    actor_loss_base            | -361     |
|    alpha_clamped_mean         | 0.217    |
|    alpha_next_mean            | 0.217    |
|    alpha_obs_max              | 0.376    |
|    alpha_obs_mean             | 0.217    |
|    alpha_obs_min              | 0.177    |
|    alpha_obs_p05              | 0.179    |
|    alpha_obs_p50              | 0.195    |
|    alpha_obs_p95              | 0.358    |
|    alpha_obs_std              | 0.0537   |
|    alpha_raw_max              | 0.376    |
|    alpha_raw_mean             | 0.217    |
|    alpha_raw_min              | 0.177    |
|    alpha_raw_p05              | 0.179    |
|    alpha_raw_p50              | 0.195    |
|    alpha_raw_p95              | 0.358    |
|    alpha_raw_std              | 0.0537   |
|    beta_effective_mean        | 0.859    |
|    critic_loss                | 0.116    |
|    cvar_penalty_raw_mean      | 13.1     |
|    cvar_penalty_weighted_mean | 3.94     |
|    emergency_rate             | 0        |
|    entropy_loss               | -4.02    |
|    penalty_ratio              | 0.2      |
|    prl_prob_max               | 0.998    |
|    prl_prob_mean              | 0.202    |
|    prl_prob_min               | 0.00445  |
|    prl_prob_p05               | 0.0122   |
|    prl_prob_p50               | 0.0862   |
|    prl_prob_p95               | 0.911    |
|    prl_prob_std               | 0.27     |
|    var_penalty_raw_mean       | 5.81e+03 |
|    var_penalty_weighted_mean  | 1.74e+03 |
|    vz_max                     | 4.15     |
|    vz_mean                    | 0.0212   |
|    vz_min                     | -1.7     |
|    vz_p05                     | -1.2     |
|    vz_p50                     | -0.18    |
|    vz_p95                     | 2.17     |
|    vz_std                     | 1.01     |
--------------------------------------------
--------------------------------------------
| time/                         |          |
|    episodes                   | 36       |
|    fps                        | 41       |
|    time_elapsed               | 1703     |
|    total_timesteps            | 70308    |
| train/                        |          |
|    actor_loss                 | -289     |
|    actor_loss_base            | -362     |
|    alpha_clamped_mean         | 0.218    |
|    alpha_next_mean            | 0.218    |
|    alpha_obs_max              | 0.376    |
|    alpha_obs_mean             | 0.218    |
|    alpha_obs_min              | 0.178    |
|    alpha_obs_p05              | 0.178    |
|    alpha_obs_p50              | 0.194    |
|    alpha_obs_p95              | 0.362    |
|    alpha_obs_std              | 0.0573   |
|    alpha_raw_max              | 0.376    |
|    alpha_raw_mean             | 0.218    |
|    alpha_raw_min              | 0.178    |
|    alpha_raw_p05              | 0.178    |
|    alpha_raw_p50              | 0.194    |
|    alpha_raw_p95              | 0.362    |
|    alpha_raw_std              | 0.0573   |
|    beta_effective_mean        | 0.871    |
|    critic_loss                | 0.0932   |
|    cvar_penalty_raw_mean      | 14.9     |
|    cvar_penalty_weighted_mean | 4.47     |
|    emergency_rate             | 0        |
|    entropy_loss               | -4.03    |
|    penalty_ratio              | 0.2      |
|    prl_prob_max               | 0.999    |
|    prl_prob_mean              | 0.209    |
|    prl_prob_min               | 0.00672  |
|    prl_prob_p05               | 0.0106   |
|    prl_prob_p50               | 0.0778   |
|    prl_prob_p95               | 0.93     |
|    prl_prob_std               | 0.288    |
|    var_penalty_raw_mean       | 5.96e+03 |
|    var_penalty_weighted_mean  | 1.79e+03 |
|    vz_max                     | 4.32     |
|    vz_mean                    | 0.0162   |
|    vz_min                     | -1.5     |
|    vz_p05                     | -1.27    |
|    vz_p50                     | -0.236   |
|    vz_p95                     | 2.3      |
|    vz_std                     | 1.06     |
--------------------------------------------
--------------------------------------------
| time/                         |          |
|    episodes                   | 40       |
|    fps                        | 41       |
|    time_elapsed               | 1889     |
|    total_timesteps            | 78120    |
| train/                        |          |
|    actor_loss                 | -290     |
|    actor_loss_base            | -362     |
|    alpha_clamped_mean         | 0.21     |
|    alpha_next_mean            | 0.21     |
|    alpha_obs_max              | 0.376    |
|    alpha_obs_mean             | 0.21     |
|    alpha_obs_min              | 0.177    |
|    alpha_obs_p05              | 0.178    |
|    alpha_obs_p50              | 0.194    |
|    alpha_obs_p95              | 0.345    |
|    alpha_obs_std              | 0.0452   |
|    alpha_raw_max              | 0.376    |
|    alpha_raw_mean             | 0.21     |
|    alpha_raw_min              | 0.177    |
|    alpha_raw_p05              | 0.178    |
|    alpha_raw_p50              | 0.194    |
|    alpha_raw_p95              | 0.345    |
|    alpha_raw_std              | 0.0452   |
|    beta_effective_mean        | 0.857    |
|    critic_loss                | 0.123    |
|    cvar_penalty_raw_mean      | 12.2     |
|    cvar_penalty_weighted_mean | 3.67     |
|    emergency_rate             | 0        |
|    entropy_loss               | -3.89    |
|    penalty_ratio              | 0.2      |
|    prl_prob_max               | 0.997    |
|    prl_prob_mean              | 0.167    |
|    prl_prob_min               | 0.0064   |
|    prl_prob_p05               | 0.0115   |
|    prl_prob_p50               | 0.0769   |
|    prl_prob_p95               | 0.842    |
|    prl_prob_std               | 0.228    |
|    var_penalty_raw_mean       | 4.71e+03 |
|    var_penalty_weighted_mean  | 1.41e+03 |
|    vz_max                     | 3.94     |
|    vz_mean                    | -0.0834  |
|    vz_min                     | -1.52    |
|    vz_p05                     | -1.23    |
|    vz_p50                     | -0.243   |
|    vz_p95                     | 1.84     |
|    vz_std                     | 0.887    |
--------------------------------------------
--------------------------------------------
| time/                         |          |
|    episodes                   | 44       |
|    fps                        | 41       |
|    time_elapsed               | 2079     |
|    total_timesteps            | 85932    |
| train/                        |          |
|    actor_loss                 | -296     |
|    actor_loss_base            | -370     |
|    alpha_clamped_mean         | 0.216    |
|    alpha_next_mean            | 0.215    |
|    alpha_obs_max              | 0.376    |
|    alpha_obs_mean             | 0.216    |
|    alpha_obs_min              | 0.178    |
|    alpha_obs_p05              | 0.179    |
|    alpha_obs_p50              | 0.196    |
|    alpha_obs_p95              | 0.361    |
|    alpha_obs_std              | 0.0517   |
|    alpha_raw_max              | 0.376    |
|    alpha_raw_mean             | 0.216    |
|    alpha_raw_min              | 0.178    |
|    alpha_raw_p05              | 0.179    |
|    alpha_raw_p50              | 0.196    |
|    alpha_raw_p95              | 0.361    |
|    alpha_raw_std              | 0.0517   |
|    beta_effective_mean        | 0.841    |
|    critic_loss                | 0.0871   |
|    cvar_penalty_raw_mean      | 14       |
|    cvar_penalty_weighted_mean | 4.21     |
|    emergency_rate             | 0        |
|    entropy_loss               | -3.98    |
|    penalty_ratio              | 0.2      |
|    prl_prob_max               | 0.999    |
|    prl_prob_mean              | 0.198    |
|    prl_prob_min               | 0.00687  |
|    prl_prob_p05               | 0.012    |
|    prl_prob_p50               | 0.0925   |
|    prl_prob_p95               | 0.924    |
|    prl_prob_std               | 0.26     |
|    var_penalty_raw_mean       | 5.47e+03 |
|    var_penalty_weighted_mean  | 1.64e+03 |
|    vz_max                     | 4.31     |
|    vz_mean                    | 0.0284   |
|    vz_min                     | -1.49    |
|    vz_p05                     | -1.2     |
|    vz_p50                     | -0.142   |
|    vz_p95                     | 2.25     |
|    vz_std                     | 0.936    |
--------------------------------------------
--------------------------------------------
| time/                         |          |
|    episodes                   | 48       |
|    fps                        | 41       |
|    time_elapsed               | 2269     |
|    total_timesteps            | 93744    |
| train/                        |          |
|    actor_loss                 | -296     |
|    actor_loss_base            | -370     |
|    alpha_clamped_mean         | 0.217    |
|    alpha_next_mean            | 0.217    |
|    alpha_obs_max              | 0.376    |
|    alpha_obs_mean             | 0.217    |
|    alpha_obs_min              | 0.178    |
|    alpha_obs_p05              | 0.179    |
|    alpha_obs_p50              | 0.196    |
|    alpha_obs_p95              | 0.358    |
|    alpha_obs_std              | 0.0519   |
|    alpha_raw_max              | 0.376    |
|    alpha_raw_mean             | 0.217    |
|    alpha_raw_min              | 0.178    |
|    alpha_raw_p05              | 0.179    |
|    alpha_raw_p50              | 0.196    |
|    alpha_raw_p95              | 0.358    |
|    alpha_raw_std              | 0.0519   |
|    beta_effective_mean        | 0.877    |
|    critic_loss                | 0.0806   |
|    cvar_penalty_raw_mean      | 18.5     |
|    cvar_penalty_weighted_mean | 5.55     |
|    emergency_rate             | 0        |
|    entropy_loss               | -4.02    |
|    penalty_ratio              | 0.2      |
|    prl_prob_max               | 0.997    |
|    prl_prob_mean              | 0.206    |
|    prl_prob_min               | 0.00687  |
|    prl_prob_p05               | 0.0126   |
|    prl_prob_p50               | 0.0935   |
|    prl_prob_p95               | 0.911    |
|    prl_prob_std               | 0.261    |
|    var_penalty_raw_mean       | 6.77e+03 |
|    var_penalty_weighted_mean  | 2.03e+03 |
|    vz_max                     | 3.94     |
|    vz_mean                    | 0.0252   |
|    vz_min                     | -1.49    |
|    vz_p05                     | -1.18    |
|    vz_p50                     | -0.136   |
|    vz_p95                     | 2.16     |
|    vz_std                     | 0.977    |
--------------------------------------------
Model saved to /workspace/execution-aware-portfolio-rl/paper/forecasting_workshop/generalization/multi_split_compact_v1/splits/split_b/train_control/models/20260414T145042Z_8eeee91e_seed1_prl_ac17_final.zip
[TRAIN-END] split=split_b seed=1
[TRAIN-START] split=split_b seed=2
INFO:prl.data:Loading processed cache from data/processed_u27
Using cuda device
INFO:prl.prl:PRL mid_plasticity_multiplier applied: multiplier=0.700 mid_fraction=0.098
--------------------------------------------
| time/                         |          |
|    episodes                   | 4        |
|    fps                        | 42       |
|    time_elapsed               | 183      |
|    total_timesteps            | 7812     |
| train/                        |          |
|    actor_loss                 | -90.2    |
|    actor_loss_base            | -113     |
|    alpha_clamped_mean         | 0.216    |
|    alpha_next_mean            | 0.216    |
|    alpha_obs_max              | 0.376    |
|    alpha_obs_mean             | 0.216    |
|    alpha_obs_min              | 0.177    |
|    alpha_obs_p05              | 0.178    |
|    alpha_obs_p50              | 0.196    |
|    alpha_obs_p95              | 0.36     |
|    alpha_obs_std              | 0.0518   |
|    alpha_raw_max              | 0.376    |
|    alpha_raw_mean             | 0.216    |
|    alpha_raw_min              | 0.177    |
|    alpha_raw_p05              | 0.178    |
|    alpha_raw_p50              | 0.196    |
|    alpha_raw_p95              | 0.36     |
|    alpha_raw_std              | 0.0518   |
|    beta_effective_mean        | 0.868    |
|    critic_loss                | 0.63     |
|    cvar_penalty_raw_mean      | 0.981    |
|    cvar_penalty_weighted_mean | 0.294    |
|    emergency_rate             | 0        |
|    entropy_loss               | -3.59    |
|    penalty_ratio              | 0.2      |
|    prl_prob_max               | 0.999    |
|    prl_prob_mean              | 0.197    |
|    prl_prob_min               | 0.00489  |
|    prl_prob_p05               | 0.00998  |
|    prl_prob_p50               | 0.0873   |
|    prl_prob_p95               | 0.917    |
|    prl_prob_std               | 0.26     |
|    var_penalty_raw_mean       | 435      |
|    var_penalty_weighted_mean  | 130      |
|    vz_max                     | 4.31     |
|    vz_mean                    | 0.0256   |
|    vz_min                     | -1.66    |
|    vz_p05                     | -1.3     |
|    vz_p50                     | -0.174   |
|    vz_p95                     | 2.2      |
|    vz_std                     | 1.11     |
--------------------------------------------
--------------------------------------------
| time/                         |          |
|    episodes                   | 8        |
|    fps                        | 42       |
|    time_elapsed               | 367      |
|    total_timesteps            | 15624    |
| train/                        |          |
|    actor_loss                 | -154     |
|    actor_loss_base            | -193     |
|    alpha_clamped_mean         | 0.221    |
|    alpha_next_mean            | 0.221    |
|    alpha_obs_max              | 0.376    |
|    alpha_obs_mean             | 0.221    |
|    alpha_obs_min              | 0.178    |
|    alpha_obs_p05              | 0.179    |
|    alpha_obs_p50              | 0.194    |
|    alpha_obs_p95              | 0.361    |
|    alpha_obs_std              | 0.0577   |
|    alpha_raw_max              | 0.376    |
|    alpha_raw_mean             | 0.221    |
|    alpha_raw_min              | 0.178    |
|    alpha_raw_p05              | 0.179    |
|    alpha_raw_p50              | 0.194    |
|    alpha_raw_p95              | 0.361    |
|    alpha_raw_std              | 0.0577   |
|    beta_effective_mean        | 0.883    |
|    critic_loss                | 0.226    |
|    cvar_penalty_raw_mean      | 1.87     |
|    cvar_penalty_weighted_mean | 0.562    |
|    emergency_rate             | 0        |
|    entropy_loss               | -3.98    |
|    penalty_ratio              | 0.2      |
|    prl_prob_max               | 0.999    |
|    prl_prob_mean              | 0.224    |
|    prl_prob_min               | 0.00695  |
|    prl_prob_p05               | 0.0128   |
|    prl_prob_p50               | 0.0794   |
|    prl_prob_p95               | 0.926    |
|    prl_prob_std               | 0.29     |
|    var_penalty_raw_mean       | 1.44e+03 |
|    var_penalty_weighted_mean  | 432      |
|    vz_max                     | 4.32     |
|    vz_mean                    | 0.064    |
|    vz_min                     | -1.48    |
|    vz_p05                     | -1.17    |
|    vz_p50                     | -0.225   |
|    vz_p95                     | 2.26     |
|    vz_std                     | 1.07     |
--------------------------------------------
--------------------------------------------
| time/                         |          |
|    episodes                   | 12       |
|    fps                        | 42       |
|    time_elapsed               | 552      |
|    total_timesteps            | 23436    |
| train/                        |          |
|    actor_loss                 | -200     |
|    actor_loss_base            | -250     |
|    alpha_clamped_mean         | 0.22     |
|    alpha_next_mean            | 0.22     |
|    alpha_obs_max              | 0.376    |
|    alpha_obs_mean             | 0.22     |
|    alpha_obs_min              | 0.178    |
|    alpha_obs_p05              | 0.179    |
|    alpha_obs_p50              | 0.194    |
|    alpha_obs_p95              | 0.367    |
|    alpha_obs_std              | 0.0605   |
|    alpha_raw_max              | 0.376    |
|    alpha_raw_mean             | 0.22     |
|    alpha_raw_min              | 0.178    |
|    alpha_raw_p05              | 0.179    |
|    alpha_raw_p50              | 0.194    |
|    alpha_raw_p95              | 0.367    |
|    alpha_raw_std              | 0.0605   |
|    beta_effective_mean        | 0.871    |
|    critic_loss                | 0.124    |
|    cvar_penalty_raw_mean      | 4.32     |
|    cvar_penalty_weighted_mean | 1.3      |
|    emergency_rate             | 0        |
|    entropy_loss               | -4.03    |
|    penalty_ratio              | 0.2      |
|    prl_prob_max               | 0.999    |
|    prl_prob_mean              | 0.218    |
|    prl_prob_min               | 0.00727  |
|    prl_prob_p05               | 0.0134   |
|    prl_prob_p50               | 0.0744   |
|    prl_prob_p95               | 0.953    |
|    prl_prob_std               | 0.304    |
|    var_penalty_raw_mean       | 2.81e+03 |
|    var_penalty_weighted_mean  | 844      |
|    vz_max                     | 4.27     |
|    vz_mean                    | 0.0716   |
|    vz_min                     | -1.46    |
|    vz_p05                     | -1.15    |
|    vz_p50                     | -0.261   |
|    vz_p95                     | 2.5      |
|    vz_std                     | 1.14     |
--------------------------------------------
--------------------------------------------
| time/                         |          |
|    episodes                   | 16       |
|    fps                        | 42       |
|    time_elapsed               | 733      |
|    total_timesteps            | 31248    |
| train/                        |          |
|    actor_loss                 | -230     |
|    actor_loss_base            | -288     |
|    alpha_clamped_mean         | 0.22     |
|    alpha_next_mean            | 0.22     |
|    alpha_obs_max              | 0.376    |
|    alpha_obs_mean             | 0.22     |
|    alpha_obs_min              | 0.177    |
|    alpha_obs_p05              | 0.179    |
|    alpha_obs_p50              | 0.194    |
|    alpha_obs_p95              | 0.361    |
|    alpha_obs_std              | 0.0574   |
|    alpha_raw_max              | 0.376    |
|    alpha_raw_mean             | 0.22     |
|    alpha_raw_min              | 0.177    |
|    alpha_raw_p05              | 0.179    |
|    alpha_raw_p50              | 0.194    |
|    alpha_raw_p95              | 0.361    |
|    alpha_raw_std              | 0.0574   |
|    beta_effective_mean        | 0.869    |
|    critic_loss                | 0.0882   |
|    cvar_penalty_raw_mean      | 7.07     |
|    cvar_penalty_weighted_mean | 2.12     |
|    emergency_rate             | 0        |
|    entropy_loss               | -4.05    |
|    penalty_ratio              | 0.2      |
|    prl_prob_max               | 0.999    |
|    prl_prob_mean              | 0.218    |
|    prl_prob_min               | 0.00445  |
|    prl_prob_p05               | 0.0124   |
|    prl_prob_p50               | 0.0771   |
|    prl_prob_p95               | 0.926    |
|    prl_prob_std               | 0.288    |
|    var_penalty_raw_mean       | 3.32e+03 |
|    var_penalty_weighted_mean  | 996      |
|    vz_max                     | 4.31     |
|    vz_mean                    | 0.0759   |
|    vz_min                     | -1.7     |
|    vz_p05                     | -1.19    |
|    vz_p50                     | -0.241   |
|    vz_p95                     | 2.26     |
|    vz_std                     | 1.09     |
--------------------------------------------
--------------------------------------------
| time/                         |          |
|    episodes                   | 20       |
|    fps                        | 42       |
|    time_elapsed               | 919      |
|    total_timesteps            | 39060    |
| train/                        |          |
|    actor_loss                 | -252     |
|    actor_loss_base            | -316     |
|    alpha_clamped_mean         | 0.214    |
|    alpha_next_mean            | 0.214    |
|    alpha_obs_max              | 0.375    |
|    alpha_obs_mean             | 0.214    |
|    alpha_obs_min              | 0.178    |
|    alpha_obs_p05              | 0.179    |
|    alpha_obs_p50              | 0.193    |
|    alpha_obs_p95              | 0.359    |
|    alpha_obs_std              | 0.0534   |
|    alpha_raw_max              | 0.375    |
|    alpha_raw_mean             | 0.214    |
|    alpha_raw_min              | 0.178    |
|    alpha_raw_p05              | 0.179    |
|    alpha_raw_p50              | 0.193    |
|    alpha_raw_p95              | 0.359    |
|    alpha_raw_std              | 0.0534   |
|    beta_effective_mean        | 0.864    |
|    critic_loss                | 0.104    |
|    cvar_penalty_raw_mean      | 10.1     |
|    cvar_penalty_weighted_mean | 3.04     |
|    emergency_rate             | 0        |
|    entropy_loss               | -3.96    |
|    penalty_ratio              | 0.2      |
|    prl_prob_max               | 0.995    |
|    prl_prob_mean              | 0.19     |
|    prl_prob_min               | 0.0076   |
|    prl_prob_p05               | 0.0147   |
|    prl_prob_p50               | 0.0683   |
|    prl_prob_p95               | 0.914    |
|    prl_prob_std               | 0.268    |
|    var_penalty_raw_mean       | 4.67e+03 |
|    var_penalty_weighted_mean  | 1.4e+03  |
|    vz_max                     | 3.6      |
|    vz_mean                    | -0.037   |
|    vz_min                     | -1.44    |
|    vz_p05                     | -1.1     |
|    vz_p50                     | -0.307   |
|    vz_p95                     | 2.18     |
|    vz_std                     | 0.955    |
--------------------------------------------
--------------------------------------------
| time/                         |          |
|    episodes                   | 24       |
|    fps                        | 42       |
|    time_elapsed               | 1107     |
|    total_timesteps            | 46872    |
| train/                        |          |
|    actor_loss                 | -267     |
|    actor_loss_base            | -334     |
|    alpha_clamped_mean         | 0.222    |
|    alpha_next_mean            | 0.222    |
|    alpha_obs_max              | 0.376    |
|    alpha_obs_mean             | 0.222    |
|    alpha_obs_min              | 0.177    |
|    alpha_obs_p05              | 0.179    |
|    alpha_obs_p50              | 0.197    |
|    alpha_obs_p95              | 0.359    |
|    alpha_obs_std              | 0.057    |
|    alpha_raw_max              | 0.376    |
|    alpha_raw_mean             | 0.222    |
|    alpha_raw_min              | 0.177    |
|    alpha_raw_p05              | 0.179    |
|    alpha_raw_p50              | 0.197    |
|    alpha_raw_p95              | 0.359    |
|    alpha_raw_std              | 0.057    |
|    beta_effective_mean        | 0.865    |
|    critic_loss                | 0.106    |
|    cvar_penalty_raw_mean      | 13.8     |
|    cvar_penalty_weighted_mean | 4.13     |
|    emergency_rate             | 0        |
|    entropy_loss               | -4.11    |
|    penalty_ratio              | 0.2      |
|    prl_prob_max               | 0.997    |
|    prl_prob_mean              | 0.229    |
|    prl_prob_min               | 0.00626  |
|    prl_prob_p05               | 0.0143   |
|    prl_prob_p50               | 0.0978   |
|    prl_prob_p95               | 0.913    |
|    prl_prob_std               | 0.286    |
|    var_penalty_raw_mean       | 5.7e+03  |
|    var_penalty_weighted_mean  | 1.71e+03 |
|    vz_max                     | 3.94     |
|    vz_mean                    | 0.105    |
|    vz_min                     | -1.53    |
|    vz_p05                     | -1.12    |
|    vz_p50                     | -0.111   |
|    vz_p95                     | 2.17     |
|    vz_std                     | 0.996    |
--------------------------------------------
--------------------------------------------
| time/                         |          |
|    episodes                   | 28       |
|    fps                        | 42       |
|    time_elapsed               | 1299     |
|    total_timesteps            | 54684    |
| train/                        |          |
|    actor_loss                 | -271     |
|    actor_loss_base            | -339     |
|    alpha_clamped_mean         | 0.216    |
|    alpha_next_mean            | 0.216    |
|    alpha_obs_max              | 0.376    |
|    alpha_obs_mean             | 0.216    |
|    alpha_obs_min              | 0.177    |
|    alpha_obs_p05              | 0.178    |
|    alpha_obs_p50              | 0.194    |
|    alpha_obs_p95              | 0.36     |
|    alpha_obs_std              | 0.0539   |
|    alpha_raw_max              | 0.376    |
|    alpha_raw_mean             | 0.216    |
|    alpha_raw_min              | 0.177    |
|    alpha_raw_p05              | 0.178    |
|    alpha_raw_p50              | 0.194    |
|    alpha_raw_p95              | 0.36     |
|    alpha_raw_std              | 0.0539   |
|    beta_effective_mean        | 0.865    |
|    critic_loss                | 0.0949   |
|    cvar_penalty_raw_mean      | 19       |
|    cvar_penalty_weighted_mean | 5.7      |
|    emergency_rate             | 0        |
|    entropy_loss               | -3.99    |
|    penalty_ratio              | 0.2      |
|    prl_prob_max               | 0.998    |
|    prl_prob_mean              | 0.197    |
|    prl_prob_min               | 0.0056   |
|    prl_prob_p05               | 0.0114   |
|    prl_prob_p50               | 0.0745   |
|    prl_prob_p95               | 0.919    |
|    prl_prob_std               | 0.271    |
|    var_penalty_raw_mean       | 6.71e+03 |
|    var_penalty_weighted_mean  | 2.01e+03 |
|    vz_max                     | 4.22     |
|    vz_mean                    | -0.0134  |
|    vz_min                     | -1.59    |
|    vz_p05                     | -1.23    |
|    vz_p50                     | -0.26    |
|    vz_p95                     | 2.21     |
|    vz_std                     | 1.04     |
--------------------------------------------
--------------------------------------------
| time/                         |          |
|    episodes                   | 32       |
|    fps                        | 42       |
|    time_elapsed               | 1487     |
|    total_timesteps            | 62496    |
| train/                        |          |
|    actor_loss                 | -283     |
|    actor_loss_base            | -353     |
|    alpha_clamped_mean         | 0.214    |
|    alpha_next_mean            | 0.215    |
|    alpha_obs_max              | 0.376    |
|    alpha_obs_mean             | 0.214    |
|    alpha_obs_min              | 0.177    |
|    alpha_obs_p05              | 0.179    |
|    alpha_obs_p50              | 0.195    |
|    alpha_obs_p95              | 0.359    |
|    alpha_obs_std              | 0.0507   |
|    alpha_raw_max              | 0.376    |
|    alpha_raw_mean             | 0.214    |
|    alpha_raw_min              | 0.177    |
|    alpha_raw_p05              | 0.179    |
|    alpha_raw_p50              | 0.195    |
|    alpha_raw_p95              | 0.359    |
|    alpha_raw_std              | 0.0507   |
|    beta_effective_mean        | 0.852    |
|    critic_loss                | 0.0861   |
|    cvar_penalty_raw_mean      | 16.4     |
|    cvar_penalty_weighted_mean | 4.93     |
|    emergency_rate             | 0        |
|    entropy_loss               | -3.96    |
|    penalty_ratio              | 0.2      |
|    prl_prob_max               | 0.998    |
|    prl_prob_mean              | 0.19     |
|    prl_prob_min               | 0.00445  |
|    prl_prob_p05               | 0.0122   |
|    prl_prob_p50               | 0.0848   |
|    prl_prob_p95               | 0.912    |
|    prl_prob_std               | 0.255    |
|    var_penalty_raw_mean       | 6.55e+03 |
|    var_penalty_weighted_mean  | 1.96e+03 |
|    vz_max                     | 4.15     |
|    vz_mean                    | -0.0179  |
|    vz_min                     | -1.7     |
|    vz_p05                     | -1.2     |
|    vz_p50                     | -0.189   |
|    vz_p95                     | 2.17     |
|    vz_std                     | 0.934    |
--------------------------------------------
--------------------------------------------
| time/                         |          |
|    episodes                   | 36       |
|    fps                        | 42       |
|    time_elapsed               | 1672     |
|    total_timesteps            | 70308    |
| train/                        |          |
|    actor_loss                 | -282     |
|    actor_loss_base            | -353     |
|    alpha_clamped_mean         | 0.206    |
|    alpha_next_mean            | 0.207    |
|    alpha_obs_max              | 0.374    |
|    alpha_obs_mean             | 0.206    |
|    alpha_obs_min              | 0.178    |
|    alpha_obs_p05              | 0.179    |
|    alpha_obs_p50              | 0.193    |
|    alpha_obs_p95              | 0.343    |
|    alpha_obs_std              | 0.0436   |
|    alpha_raw_max              | 0.374    |
|    alpha_raw_mean             | 0.206    |
|    alpha_raw_min              | 0.178    |
|    alpha_raw_p05              | 0.179    |
|    alpha_raw_p50              | 0.193    |
|    alpha_raw_p95              | 0.343    |
|    alpha_raw_std              | 0.0436   |
|    beta_effective_mean        | 0.848    |
|    critic_loss                | 0.0842   |
|    cvar_penalty_raw_mean      | 21.1     |
|    cvar_penalty_weighted_mean | 6.34     |
|    emergency_rate             | 0        |
|    entropy_loss               | -3.79    |
|    penalty_ratio              | 0.2      |
|    prl_prob_max               | 0.991    |
|    prl_prob_mean              | 0.149    |
|    prl_prob_min               | 0.00672  |
|    prl_prob_p05               | 0.0121   |
|    prl_prob_p50               | 0.0695   |
|    prl_prob_p95               | 0.833    |
|    prl_prob_std               | 0.22     |
|    var_penalty_raw_mean       | 8.01e+03 |
|    var_penalty_weighted_mean  | 2.4e+03  |
|    vz_max                     | 3.35     |
|    vz_mean                    | -0.179   |
|    vz_min                     | -1.5     |
|    vz_p05                     | -1.2     |
|    vz_p50                     | -0.297   |
|    vz_p95                     | 1.8      |
|    vz_std                     | 0.833    |
--------------------------------------------
--------------------------------------------
| time/                         |          |
|    episodes                   | 40       |
|    fps                        | 41       |
|    time_elapsed               | 1861     |
|    total_timesteps            | 78120    |
| train/                        |          |
|    actor_loss                 | -291     |
|    actor_loss_base            | -363     |
|    alpha_clamped_mean         | 0.217    |
|    alpha_next_mean            | 0.217    |
|    alpha_obs_max              | 0.376    |
|    alpha_obs_mean             | 0.217    |
|    alpha_obs_min              | 0.178    |
|    alpha_obs_p05              | 0.179    |
|    alpha_obs_p50              | 0.194    |
|    alpha_obs_p95              | 0.364    |
|    alpha_obs_std              | 0.0556   |
|    alpha_raw_max              | 0.376    |
|    alpha_raw_mean             | 0.217    |
|    alpha_raw_min              | 0.178    |
|    alpha_raw_p05              | 0.179    |
|    alpha_raw_p50              | 0.194    |
|    alpha_raw_p95              | 0.364    |
|    alpha_raw_std              | 0.0556   |
|    beta_effective_mean        | 0.864    |
|    critic_loss                | 0.121    |
|    cvar_penalty_raw_mean      | 21.1     |
|    cvar_penalty_weighted_mean | 6.32     |
|    emergency_rate             | 0        |
|    entropy_loss               | -4.02    |
|    penalty_ratio              | 0.2      |
|    prl_prob_max               | 0.999    |
|    prl_prob_mean              | 0.205    |
|    prl_prob_min               | 0.00672  |
|    prl_prob_p05               | 0.0142   |
|    prl_prob_p50               | 0.0737   |
|    prl_prob_p95               | 0.941    |
|    prl_prob_std               | 0.28     |
|    var_penalty_raw_mean       | 8.54e+03 |
|    var_penalty_weighted_mean  | 2.56e+03 |
|    vz_max                     | 4.32     |
|    vz_mean                    | 0.0554   |
|    vz_min                     | -1.5     |
|    vz_p05                     | -1.12    |
|    vz_p50                     | -0.266   |
|    vz_p95                     | 2.39     |
|    vz_std                     | 1.09     |
--------------------------------------------
--------------------------------------------
| time/                         |          |
|    episodes                   | 44       |
|    fps                        | 41       |
|    time_elapsed               | 2050     |
|    total_timesteps            | 85932    |
| train/                        |          |
|    actor_loss                 | -296     |
|    actor_loss_base            | -370     |
|    alpha_clamped_mean         | 0.21     |
|    alpha_next_mean            | 0.211    |
|    alpha_obs_max              | 0.376    |
|    alpha_obs_mean             | 0.21     |
|    alpha_obs_min              | 0.177    |
|    alpha_obs_p05              | 0.178    |
|    alpha_obs_p50              | 0.195    |
|    alpha_obs_p95              | 0.349    |
|    alpha_obs_std              | 0.046    |
|    alpha_raw_max              | 0.376    |
|    alpha_raw_mean             | 0.21     |
|    alpha_raw_min              | 0.177    |
|    alpha_raw_p05              | 0.178    |
|    alpha_raw_p50              | 0.195    |
|    alpha_raw_p95              | 0.349    |
|    alpha_raw_std              | 0.046    |
|    beta_effective_mean        | 0.855    |
|    critic_loss                | 0.0944   |
|    cvar_penalty_raw_mean      | 14.1     |
|    cvar_penalty_weighted_mean | 4.23     |
|    emergency_rate             | 0        |
|    entropy_loss               | -3.88    |
|    penalty_ratio              | 0.2      |
|    prl_prob_max               | 0.999    |
|    prl_prob_mean              | 0.171    |
|    prl_prob_min               | 0.00445  |
|    prl_prob_p05               | 0.0107   |
|    prl_prob_p50               | 0.0804   |
|    prl_prob_p95               | 0.862    |
|    prl_prob_std               | 0.232    |
|    var_penalty_raw_mean       | 4.86e+03 |
|    var_penalty_weighted_mean  | 1.46e+03 |
|    vz_max                     | 4.32     |
|    vz_mean                    | -0.0811  |
|    vz_min                     | -1.7     |
|    vz_p05                     | -1.26    |
|    vz_p50                     | -0.218   |
|    vz_p95                     | 1.92     |
|    vz_std                     | 0.94     |
--------------------------------------------
--------------------------------------------
| time/                         |          |
|    episodes                   | 48       |
|    fps                        | 41       |
|    time_elapsed               | 2240     |
|    total_timesteps            | 93744    |
| train/                        |          |
|    actor_loss                 | -295     |
|    actor_loss_base            | -369     |
|    alpha_clamped_mean         | 0.211    |
|    alpha_next_mean            | 0.211    |
|    alpha_obs_max              | 0.376    |
|    alpha_obs_mean             | 0.211    |
|    alpha_obs_min              | 0.178    |
|    alpha_obs_p05              | 0.178    |
|    alpha_obs_p50              | 0.194    |
|    alpha_obs_p95              | 0.35     |
|    alpha_obs_std              | 0.0467   |
|    alpha_raw_max              | 0.376    |
|    alpha_raw_mean             | 0.211    |
|    alpha_raw_min              | 0.178    |
|    alpha_raw_p05              | 0.178    |
|    alpha_raw_p50              | 0.194    |
|    alpha_raw_p95              | 0.35     |
|    alpha_raw_std              | 0.0467   |
|    beta_effective_mean        | 0.858    |
|    critic_loss                | 0.111    |
|    cvar_penalty_raw_mean      | 18.9     |
|    cvar_penalty_weighted_mean | 5.67     |
|    emergency_rate             | 0        |
|    entropy_loss               | -3.9     |
|    penalty_ratio              | 0.2      |
|    prl_prob_max               | 0.997    |
|    prl_prob_mean              | 0.173    |
|    prl_prob_min               | 0.007    |
|    prl_prob_p05               | 0.0108   |
|    prl_prob_p50               | 0.0773   |
|    prl_prob_p95               | 0.871    |
|    prl_prob_std               | 0.235    |
|    var_penalty_raw_mean       | 6.74e+03 |
|    var_penalty_weighted_mean  | 2.02e+03 |
|    vz_max                     | 3.97     |
|    vz_mean                    | -0.0869  |
|    vz_min                     | -1.48    |
|    vz_p05                     | -1.26    |
|    vz_p50                     | -0.24    |
|    vz_p95                     | 1.95     |
|    vz_std                     | 0.91     |
--------------------------------------------
Model saved to /workspace/execution-aware-portfolio-rl/paper/forecasting_workshop/generalization/multi_split_compact_v1/splits/split_b/train_control/models/20260414T153109Z_8eeee91e_seed2_prl_2b72_final.zip
[TRAIN-END] split=split_b seed=2
[WAIT] all expected models are present for split_b
[FINALIZER-START] split=split_b
[INFO] phase=control_eta_validation_first
[INFO] current_config=/workspace/execution-aware-portfolio-rl/paper/forecasting_workshop/generalization/multi_split_compact_v1/prepared/configs/split_b/current_config.yaml
[INFO] seeds=0 1 2 3 4 5 6 7 8 9
[INFO] etas=1.0 0.5 0.2 0.1 0.082 0.05 0.02
[INFO] kappas=0.0 0.0005 0.001
[INFO] validation_window=2018-01-01~2019-12-31
[INFO] final_window=2020-01-01~2021-12-31
[INFO] run_root=/workspace/execution-aware-portfolio-rl/paper/forecasting_workshop/generalization/multi_split_compact_v1/splits/split_b
[INFO] python_cmd=/workspace/execution-aware-portfolio-rl/.venv/bin/python
[INFO] final_mode=selected_plus_baseline
[STEP-START] materialize_validation_and_final_configs :: 2026-04-14T16:11:02Z
{
  "generated_at": "20260414T161102Z",
  "current_config": "/workspace/execution-aware-portfolio-rl/paper/forecasting_workshop/generalization/multi_split_compact_v1/prepared/configs/split_b/current_config.yaml",
  "snapshot_config_out": "/workspace/execution-aware-portfolio-rl/paper/forecasting_workshop/generalization/multi_split_compact_v1/splits/split_b/configs/snapshot_control.yaml",
  "signal_snapshot_out": "/workspace/execution-aware-portfolio-rl/paper/forecasting_workshop/generalization/multi_split_compact_v1/splits/split_b/configs/selected_signals_snapshot.json",
  "validation_config_out": "/workspace/execution-aware-portfolio-rl/paper/forecasting_workshop/generalization/multi_split_compact_v1/splits/split_b/configs/validation_eta.yaml",
  "final_config_out": "/workspace/execution-aware-portfolio-rl/paper/forecasting_workshop/generalization/multi_split_compact_v1/splits/split_b/configs/final_eta.yaml",
  "forward_config_out": "",
  "processed_dir": "data/processed_u27",
  "returns_path": "data/processed_u27/returns.parquet",
  "cache_max_date": "2026-03-20",
  "validation_start": "2018-01-01",
  "validation_end": "2019-12-31",
  "final_start": "2020-01-01",
  "final_end": "2021-12-31",
  "forward_start": "2026-01-01",
  "selected_signals": [
    "reversal_5d",
    "short_term_reversal"
  ],
  "sac_total_timesteps": 25000,
  "train_output_root": "/workspace/execution-aware-portfolio-rl/paper/forecasting_workshop/generalization/multi_split_compact_v1/splits/split_b/train_control",
  "validation_output_root": "/workspace/execution-aware-portfolio-rl/paper/forecasting_workshop/generalization/multi_split_compact_v1/splits/split_b/validation_eta",
  "final_output_root": "/workspace/execution-aware-portfolio-rl/paper/forecasting_workshop/generalization/multi_split_compact_v1/splits/split_b/final_eta",
  "forward_output_root": null
}
[STEP-END] materialize_validation_and_final_configs rc=0 :: 2026-04-14T16:11:03Z
[INFO] skip training phase (RUN_TRAIN=0)
[STEP-START] validation_eta_frontier :: 2026-04-14T16:11:03Z
INFO:__main__:Using metadata config for model compatibility: /workspace/execution-aware-portfolio-rl/paper/forecasting_workshop/generalization/multi_split_compact_v1/splits/split_b/configs/snapshot_control.yaml
INFO:prl.data:Loading processed cache from data/processed_u27
STEP6_SANITY_METRICS {"avg_turnover_exec_eta02": 0.0005325281565495219, "avg_turnover_exec_eta1": 0.020432808777796924, "test2_ratio": 0.026062405924739407}
STEP6 SANITY PASSED
Traceback (most recent call last):
  File "/workspace/execution-aware-portfolio-rl/prl-dow30/scripts/step6_run_matrix.py", line 368, in _resolve_model_path_by_seed
    ctx = build_eval_context(
          ^^^^^^^^^^^^^^^^^^^
  File "/workspace/execution-aware-portfolio-rl/prl-dow30/scripts/step6_sanity.py", line 335, in build_eval_context
    raise FileNotFoundError(f"Model not found: {model_path}")
FileNotFoundError: Model not found: /workspace/execution-aware-portfolio-rl/paper/forecasting_workshop/generalization/multi_split_compact_v1/splits/split_b/train_control/models/prl_seed3_final.zip

The above exception was the direct cause of the following exception:

Traceback (most recent call last):
  File "/workspace/execution-aware-portfolio-rl/prl-dow30/scripts/step6_run_matrix.py", line 642, in <module>
    main()
  File "/workspace/execution-aware-portfolio-rl/prl-dow30/scripts/step6_run_matrix.py", line 454, in main
    model_path_by_seed = _resolve_model_path_by_seed(
                         ^^^^^^^^^^^^^^^^^^^^^^^^^^^^
  File "/workspace/execution-aware-portfolio-rl/prl-dow30/scripts/step6_run_matrix.py", line 380, in _resolve_model_path_by_seed
    raise FileNotFoundError(
FileNotFoundError: Independent seed model resolution failed. missing_seed=3, expected_path=/workspace/execution-aware-portfolio-rl/paper/forecasting_workshop/generalization/multi_split_compact_v1/splits/split_b/train_control/models/prl_seed3_final.zip, resolution=Train/export this seed model (or run with --seed-model-mode shared).
[STEP-END] validation_eta_frontier rc=1 :: 2026-04-14T16:11:15Z
