[BUCKET-START] split=split_c seeds=0 1 2 finalizer=1
[TRAIN-START] split=split_c seed=0
INFO:prl.data:Loading processed cache from data/processed_u27
Using cuda device
INFO:prl.prl:PRL mid_plasticity_multiplier applied: multiplier=0.700 mid_fraction=0.082
--------------------------------------------
| time/                         |          |
|    episodes                   | 4        |
|    fps                        | 41       |
|    time_elapsed               | 236      |
|    total_timesteps            | 9824     |
| train/                        |          |
|    actor_loss                 | -104     |
|    actor_loss_base            | -130     |
|    alpha_clamped_mean         | 0.214    |
|    alpha_next_mean            | 0.214    |
|    alpha_obs_max              | 0.376    |
|    alpha_obs_mean             | 0.214    |
|    alpha_obs_min              | 0.177    |
|    alpha_obs_p05              | 0.179    |
|    alpha_obs_p50              | 0.194    |
|    alpha_obs_p95              | 0.346    |
|    alpha_obs_std              | 0.0512   |
|    alpha_raw_max              | 0.376    |
|    alpha_raw_mean             | 0.214    |
|    alpha_raw_min              | 0.177    |
|    alpha_raw_p05              | 0.179    |
|    alpha_raw_p50              | 0.194    |
|    alpha_raw_p95              | 0.346    |
|    alpha_raw_std              | 0.0512   |
|    beta_effective_mean        | 0.876    |
|    critic_loss                | 0.696    |
|    cvar_penalty_raw_mean      | 1.39     |
|    cvar_penalty_weighted_mean | 0.418    |
|    emergency_rate             | 0        |
|    entropy_loss               | -3.47    |
|    penalty_ratio              | 0.2      |
|    prl_prob_max               | 0.999    |
|    prl_prob_mean              | 0.188    |
|    prl_prob_min               | 0.00387  |
|    prl_prob_p05               | 0.0126   |
|    prl_prob_p50               | 0.0766   |
|    prl_prob_p95               | 0.85     |
|    prl_prob_std               | 0.257    |
|    var_penalty_raw_mean       | 454      |
|    var_penalty_weighted_mean  | 136      |
|    vz_max                     | 4.26     |
|    vz_mean                    | -0.0576  |
|    vz_min                     | -1.78    |
|    vz_p05                     | -1.18    |
|    vz_p50                     | -0.245   |
|    vz_p95                     | 1.87     |
|    vz_std                     | 0.97     |
--------------------------------------------
--------------------------------------------
| time/                         |          |
|    episodes                   | 8        |
|    fps                        | 41       |
|    time_elapsed               | 475      |
|    total_timesteps            | 19648    |
| train/                        |          |
|    actor_loss                 | -174     |
|    actor_loss_base            | -217     |
|    alpha_clamped_mean         | 0.222    |
|    alpha_next_mean            | 0.222    |
|    alpha_obs_max              | 0.376    |
|    alpha_obs_mean             | 0.222    |
|    alpha_obs_min              | 0.177    |
|    alpha_obs_p05              | 0.179    |
|    alpha_obs_p50              | 0.195    |
|    alpha_obs_p95              | 0.36     |
|    alpha_obs_std              | 0.059    |
|    alpha_raw_max              | 0.376    |
|    alpha_raw_mean             | 0.222    |
|    alpha_raw_min              | 0.177    |
|    alpha_raw_p05              | 0.179    |
|    alpha_raw_p50              | 0.195    |
|    alpha_raw_p95              | 0.36     |
|    alpha_raw_std              | 0.059    |
|    beta_effective_mean        | 0.87     |
|    critic_loss                | 0.246    |
|    cvar_penalty_raw_mean      | 2.79     |
|    cvar_penalty_weighted_mean | 0.836    |
|    emergency_rate             | 0        |
|    entropy_loss               | -4.02    |
|    penalty_ratio              | 0.2      |
|    prl_prob_max               | 0.998    |
|    prl_prob_mean              | 0.23     |
|    prl_prob_min               | 0.00387  |
|    prl_prob_p05               | 0.0123   |
|    prl_prob_p50               | 0.0823   |
|    prl_prob_p95               | 0.919    |
|    prl_prob_std               | 0.296    |
|    var_penalty_raw_mean       | 1.61e+03 |
|    var_penalty_weighted_mean  | 484      |
|    vz_max                     | 4.1      |
|    vz_mean                    | 0.0807   |
|    vz_min                     | -1.78    |
|    vz_p05                     | -1.19    |
|    vz_p50                     | -0.206   |
|    vz_p95                     | 2.21     |
|    vz_std                     | 1.04     |
--------------------------------------------
--------------------------------------------
| time/                         |          |
|    episodes                   | 12       |
|    fps                        | 41       |
|    time_elapsed               | 712      |
|    total_timesteps            | 29472    |
| train/                        |          |
|    actor_loss                 | -223     |
|    actor_loss_base            | -278     |
|    alpha_clamped_mean         | 0.209    |
|    alpha_next_mean            | 0.209    |
|    alpha_obs_max              | 0.376    |
|    alpha_obs_mean             | 0.209    |
|    alpha_obs_min              | 0.177    |
|    alpha_obs_p05              | 0.179    |
|    alpha_obs_p50              | 0.192    |
|    alpha_obs_p95              | 0.34     |
|    alpha_obs_std              | 0.0469   |
|    alpha_raw_max              | 0.376    |
|    alpha_raw_mean             | 0.209    |
|    alpha_raw_min              | 0.177    |
|    alpha_raw_p05              | 0.179    |
|    alpha_raw_p50              | 0.192    |
|    alpha_raw_p95              | 0.34     |
|    alpha_raw_std              | 0.0469   |
|    beta_effective_mean        | 0.859    |
|    critic_loss                | 0.139    |
|    cvar_penalty_raw_mean      | 5.74     |
|    cvar_penalty_weighted_mean | 1.72     |
|    emergency_rate             | 0        |
|    entropy_loss               | -3.85    |
|    penalty_ratio              | 0.2      |
|    prl_prob_max               | 0.998    |
|    prl_prob_mean              | 0.164    |
|    prl_prob_min               | 0.00425  |
|    prl_prob_p05               | 0.0125   |
|    prl_prob_p50               | 0.0637   |
|    prl_prob_p95               | 0.817    |
|    prl_prob_std               | 0.237    |
|    var_penalty_raw_mean       | 3.23e+03 |
|    var_penalty_weighted_mean  | 970      |
|    vz_max                     | 4.17     |
|    vz_mean                    | -0.113   |
|    vz_min                     | -1.73    |
|    vz_p05                     | -1.19    |
|    vz_p50                     | -0.344   |
|    vz_p95                     | 1.75     |
|    vz_std                     | 0.978    |
--------------------------------------------
--------------------------------------------
| time/                         |          |
|    episodes                   | 16       |
|    fps                        | 41       |
|    time_elapsed               | 949      |
|    total_timesteps            | 39296    |
| train/                        |          |
|    actor_loss                 | -255     |
|    actor_loss_base            | -318     |
|    alpha_clamped_mean         | 0.216    |
|    alpha_next_mean            | 0.215    |
|    alpha_obs_max              | 0.376    |
|    alpha_obs_mean             | 0.216    |
|    alpha_obs_min              | 0.177    |
|    alpha_obs_p05              | 0.178    |
|    alpha_obs_p50              | 0.192    |
|    alpha_obs_p95              | 0.359    |
|    alpha_obs_std              | 0.0555   |
|    alpha_raw_max              | 0.376    |
|    alpha_raw_mean             | 0.216    |
|    alpha_raw_min              | 0.177    |
|    alpha_raw_p05              | 0.178    |
|    alpha_raw_p50              | 0.192    |
|    alpha_raw_p95              | 0.359    |
|    alpha_raw_std              | 0.0555   |
|    beta_effective_mean        | 0.875    |
|    critic_loss                | 0.115    |
|    cvar_penalty_raw_mean      | 6.63     |
|    cvar_penalty_weighted_mean | 1.99     |
|    emergency_rate             | 0        |
|    entropy_loss               | -3.99    |
|    penalty_ratio              | 0.2      |
|    prl_prob_max               | 0.999    |
|    prl_prob_mean              | 0.198    |
|    prl_prob_min               | 0.00544  |
|    prl_prob_p05               | 0.0112   |
|    prl_prob_p50               | 0.0645   |
|    prl_prob_p95               | 0.916    |
|    prl_prob_std               | 0.279    |
|    var_penalty_raw_mean       | 3.63e+03 |
|    var_penalty_weighted_mean  | 1.09e+03 |
|    vz_max                     | 4.25     |
|    vz_mean                    | -0.0389  |
|    vz_min                     | -1.6     |
|    vz_p05                     | -1.24    |
|    vz_p50                     | -0.337   |
|    vz_p95                     | 2.19     |
|    vz_std                     | 1.05     |
--------------------------------------------
--------------------------------------------
| time/                         |          |
|    episodes                   | 20       |
|    fps                        | 41       |
|    time_elapsed               | 1181     |
|    total_timesteps            | 49120    |
| train/                        |          |
|    actor_loss                 | -274     |
|    actor_loss_base            | -343     |
|    alpha_clamped_mean         | 0.218    |
|    alpha_next_mean            | 0.217    |
|    alpha_obs_max              | 0.376    |
|    alpha_obs_mean             | 0.218    |
|    alpha_obs_min              | 0.178    |
|    alpha_obs_p05              | 0.179    |
|    alpha_obs_p50              | 0.194    |
|    alpha_obs_p95              | 0.346    |
|    alpha_obs_std              | 0.0531   |
|    alpha_raw_max              | 0.376    |
|    alpha_raw_mean             | 0.218    |
|    alpha_raw_min              | 0.178    |
|    alpha_raw_p05              | 0.179    |
|    alpha_raw_p50              | 0.194    |
|    alpha_raw_p95              | 0.346    |
|    alpha_raw_std              | 0.0531   |
|    beta_effective_mean        | 0.869    |
|    critic_loss                | 0.139    |
|    cvar_penalty_raw_mean      | 8.78     |
|    cvar_penalty_weighted_mean | 2.63     |
|    emergency_rate             | 0        |
|    entropy_loss               | -4.02    |
|    penalty_ratio              | 0.2      |
|    prl_prob_max               | 0.998    |
|    prl_prob_mean              | 0.208    |
|    prl_prob_min               | 0.00758  |
|    prl_prob_p05               | 0.0164   |
|    prl_prob_p50               | 0.0773   |
|    prl_prob_p95               | 0.85     |
|    prl_prob_std               | 0.267    |
|    var_penalty_raw_mean       | 4.49e+03 |
|    var_penalty_weighted_mean  | 1.35e+03 |
|    vz_max                     | 4.23     |
|    vz_mean                    | 0.0154   |
|    vz_min                     | -1.44    |
|    vz_p05                     | -1.05    |
|    vz_p50                     | -0.24    |
|    vz_p95                     | 1.87     |
|    vz_std                     | 0.929    |
--------------------------------------------
--------------------------------------------
| time/                         |          |
|    episodes                   | 24       |
|    fps                        | 41       |
|    time_elapsed               | 1417     |
|    total_timesteps            | 58944    |
| train/                        |          |
|    actor_loss                 | -283     |
|    actor_loss_base            | -354     |
|    alpha_clamped_mean         | 0.215    |
|    alpha_next_mean            | 0.214    |
|    alpha_obs_max              | 0.376    |
|    alpha_obs_mean             | 0.215    |
|    alpha_obs_min              | 0.177    |
|    alpha_obs_p05              | 0.178    |
|    alpha_obs_p50              | 0.193    |
|    alpha_obs_p95              | 0.355    |
|    alpha_obs_std              | 0.0544   |
|    alpha_raw_max              | 0.376    |
|    alpha_raw_mean             | 0.215    |
|    alpha_raw_min              | 0.177    |
|    alpha_raw_p05              | 0.178    |
|    alpha_raw_p50              | 0.193    |
|    alpha_raw_p95              | 0.355    |
|    alpha_raw_std              | 0.0544   |
|    beta_effective_mean        | 0.866    |
|    critic_loss                | 0.132    |
|    cvar_penalty_raw_mean      | 6.43     |
|    cvar_penalty_weighted_mean | 1.93     |
|    emergency_rate             | 0        |
|    entropy_loss               | -3.98    |
|    penalty_ratio              | 0.2      |
|    prl_prob_max               | 0.998    |
|    prl_prob_mean              | 0.192    |
|    prl_prob_min               | 0.00387  |
|    prl_prob_p05               | 0.0107   |
|    prl_prob_p50               | 0.0693   |
|    prl_prob_p95               | 0.895    |
|    prl_prob_std               | 0.274    |
|    var_penalty_raw_mean       | 3.37e+03 |
|    var_penalty_weighted_mean  | 1.01e+03 |
|    vz_max                     | 4.03     |
|    vz_mean                    | -0.0568  |
|    vz_min                     | -1.78    |
|    vz_p05                     | -1.26    |
|    vz_p50                     | -0.298   |
|    vz_p95                     | 2.07     |
|    vz_std                     | 1        |
--------------------------------------------
--------------------------------------------
| time/                         |          |
|    episodes                   | 28       |
|    fps                        | 41       |
|    time_elapsed               | 1658     |
|    total_timesteps            | 68768    |
| train/                        |          |
|    actor_loss                 | -293     |
|    actor_loss_base            | -366     |
|    alpha_clamped_mean         | 0.213    |
|    alpha_next_mean            | 0.213    |
|    alpha_obs_max              | 0.376    |
|    alpha_obs_mean             | 0.213    |
|    alpha_obs_min              | 0.177    |
|    alpha_obs_p05              | 0.179    |
|    alpha_obs_p50              | 0.193    |
|    alpha_obs_p95              | 0.348    |
|    alpha_obs_std              | 0.0508   |
|    alpha_raw_max              | 0.376    |
|    alpha_raw_mean             | 0.213    |
|    alpha_raw_min              | 0.177    |
|    alpha_raw_p05              | 0.179    |
|    alpha_raw_p50              | 0.193    |
|    alpha_raw_p95              | 0.348    |
|    alpha_raw_std              | 0.0508   |
|    beta_effective_mean        | 0.855    |
|    critic_loss                | 0.123    |
|    cvar_penalty_raw_mean      | 9.27     |
|    cvar_penalty_weighted_mean | 2.78     |
|    emergency_rate             | 0        |
|    entropy_loss               | -3.92    |
|    penalty_ratio              | 0.2      |
|    prl_prob_max               | 0.998    |
|    prl_prob_mean              | 0.185    |
|    prl_prob_min               | 0.00544  |
|    prl_prob_p05               | 0.0133   |
|    prl_prob_p50               | 0.0696   |
|    prl_prob_p95               | 0.861    |
|    prl_prob_std               | 0.256    |
|    var_penalty_raw_mean       | 4.61e+03 |
|    var_penalty_weighted_mean  | 1.38e+03 |
|    vz_max                     | 4.03     |
|    vz_mean                    | -0.0475  |
|    vz_min                     | -1.6     |
|    vz_p05                     | -1.15    |
|    vz_p50                     | -0.296   |
|    vz_p95                     | 1.91     |
|    vz_std                     | 0.926    |
--------------------------------------------
--------------------------------------------
| time/                         |          |
|    episodes                   | 32       |
|    fps                        | 41       |
|    time_elapsed               | 1887     |
|    total_timesteps            | 78592    |
| train/                        |          |
|    actor_loss                 | -291     |
|    actor_loss_base            | -364     |
|    alpha_clamped_mean         | 0.215    |
|    alpha_next_mean            | 0.215    |
|    alpha_obs_max              | 0.376    |
|    alpha_obs_mean             | 0.215    |
|    alpha_obs_min              | 0.177    |
|    alpha_obs_p05              | 0.179    |
|    alpha_obs_p50              | 0.194    |
|    alpha_obs_p95              | 0.345    |
|    alpha_obs_std              | 0.0523   |
|    alpha_raw_max              | 0.376    |
|    alpha_raw_mean             | 0.215    |
|    alpha_raw_min              | 0.177    |
|    alpha_raw_p05              | 0.179    |
|    alpha_raw_p50              | 0.194    |
|    alpha_raw_p95              | 0.345    |
|    alpha_raw_std              | 0.0523   |
|    beta_effective_mean        | 0.873    |
|    critic_loss                | 0.123    |
|    cvar_penalty_raw_mean      | 12.9     |
|    cvar_penalty_weighted_mean | 3.87     |
|    emergency_rate             | 0        |
|    entropy_loss               | -3.97    |
|    penalty_ratio              | 0.2      |
|    prl_prob_max               | 0.999    |
|    prl_prob_mean              | 0.194    |
|    prl_prob_min               | 0.00609  |
|    prl_prob_p05               | 0.0124   |
|    prl_prob_p50               | 0.0774   |
|    prl_prob_p95               | 0.847    |
|    prl_prob_std               | 0.263    |
|    var_penalty_raw_mean       | 5.68e+03 |
|    var_penalty_weighted_mean  | 1.7e+03  |
|    vz_max                     | 4.26     |
|    vz_mean                    | -0.0488  |
|    vz_min                     | -1.55    |
|    vz_p05                     | -1.19    |
|    vz_p50                     | -0.239   |
|    vz_p95                     | 1.85     |
|    vz_std                     | 0.961    |
--------------------------------------------
--------------------------------------------
| time/                         |          |
|    episodes                   | 36       |
|    fps                        | 41       |
|    time_elapsed               | 2120     |
|    total_timesteps            | 88416    |
| train/                        |          |
|    actor_loss                 | -298     |
|    actor_loss_base            | -372     |
|    alpha_clamped_mean         | 0.216    |
|    alpha_next_mean            | 0.215    |
|    alpha_obs_max              | 0.376    |
|    alpha_obs_mean             | 0.216    |
|    alpha_obs_min              | 0.177    |
|    alpha_obs_p05              | 0.178    |
|    alpha_obs_p50              | 0.194    |
|    alpha_obs_p95              | 0.354    |
|    alpha_obs_std              | 0.0542   |
|    alpha_raw_max              | 0.376    |
|    alpha_raw_mean             | 0.216    |
|    alpha_raw_min              | 0.177    |
|    alpha_raw_p05              | 0.178    |
|    alpha_raw_p50              | 0.194    |
|    alpha_raw_p95              | 0.354    |
|    alpha_raw_std              | 0.0542   |
|    beta_effective_mean        | 0.865    |
|    critic_loss                | 0.109    |
|    cvar_penalty_raw_mean      | 11.4     |
|    cvar_penalty_weighted_mean | 3.42     |
|    emergency_rate             | 0        |
|    entropy_loss               | -3.98    |
|    penalty_ratio              | 0.2      |
|    prl_prob_max               | 0.998    |
|    prl_prob_mean              | 0.198    |
|    prl_prob_min               | 0.00387  |
|    prl_prob_p05               | 0.0116   |
|    prl_prob_p50               | 0.073    |
|    prl_prob_p95               | 0.891    |
|    prl_prob_std               | 0.272    |
|    var_penalty_raw_mean       | 5.25e+03 |
|    var_penalty_weighted_mean  | 1.58e+03 |
|    vz_max                     | 4.22     |
|    vz_mean                    | -0.0151  |
|    vz_min                     | -1.78    |
|    vz_p05                     | -1.22    |
|    vz_p50                     | -0.271   |
|    vz_p95                     | 2.05     |
|    vz_std                     | 1.03     |
--------------------------------------------
--------------------------------------------
| time/                         |          |
|    episodes                   | 40       |
|    fps                        | 41       |
|    time_elapsed               | 2359     |
|    total_timesteps            | 98240    |
| train/                        |          |
|    actor_loss                 | -303     |
|    actor_loss_base            | -378     |
|    alpha_clamped_mean         | 0.22     |
|    alpha_next_mean            | 0.221    |
|    alpha_obs_max              | 0.376    |
|    alpha_obs_mean             | 0.22     |
|    alpha_obs_min              | 0.177    |
|    alpha_obs_p05              | 0.179    |
|    alpha_obs_p50              | 0.195    |
|    alpha_obs_p95              | 0.357    |
|    alpha_obs_std              | 0.0569   |
|    alpha_raw_max              | 0.376    |
|    alpha_raw_mean             | 0.22     |
|    alpha_raw_min              | 0.177    |
|    alpha_raw_p05              | 0.179    |
|    alpha_raw_p50              | 0.195    |
|    alpha_raw_p95              | 0.357    |
|    alpha_raw_std              | 0.0569   |
|    beta_effective_mean        | 0.876    |
|    critic_loss                | 0.118    |
|    cvar_penalty_raw_mean      | 10.4     |
|    cvar_penalty_weighted_mean | 3.11     |
|    emergency_rate             | 0        |
|    entropy_loss               | -4.05    |
|    penalty_ratio              | 0.2      |
|    prl_prob_max               | 0.998    |
|    prl_prob_mean              | 0.22     |
|    prl_prob_min               | 0.00425  |
|    prl_prob_p05               | 0.0145   |
|    prl_prob_p50               | 0.0852   |
|    prl_prob_p95               | 0.902    |
|    prl_prob_std               | 0.286    |
|    var_penalty_raw_mean       | 5.06e+03 |
|    var_penalty_weighted_mean  | 1.52e+03 |
|    vz_max                     | 4.22     |
|    vz_mean                    | 0.0474   |
|    vz_min                     | -1.73    |
|    vz_p05                     | -1.11    |
|    vz_p50                     | -0.187   |
|    vz_p95                     | 2.11     |
|    vz_std                     | 1.01     |
--------------------------------------------
Model saved to /workspace/execution-aware-portfolio-rl/paper/forecasting_workshop/generalization/multi_split_compact_v1/splits/split_c/train_control/models/20260414T141042Z_a0387ea8_seed0_prl_855f_final.zip
[TRAIN-END] split=split_c seed=0
[TRAIN-START] split=split_c seed=1
INFO:prl.data:Loading processed cache from data/processed_u27
Using cuda device
INFO:prl.prl:PRL mid_plasticity_multiplier applied: multiplier=0.700 mid_fraction=0.098
--------------------------------------------
| time/                         |          |
|    episodes                   | 4        |
|    fps                        | 42       |
|    time_elapsed               | 233      |
|    total_timesteps            | 9824     |
| train/                        |          |
|    actor_loss                 | -106     |
|    actor_loss_base            | -133     |
|    alpha_clamped_mean         | 0.221    |
|    alpha_next_mean            | 0.221    |
|    alpha_obs_max              | 0.376    |
|    alpha_obs_mean             | 0.221    |
|    alpha_obs_min              | 0.177    |
|    alpha_obs_p05              | 0.179    |
|    alpha_obs_p50              | 0.198    |
|    alpha_obs_p95              | 0.362    |
|    alpha_obs_std              | 0.0559   |
|    alpha_raw_max              | 0.376    |
|    alpha_raw_mean             | 0.221    |
|    alpha_raw_min              | 0.177    |
|    alpha_raw_p05              | 0.179    |
|    alpha_raw_p50              | 0.198    |
|    alpha_raw_p95              | 0.362    |
|    alpha_raw_std              | 0.0559   |
|    beta_effective_mean        | 0.861    |
|    critic_loss                | 0.664    |
|    cvar_penalty_raw_mean      | 1.22     |
|    cvar_penalty_weighted_mean | 0.365    |
|    emergency_rate             | 0        |
|    entropy_loss               | -3.61    |
|    penalty_ratio              | 0.2      |
|    prl_prob_max               | 0.999    |
|    prl_prob_mean              | 0.224    |
|    prl_prob_min               | 0.00487  |
|    prl_prob_p05               | 0.0143   |
|    prl_prob_p50               | 0.106    |
|    prl_prob_p95               | 0.929    |
|    prl_prob_std               | 0.281    |
|    var_penalty_raw_mean       | 542      |
|    var_penalty_weighted_mean  | 162      |
|    vz_max                     | 4.26     |
|    vz_mean                    | 0.116    |
|    vz_min                     | -1.66    |
|    vz_p05                     | -1.12    |
|    vz_p50                     | -0.0659  |
|    vz_p95                     | 2.28     |
|    vz_std                     | 1.06     |
--------------------------------------------
--------------------------------------------
| time/                         |          |
|    episodes                   | 8        |
|    fps                        | 41       |
|    time_elapsed               | 468      |
|    total_timesteps            | 19648    |
| train/                        |          |
|    actor_loss                 | -172     |
|    actor_loss_base            | -215     |
|    alpha_clamped_mean         | 0.214    |
|    alpha_next_mean            | 0.214    |
|    alpha_obs_max              | 0.376    |
|    alpha_obs_mean             | 0.214    |
|    alpha_obs_min              | 0.177    |
|    alpha_obs_p05              | 0.179    |
|    alpha_obs_p50              | 0.193    |
|    alpha_obs_p95              | 0.354    |
|    alpha_obs_std              | 0.053    |
|    alpha_raw_max              | 0.376    |
|    alpha_raw_mean             | 0.214    |
|    alpha_raw_min              | 0.177    |
|    alpha_raw_p05              | 0.179    |
|    alpha_raw_p50              | 0.193    |
|    alpha_raw_p95              | 0.354    |
|    alpha_raw_std              | 0.053    |
|    beta_effective_mean        | 0.871    |
|    critic_loss                | 0.302    |
|    cvar_penalty_raw_mean      | 3.3      |
|    cvar_penalty_weighted_mean | 0.989    |
|    emergency_rate             | 0        |
|    entropy_loss               | -3.85    |
|    penalty_ratio              | 0.2      |
|    prl_prob_max               | 0.999    |
|    prl_prob_mean              | 0.188    |
|    prl_prob_min               | 0.00425  |
|    prl_prob_p05               | 0.0125   |
|    prl_prob_p50               | 0.0688   |
|    prl_prob_p95               | 0.891    |
|    prl_prob_std               | 0.267    |
|    var_penalty_raw_mean       | 1.88e+03 |
|    var_penalty_weighted_mean  | 565      |
|    vz_max                     | 4.25     |
|    vz_mean                    | -0.0651  |
|    vz_min                     | -1.73    |
|    vz_p05                     | -1.19    |
|    vz_p50                     | -0.302   |
|    vz_p95                     | 2.05     |
|    vz_std                     | 1.01     |
--------------------------------------------
--------------------------------------------
| time/                         |          |
|    episodes                   | 12       |
|    fps                        | 41       |
|    time_elapsed               | 704      |
|    total_timesteps            | 29472    |
| train/                        |          |
|    actor_loss                 | -225     |
|    actor_loss_base            | -282     |
|    alpha_clamped_mean         | 0.22     |
|    alpha_next_mean            | 0.22     |
|    alpha_obs_max              | 0.375    |
|    alpha_obs_mean             | 0.22     |
|    alpha_obs_min              | 0.177    |
|    alpha_obs_p05              | 0.178    |
|    alpha_obs_p50              | 0.194    |
|    alpha_obs_p95              | 0.36     |
|    alpha_obs_std              | 0.0571   |
|    alpha_raw_max              | 0.375    |
|    alpha_raw_mean             | 0.22     |
|    alpha_raw_min              | 0.177    |
|    alpha_raw_p05              | 0.178    |
|    alpha_raw_p50              | 0.194    |
|    alpha_raw_p95              | 0.36     |
|    alpha_raw_std              | 0.0571   |
|    beta_effective_mean        | 0.876    |
|    critic_loss                | 0.135    |
|    cvar_penalty_raw_mean      | 4.57     |
|    cvar_penalty_weighted_mean | 1.37     |
|    emergency_rate             | 0        |
|    entropy_loss               | -4.06    |
|    penalty_ratio              | 0.2      |
|    prl_prob_max               | 0.993    |
|    prl_prob_mean              | 0.217    |
|    prl_prob_min               | 0.00641  |
|    prl_prob_p05               | 0.0114   |
|    prl_prob_p50               | 0.0782   |
|    prl_prob_p95               | 0.921    |
|    prl_prob_std               | 0.287    |
|    var_penalty_raw_mean       | 3.21e+03 |
|    var_penalty_weighted_mean  | 963      |
|    vz_max                     | 3.5      |
|    vz_mean                    | 0.0205   |
|    vz_min                     | -1.52    |
|    vz_p05                     | -1.23    |
|    vz_p50                     | -0.234   |
|    vz_p95                     | 2.23     |
|    vz_std                     | 1.01     |
--------------------------------------------
--------------------------------------------
| time/                         |          |
|    episodes                   | 16       |
|    fps                        | 41       |
|    time_elapsed               | 942      |
|    total_timesteps            | 39296    |
| train/                        |          |
|    actor_loss                 | -253     |
|    actor_loss_base            | -316     |
|    alpha_clamped_mean         | 0.219    |
|    alpha_next_mean            | 0.219    |
|    alpha_obs_max              | 0.376    |
|    alpha_obs_mean             | 0.219    |
|    alpha_obs_min              | 0.177    |
|    alpha_obs_p05              | 0.179    |
|    alpha_obs_p50              | 0.195    |
|    alpha_obs_p95              | 0.36     |
|    alpha_obs_std              | 0.0557   |
|    alpha_raw_max              | 0.376    |
|    alpha_raw_mean             | 0.219    |
|    alpha_raw_min              | 0.177    |
|    alpha_raw_p05              | 0.179    |
|    alpha_raw_p50              | 0.195    |
|    alpha_raw_p95              | 0.36     |
|    alpha_raw_std              | 0.0557   |
|    beta_effective_mean        | 0.866    |
|    critic_loss                | 0.139    |
|    cvar_penalty_raw_mean      | 5.83     |
|    cvar_penalty_weighted_mean | 1.75     |
|    emergency_rate             | 0        |
|    entropy_loss               | -4.04    |
|    penalty_ratio              | 0.2      |
|    prl_prob_max               | 0.998    |
|    prl_prob_mean              | 0.213    |
|    prl_prob_min               | 0.00605  |
|    prl_prob_p05               | 0.0128   |
|    prl_prob_p50               | 0.0851   |
|    prl_prob_p95               | 0.92     |
|    prl_prob_std               | 0.28     |
|    var_penalty_raw_mean       | 3.31e+03 |
|    var_penalty_weighted_mean  | 994      |
|    vz_max                     | 4.17     |
|    vz_mean                    | 0.0529   |
|    vz_min                     | -1.55    |
|    vz_p05                     | -1.17    |
|    vz_p50                     | -0.187   |
|    vz_p95                     | 2.22     |
|    vz_std                     | 1.03     |
--------------------------------------------
--------------------------------------------
| time/                         |          |
|    episodes                   | 20       |
|    fps                        | 41       |
|    time_elapsed               | 1177     |
|    total_timesteps            | 49120    |
| train/                        |          |
|    actor_loss                 | -268     |
|    actor_loss_base            | -336     |
|    alpha_clamped_mean         | 0.218    |
|    alpha_next_mean            | 0.218    |
|    alpha_obs_max              | 0.374    |
|    alpha_obs_mean             | 0.218    |
|    alpha_obs_min              | 0.178    |
|    alpha_obs_p05              | 0.178    |
|    alpha_obs_p50              | 0.193    |
|    alpha_obs_p95              | 0.348    |
|    alpha_obs_std              | 0.0547   |
|    alpha_raw_max              | 0.374    |
|    alpha_raw_mean             | 0.218    |
|    alpha_raw_min              | 0.178    |
|    alpha_raw_p05              | 0.178    |
|    alpha_raw_p50              | 0.193    |
|    alpha_raw_p95              | 0.348    |
|    alpha_raw_std              | 0.0547   |
|    beta_effective_mean        | 0.864    |
|    critic_loss                | 0.126    |
|    cvar_penalty_raw_mean      | 10.6     |
|    cvar_penalty_weighted_mean | 3.17     |
|    emergency_rate             | 0        |
|    entropy_loss               | -4.02    |
|    penalty_ratio              | 0.2      |
|    prl_prob_max               | 0.987    |
|    prl_prob_mean              | 0.207    |
|    prl_prob_min               | 0.00703  |
|    prl_prob_p05               | 0.0113   |
|    prl_prob_p50               | 0.0689   |
|    prl_prob_p95               | 0.86     |
|    prl_prob_std               | 0.275    |
|    var_penalty_raw_mean       | 5.09e+03 |
|    var_penalty_weighted_mean  | 1.53e+03 |
|    vz_max                     | 3.18     |
|    vz_mean                    | -0.0133  |
|    vz_min                     | -1.48    |
|    vz_p05                     | -1.23    |
|    vz_p50                     | -0.302   |
|    vz_p95                     | 1.91     |
|    vz_std                     | 0.947    |
--------------------------------------------
--------------------------------------------
| time/                         |          |
|    episodes                   | 24       |
|    fps                        | 41       |
|    time_elapsed               | 1413     |
|    total_timesteps            | 58944    |
| train/                        |          |
|    actor_loss                 | -285     |
|    actor_loss_base            | -356     |
|    alpha_clamped_mean         | 0.217    |
|    alpha_next_mean            | 0.218    |
|    alpha_obs_max              | 0.376    |
|    alpha_obs_mean             | 0.217    |
|    alpha_obs_min              | 0.177    |
|    alpha_obs_p05              | 0.179    |
|    alpha_obs_p50              | 0.198    |
|    alpha_obs_p95              | 0.358    |
|    alpha_obs_std              | 0.0534   |
|    alpha_raw_max              | 0.376    |
|    alpha_raw_mean             | 0.217    |
|    alpha_raw_min              | 0.177    |
|    alpha_raw_p05              | 0.179    |
|    alpha_raw_p50              | 0.198    |
|    alpha_raw_p95              | 0.358    |
|    alpha_raw_std              | 0.0534   |
|    beta_effective_mean        | 0.877    |
|    critic_loss                | 0.103    |
|    cvar_penalty_raw_mean      | 9.43     |
|    cvar_penalty_weighted_mean | 2.83     |
|    emergency_rate             | 0        |
|    entropy_loss               | -4.02    |
|    penalty_ratio              | 0.2      |
|    prl_prob_max               | 0.997    |
|    prl_prob_mean              | 0.208    |
|    prl_prob_min               | 0.00487  |
|    prl_prob_p05               | 0.0131   |
|    prl_prob_p50               | 0.105    |
|    prl_prob_p95               | 0.909    |
|    prl_prob_std               | 0.268    |
|    var_penalty_raw_mean       | 4.44e+03 |
|    var_penalty_weighted_mean  | 1.33e+03 |
|    vz_max                     | 3.92     |
|    vz_mean                    | 0.0602   |
|    vz_min                     | -1.66    |
|    vz_p05                     | -1.16    |
|    vz_p50                     | -0.0704  |
|    vz_p95                     | 2.15     |
|    vz_std                     | 1.05     |
--------------------------------------------
--------------------------------------------
| time/                         |          |
|    episodes                   | 28       |
|    fps                        | 41       |
|    time_elapsed               | 1650     |
|    total_timesteps            | 68768    |
| train/                        |          |
|    actor_loss                 | -292     |
|    actor_loss_base            | -364     |
|    alpha_clamped_mean         | 0.214    |
|    alpha_next_mean            | 0.214    |
|    alpha_obs_max              | 0.376    |
|    alpha_obs_mean             | 0.214    |
|    alpha_obs_min              | 0.177    |
|    alpha_obs_p05              | 0.179    |
|    alpha_obs_p50              | 0.195    |
|    alpha_obs_p95              | 0.355    |
|    alpha_obs_std              | 0.0508   |
|    alpha_raw_max              | 0.376    |
|    alpha_raw_mean             | 0.214    |
|    alpha_raw_min              | 0.177    |
|    alpha_raw_p05              | 0.179    |
|    alpha_raw_p50              | 0.195    |
|    alpha_raw_p95              | 0.355    |
|    alpha_raw_std              | 0.0508   |
|    beta_effective_mean        | 0.854    |
|    critic_loss                | 0.116    |
|    cvar_penalty_raw_mean      | 10.9     |
|    cvar_penalty_weighted_mean | 3.26     |
|    emergency_rate             | 0        |
|    entropy_loss               | -3.96    |
|    penalty_ratio              | 0.2      |
|    prl_prob_max               | 0.998    |
|    prl_prob_mean              | 0.19     |
|    prl_prob_min               | 0.00544  |
|    prl_prob_p05               | 0.013    |
|    prl_prob_p50               | 0.0829   |
|    prl_prob_p95               | 0.895    |
|    prl_prob_std               | 0.256    |
|    var_penalty_raw_mean       | 4.59e+03 |
|    var_penalty_weighted_mean  | 1.38e+03 |
|    vz_max                     | 4.03     |
|    vz_mean                    | -0.0253  |
|    vz_min                     | -1.6     |
|    vz_p05                     | -1.16    |
|    vz_p50                     | -0.202   |
|    vz_p95                     | 2.07     |
|    vz_std                     | 0.916    |
--------------------------------------------
--------------------------------------------
| time/                         |          |
|    episodes                   | 32       |
|    fps                        | 41       |
|    time_elapsed               | 1881     |
|    total_timesteps            | 78592    |
| train/                        |          |
|    actor_loss                 | -295     |
|    actor_loss_base            | -369     |
|    alpha_clamped_mean         | 0.222    |
|    alpha_next_mean            | 0.222    |
|    alpha_obs_max              | 0.376    |
|    alpha_obs_mean             | 0.222    |
|    alpha_obs_min              | 0.177    |
|    alpha_obs_p05              | 0.179    |
|    alpha_obs_p50              | 0.197    |
|    alpha_obs_p95              | 0.362    |
|    alpha_obs_std              | 0.0589   |
|    alpha_raw_max              | 0.376    |
|    alpha_raw_mean             | 0.222    |
|    alpha_raw_min              | 0.177    |
|    alpha_raw_p05              | 0.179    |
|    alpha_raw_p50              | 0.197    |
|    alpha_raw_p95              | 0.362    |
|    alpha_raw_std              | 0.0589   |
|    beta_effective_mean        | 0.866    |
|    critic_loss                | 0.111    |
|    cvar_penalty_raw_mean      | 11.9     |
|    cvar_penalty_weighted_mean | 3.57     |
|    emergency_rate             | 0        |
|    entropy_loss               | -4.09    |
|    penalty_ratio              | 0.2      |
|    prl_prob_max               | 0.998    |
|    prl_prob_mean              | 0.228    |
|    prl_prob_min               | 0.00387  |
|    prl_prob_p05               | 0.0133   |
|    prl_prob_p50               | 0.0949   |
|    prl_prob_p95               | 0.928    |
|    prl_prob_std               | 0.295    |
|    var_penalty_raw_mean       | 5.77e+03 |
|    var_penalty_weighted_mean  | 1.73e+03 |
|    vz_max                     | 4.13     |
|    vz_mean                    | 0.0903   |
|    vz_min                     | -1.78    |
|    vz_p05                     | -1.15    |
|    vz_p50                     | -0.128   |
|    vz_p95                     | 2.28     |
|    vz_std                     | 1.05     |
--------------------------------------------
--------------------------------------------
| time/                         |          |
|    episodes                   | 36       |
|    fps                        | 41       |
|    time_elapsed               | 2116     |
|    total_timesteps            | 88416    |
| train/                        |          |
|    actor_loss                 | -302     |
|    actor_loss_base            | -377     |
|    alpha_clamped_mean         | 0.214    |
|    alpha_next_mean            | 0.214    |
|    alpha_obs_max              | 0.376    |
|    alpha_obs_mean             | 0.214    |
|    alpha_obs_min              | 0.177    |
|    alpha_obs_p05              | 0.179    |
|    alpha_obs_p50              | 0.194    |
|    alpha_obs_p95              | 0.347    |
|    alpha_obs_std              | 0.0497   |
|    alpha_raw_max              | 0.376    |
|    alpha_raw_mean             | 0.214    |
|    alpha_raw_min              | 0.177    |
|    alpha_raw_p05              | 0.179    |
|    alpha_raw_p50              | 0.194    |
|    alpha_raw_p95              | 0.347    |
|    alpha_raw_std              | 0.0497   |
|    beta_effective_mean        | 0.87     |
|    critic_loss                | 0.102    |
|    cvar_penalty_raw_mean      | 9.67     |
|    cvar_penalty_weighted_mean | 2.9      |
|    emergency_rate             | 0        |
|    entropy_loss               | -3.94    |
|    penalty_ratio              | 0.2      |
|    prl_prob_max               | 0.999    |
|    prl_prob_mean              | 0.185    |
|    prl_prob_min               | 0.00662  |
|    prl_prob_p05               | 0.0128   |
|    prl_prob_p50               | 0.0759   |
|    prl_prob_p95               | 0.852    |
|    prl_prob_std               | 0.25     |
|    var_penalty_raw_mean       | 4.39e+03 |
|    var_penalty_weighted_mean  | 1.32e+03 |
|    vz_max                     | 4.25     |
|    vz_mean                    | -0.0612  |
|    vz_min                     | -1.51    |
|    vz_p05                     | -1.17    |
|    vz_p50                     | -0.25    |
|    vz_p95                     | 1.88     |
|    vz_std                     | 0.911    |
--------------------------------------------
--------------------------------------------
| time/                         |          |
|    episodes                   | 40       |
|    fps                        | 41       |
|    time_elapsed               | 2353     |
|    total_timesteps            | 98240    |
| train/                        |          |
|    actor_loss                 | -296     |
|    actor_loss_base            | -370     |
|    alpha_clamped_mean         | 0.215    |
|    alpha_next_mean            | 0.215    |
|    alpha_obs_max              | 0.376    |
|    alpha_obs_mean             | 0.215    |
|    alpha_obs_min              | 0.177    |
|    alpha_obs_p05              | 0.178    |
|    alpha_obs_p50              | 0.193    |
|    alpha_obs_p95              | 0.36     |
|    alpha_obs_std              | 0.0558   |
|    alpha_raw_max              | 0.376    |
|    alpha_raw_mean             | 0.215    |
|    alpha_raw_min              | 0.177    |
|    alpha_raw_p05              | 0.178    |
|    alpha_raw_p50              | 0.193    |
|    alpha_raw_p95              | 0.36     |
|    alpha_raw_std              | 0.0558   |
|    beta_effective_mean        | 0.868    |
|    critic_loss                | 0.163    |
|    cvar_penalty_raw_mean      | 13.5     |
|    cvar_penalty_weighted_mean | 4.04     |
|    emergency_rate             | 0        |
|    entropy_loss               | -3.98    |
|    penalty_ratio              | 0.2      |
|    prl_prob_max               | 0.998    |
|    prl_prob_mean              | 0.195    |
|    prl_prob_min               | 0.00487  |
|    prl_prob_p05               | 0.0112   |
|    prl_prob_p50               | 0.0707   |
|    prl_prob_p95               | 0.92     |
|    prl_prob_std               | 0.28     |
|    var_penalty_raw_mean       | 5.65e+03 |
|    var_penalty_weighted_mean  | 1.69e+03 |
|    vz_max                     | 4.13     |
|    vz_mean                    | -0.0474  |
|    vz_min                     | -1.66    |
|    vz_p05                     | -1.24    |
|    vz_p50                     | -0.288   |
|    vz_p95                     | 2.22     |
|    vz_std                     | 1.04     |
--------------------------------------------
Model saved to /workspace/execution-aware-portfolio-rl/paper/forecasting_workshop/generalization/multi_split_compact_v1/splits/split_c/train_control/models/20260414T145049Z_a0387ea8_seed1_prl_2e24_final.zip
[TRAIN-END] split=split_c seed=1
[TRAIN-START] split=split_c seed=2
INFO:prl.data:Loading processed cache from data/processed_u27
Using cuda device
INFO:prl.prl:PRL mid_plasticity_multiplier applied: multiplier=0.700 mid_fraction=0.090
--------------------------------------------
| time/                         |          |
|    episodes                   | 4        |
|    fps                        | 41       |
|    time_elapsed               | 238      |
|    total_timesteps            | 9824     |
| train/                        |          |
|    actor_loss                 | -107     |
|    actor_loss_base            | -133     |
|    alpha_clamped_mean         | 0.222    |
|    alpha_next_mean            | 0.222    |
|    alpha_obs_max              | 0.376    |
|    alpha_obs_mean             | 0.222    |
|    alpha_obs_min              | 0.177    |
|    alpha_obs_p05              | 0.178    |
|    alpha_obs_p50              | 0.197    |
|    alpha_obs_p95              | 0.365    |
|    alpha_obs_std              | 0.0601   |
|    alpha_raw_max              | 0.376    |
|    alpha_raw_mean             | 0.222    |
|    alpha_raw_min              | 0.177    |
|    alpha_raw_p05              | 0.178    |
|    alpha_raw_p50              | 0.197    |
|    alpha_raw_p95              | 0.365    |
|    alpha_raw_std              | 0.0601   |
|    beta_effective_mean        | 0.869    |
|    critic_loss                | 0.706    |
|    cvar_penalty_raw_mean      | 1.68     |
|    cvar_penalty_weighted_mean | 0.504    |
|    emergency_rate             | 0        |
|    entropy_loss               | -3.65    |
|    penalty_ratio              | 0.2      |
|    prl_prob_max               | 0.998    |
|    prl_prob_mean              | 0.228    |
|    prl_prob_min               | 0.00598  |
|    prl_prob_p05               | 0.0111   |
|    prl_prob_p50               | 0.1      |
|    prl_prob_p95               | 0.945    |
|    prl_prob_std               | 0.302    |
|    var_penalty_raw_mean       | 673      |
|    var_penalty_weighted_mean  | 202      |
|    vz_max                     | 4.1      |
|    vz_mean                    | 0.0847   |
|    vz_min                     | -1.56    |
|    vz_p05                     | -1.24    |
|    vz_p50                     | -0.0981  |
|    vz_p95                     | 2.43     |
|    vz_std                     | 1.11     |
--------------------------------------------
--------------------------------------------
| time/                         |          |
|    episodes                   | 8        |
|    fps                        | 41       |
|    time_elapsed               | 473      |
|    total_timesteps            | 19648    |
| train/                        |          |
|    actor_loss                 | -175     |
|    actor_loss_base            | -218     |
|    alpha_clamped_mean         | 0.218    |
|    alpha_next_mean            | 0.218    |
|    alpha_obs_max              | 0.376    |
|    alpha_obs_mean             | 0.218    |
|    alpha_obs_min              | 0.177    |
|    alpha_obs_p05              | 0.178    |
|    alpha_obs_p50              | 0.197    |
|    alpha_obs_p95              | 0.358    |
|    alpha_obs_std              | 0.0533   |
|    alpha_raw_max              | 0.376    |
|    alpha_raw_mean             | 0.218    |
|    alpha_raw_min              | 0.177    |
|    alpha_raw_p05              | 0.178    |
|    alpha_raw_p50              | 0.197    |
|    alpha_raw_p95              | 0.358    |
|    alpha_raw_std              | 0.0533   |
|    beta_effective_mean        | 0.865    |
|    critic_loss                | 0.207    |
|    cvar_penalty_raw_mean      | 3.33     |
|    cvar_penalty_weighted_mean | 1        |
|    emergency_rate             | 0        |
|    entropy_loss               | -3.94    |
|    penalty_ratio              | 0.2      |
|    prl_prob_max               | 0.999    |
|    prl_prob_mean              | 0.21     |
|    prl_prob_min               | 0.00487  |
|    prl_prob_p05               | 0.0112   |
|    prl_prob_p50               | 0.0968   |
|    prl_prob_p95               | 0.908    |
|    prl_prob_std               | 0.268    |
|    var_penalty_raw_mean       | 1.86e+03 |
|    var_penalty_weighted_mean  | 558      |
|    vz_max                     | 4.25     |
|    vz_mean                    | 0.0533   |
|    vz_min                     | -1.66    |
|    vz_p05                     | -1.24    |
|    vz_p50                     | -0.117   |
|    vz_p95                     | 2.14     |
|    vz_std                     | 1        |
--------------------------------------------
--------------------------------------------
| time/                         |          |
|    episodes                   | 12       |
|    fps                        | 42       |
|    time_elapsed               | 700      |
|    total_timesteps            | 29472    |
| train/                        |          |
|    actor_loss                 | -219     |
|    actor_loss_base            | -274     |
|    alpha_clamped_mean         | 0.212    |
|    alpha_next_mean            | 0.211    |
|    alpha_obs_max              | 0.375    |
|    alpha_obs_mean             | 0.212    |
|    alpha_obs_min              | 0.177    |
|    alpha_obs_p05              | 0.178    |
|    alpha_obs_p50              | 0.193    |
|    alpha_obs_p95              | 0.34     |
|    alpha_obs_std              | 0.0481   |
|    alpha_raw_max              | 0.375    |
|    alpha_raw_mean             | 0.212    |
|    alpha_raw_min              | 0.177    |
|    alpha_raw_p05              | 0.178    |
|    alpha_raw_p50              | 0.193    |
|    alpha_raw_p95              | 0.34     |
|    alpha_raw_std              | 0.0481   |
|    beta_effective_mean        | 0.848    |
|    critic_loss                | 0.142    |
|    cvar_penalty_raw_mean      | 7.45     |
|    cvar_penalty_weighted_mean | 2.24     |
|    emergency_rate             | 0        |
|    entropy_loss               | -3.9     |
|    penalty_ratio              | 0.2      |
|    prl_prob_max               | 0.993    |
|    prl_prob_mean              | 0.176    |
|    prl_prob_min               | 0.00425  |
|    prl_prob_p05               | 0.00968  |
|    prl_prob_p50               | 0.0723   |
|    prl_prob_p95               | 0.821    |
|    prl_prob_std               | 0.242    |
|    var_penalty_raw_mean       | 3.21e+03 |
|    var_penalty_weighted_mean  | 964      |
|    vz_max                     | 3.5      |
|    vz_mean                    | -0.0945  |
|    vz_min                     | -1.73    |
|    vz_p05                     | -1.31    |
|    vz_p50                     | -0.276   |
|    vz_p95                     | 1.76     |
|    vz_std                     | 0.893    |
--------------------------------------------
--------------------------------------------
| time/                         |          |
|    episodes                   | 16       |
|    fps                        | 42       |
|    time_elapsed               | 931      |
|    total_timesteps            | 39296    |
| train/                        |          |
|    actor_loss                 | -256     |
|    actor_loss_base            | -320     |
|    alpha_clamped_mean         | 0.215    |
|    alpha_next_mean            | 0.215    |
|    alpha_obs_max              | 0.376    |
|    alpha_obs_mean             | 0.215    |
|    alpha_obs_min              | 0.177    |
|    alpha_obs_p05              | 0.178    |
|    alpha_obs_p50              | 0.195    |
|    alpha_obs_p95              | 0.355    |
|    alpha_obs_std              | 0.0539   |
|    alpha_raw_max              | 0.376    |
|    alpha_raw_mean             | 0.215    |
|    alpha_raw_min              | 0.177    |
|    alpha_raw_p05              | 0.178    |
|    alpha_raw_p50              | 0.195    |
|    alpha_raw_p95              | 0.355    |
|    alpha_raw_std              | 0.0539   |
|    beta_effective_mean        | 0.864    |
|    critic_loss                | 0.125    |
|    cvar_penalty_raw_mean      | 3.96     |
|    cvar_penalty_weighted_mean | 1.19     |
|    emergency_rate             | 0        |
|    entropy_loss               | -3.97    |
|    penalty_ratio              | 0.2      |
|    prl_prob_max               | 0.997    |
|    prl_prob_mean              | 0.196    |
|    prl_prob_min               | 0.00641  |
|    prl_prob_p05               | 0.0117   |
|    prl_prob_p50               | 0.0801   |
|    prl_prob_p95               | 0.896    |
|    prl_prob_std               | 0.271    |
|    var_penalty_raw_mean       | 2.81e+03 |
|    var_penalty_weighted_mean  | 844      |
|    vz_max                     | 3.92     |
|    vz_mean                    | -0.0349  |
|    vz_min                     | -1.52    |
|    vz_p05                     | -1.22    |
|    vz_p50                     | -0.221   |
|    vz_p95                     | 2.07     |
|    vz_std                     | 0.959    |
--------------------------------------------
--------------------------------------------
| time/                         |          |
|    episodes                   | 20       |
|    fps                        | 41       |
|    time_elapsed               | 1174     |
|    total_timesteps            | 49120    |
| train/                        |          |
|    actor_loss                 | -272     |
|    actor_loss_base            | -341     |
|    alpha_clamped_mean         | 0.218    |
|    alpha_next_mean            | 0.218    |
|    alpha_obs_max              | 0.376    |
|    alpha_obs_mean             | 0.218    |
|    alpha_obs_min              | 0.177    |
|    alpha_obs_p05              | 0.178    |
|    alpha_obs_p50              | 0.192    |
|    alpha_obs_p95              | 0.358    |
|    alpha_obs_std              | 0.0579   |
|    alpha_raw_max              | 0.376    |
|    alpha_raw_mean             | 0.218    |
|    alpha_raw_min              | 0.177    |
|    alpha_raw_p05              | 0.178    |
|    alpha_raw_p50              | 0.192    |
|    alpha_raw_p95              | 0.358    |
|    alpha_raw_std              | 0.0579   |
|    beta_effective_mean        | 0.891    |
|    critic_loss                | 0.158    |
|    cvar_penalty_raw_mean      | 9.04     |
|    cvar_penalty_weighted_mean | 2.71     |
|    emergency_rate             | 0        |
|    entropy_loss               | -4.02    |
|    penalty_ratio              | 0.2      |
|    prl_prob_max               | 0.998    |
|    prl_prob_mean              | 0.209    |
|    prl_prob_min               | 0.00425  |
|    prl_prob_p05               | 0.0109   |
|    prl_prob_p50               | 0.0655   |
|    prl_prob_p95               | 0.909    |
|    prl_prob_std               | 0.29     |
|    var_penalty_raw_mean       | 4.57e+03 |
|    var_penalty_weighted_mean  | 1.37e+03 |
|    vz_max                     | 4.03     |
|    vz_mean                    | -0.0371  |
|    vz_min                     | -1.73    |
|    vz_p05                     | -1.26    |
|    vz_p50                     | -0.329   |
|    vz_p95                     | 2.15     |
|    vz_std                     | 1.03     |
--------------------------------------------
--------------------------------------------
| time/                         |          |
|    episodes                   | 24       |
|    fps                        | 41       |
|    time_elapsed               | 1408     |
|    total_timesteps            | 58944    |
| train/                        |          |
|    actor_loss                 | -284     |
|    actor_loss_base            | -355     |
|    alpha_clamped_mean         | 0.214    |
|    alpha_next_mean            | 0.213    |
|    alpha_obs_max              | 0.376    |
|    alpha_obs_mean             | 0.214    |
|    alpha_obs_min              | 0.177    |
|    alpha_obs_p05              | 0.179    |
|    alpha_obs_p50              | 0.194    |
|    alpha_obs_p95              | 0.347    |
|    alpha_obs_std              | 0.0508   |
|    alpha_raw_max              | 0.376    |
|    alpha_raw_mean             | 0.214    |
|    alpha_raw_min              | 0.177    |
|    alpha_raw_p05              | 0.179    |
|    alpha_raw_p50              | 0.194    |
|    alpha_raw_p95              | 0.347    |
|    alpha_raw_std              | 0.0508   |
|    beta_effective_mean        | 0.866    |
|    critic_loss                | 0.0823   |
|    cvar_penalty_raw_mean      | 9.08     |
|    cvar_penalty_weighted_mean | 2.72     |
|    emergency_rate             | 0        |
|    entropy_loss               | -3.95    |
|    penalty_ratio              | 0.2      |
|    prl_prob_max               | 0.998    |
|    prl_prob_mean              | 0.188    |
|    prl_prob_min               | 0.00487  |
|    prl_prob_p05               | 0.0146   |
|    prl_prob_p50               | 0.0733   |
|    prl_prob_p95               | 0.853    |
|    prl_prob_std               | 0.256    |
|    var_penalty_raw_mean       | 4.82e+03 |
|    var_penalty_weighted_mean  | 1.44e+03 |
|    vz_max                     | 4        |
|    vz_mean                    | -0.0517  |
|    vz_min                     | -1.66    |
|    vz_p05                     | -1.11    |
|    vz_p50                     | -0.268   |
|    vz_p95                     | 1.88     |
|    vz_std                     | 0.917    |
--------------------------------------------
--------------------------------------------
| time/                         |          |
|    episodes                   | 28       |
|    fps                        | 41       |
|    time_elapsed               | 1644     |
|    total_timesteps            | 68768    |
| train/                        |          |
|    actor_loss                 | -295     |
|    actor_loss_base            | -369     |
|    alpha_clamped_mean         | 0.221    |
|    alpha_next_mean            | 0.221    |
|    alpha_obs_max              | 0.374    |
|    alpha_obs_mean             | 0.221    |
|    alpha_obs_min              | 0.177    |
|    alpha_obs_p05              | 0.179    |
|    alpha_obs_p50              | 0.195    |
|    alpha_obs_p95              | 0.359    |
|    alpha_obs_std              | 0.0579   |
|    alpha_raw_max              | 0.374    |
|    alpha_raw_mean             | 0.221    |
|    alpha_raw_min              | 0.177    |
|    alpha_raw_p05              | 0.179    |
|    alpha_raw_p50              | 0.195    |
|    alpha_raw_p95              | 0.359    |
|    alpha_raw_std              | 0.0579   |
|    beta_effective_mean        | 0.877    |
|    critic_loss                | 0.143    |
|    cvar_penalty_raw_mean      | 6.37     |
|    cvar_penalty_weighted_mean | 1.91     |
|    emergency_rate             | 0        |
|    entropy_loss               | -4.06    |
|    penalty_ratio              | 0.2      |
|    prl_prob_max               | 0.987    |
|    prl_prob_mean              | 0.222    |
|    prl_prob_min               | 0.00425  |
|    prl_prob_p05               | 0.0133   |
|    prl_prob_p50               | 0.0808   |
|    prl_prob_p95               | 0.916    |
|    prl_prob_std               | 0.291    |
|    var_penalty_raw_mean       | 3.44e+03 |
|    var_penalty_weighted_mean  | 1.03e+03 |
|    vz_max                     | 3.18     |
|    vz_mean                    | 0.0551   |
|    vz_min                     | -1.73    |
|    vz_p05                     | -1.16    |
|    vz_p50                     | -0.216   |
|    vz_p95                     | 2.2      |
|    vz_std                     | 1.01     |
--------------------------------------------
--------------------------------------------
| time/                         |          |
|    episodes                   | 32       |
|    fps                        | 41       |
|    time_elapsed               | 1883     |
|    total_timesteps            | 78592    |
| train/                        |          |
|    actor_loss                 | -298     |
|    actor_loss_base            | -372     |
|    alpha_clamped_mean         | 0.217    |
|    alpha_next_mean            | 0.217    |
|    alpha_obs_max              | 0.376    |
|    alpha_obs_mean             | 0.217    |
|    alpha_obs_min              | 0.177    |
|    alpha_obs_p05              | 0.179    |
|    alpha_obs_p50              | 0.194    |
|    alpha_obs_p95              | 0.348    |
|    alpha_obs_std              | 0.0531   |
|    alpha_raw_max              | 0.376    |
|    alpha_raw_mean             | 0.217    |
|    alpha_raw_min              | 0.177    |
|    alpha_raw_p05              | 0.179    |
|    alpha_raw_p50              | 0.194    |
|    alpha_raw_p95              | 0.348    |
|    alpha_raw_std              | 0.0531   |
|    beta_effective_mean        | 0.861    |
|    critic_loss                | 0.132    |
|    cvar_penalty_raw_mean      | 9.97     |
|    cvar_penalty_weighted_mean | 2.99     |
|    emergency_rate             | 0        |
|    entropy_loss               | -4       |
|    penalty_ratio              | 0.2      |
|    prl_prob_max               | 0.998    |
|    prl_prob_mean              | 0.204    |
|    prl_prob_min               | 0.00598  |
|    prl_prob_p05               | 0.0131   |
|    prl_prob_p50               | 0.0782   |
|    prl_prob_p95               | 0.859    |
|    prl_prob_std               | 0.267    |
|    var_penalty_raw_mean       | 5.07e+03 |
|    var_penalty_weighted_mean  | 1.52e+03 |
|    vz_max                     | 4.17     |
|    vz_mean                    | 0.0277   |
|    vz_min                     | -1.56    |
|    vz_p05                     | -1.16    |
|    vz_p50                     | -0.234   |
|    vz_p95                     | 1.9      |
|    vz_std                     | 0.985    |
--------------------------------------------
--------------------------------------------
| time/                         |          |
|    episodes                   | 36       |
|    fps                        | 41       |
|    time_elapsed               | 2115     |
|    total_timesteps            | 88416    |
| train/                        |          |
|    actor_loss                 | -299     |
|    actor_loss_base            | -374     |
|    alpha_clamped_mean         | 0.216    |
|    alpha_next_mean            | 0.217    |
|    alpha_obs_max              | 0.376    |
|    alpha_obs_mean             | 0.216    |
|    alpha_obs_min              | 0.177    |
|    alpha_obs_p05              | 0.179    |
|    alpha_obs_p50              | 0.194    |
|    alpha_obs_p95              | 0.359    |
|    alpha_obs_std              | 0.0548   |
|    alpha_raw_max              | 0.376    |
|    alpha_raw_mean             | 0.216    |
|    alpha_raw_min              | 0.177    |
|    alpha_raw_p05              | 0.179    |
|    alpha_raw_p50              | 0.194    |
|    alpha_raw_p95              | 0.359    |
|    alpha_raw_std              | 0.0548   |
|    beta_effective_mean        | 0.863    |
|    critic_loss                | 0.129    |
|    cvar_penalty_raw_mean      | 13.9     |
|    cvar_penalty_weighted_mean | 4.18     |
|    emergency_rate             | 0        |
|    entropy_loss               | -3.99    |
|    penalty_ratio              | 0.2      |
|    prl_prob_max               | 0.998    |
|    prl_prob_mean              | 0.2      |
|    prl_prob_min               | 0.00412  |
|    prl_prob_p05               | 0.0122   |
|    prl_prob_p50               | 0.0757   |
|    prl_prob_p95               | 0.916    |
|    prl_prob_std               | 0.275    |
|    var_penalty_raw_mean       | 6.68e+03 |
|    var_penalty_weighted_mean  | 2e+03    |
|    vz_max                     | 4.03     |
|    vz_mean                    | 0.0109   |
|    vz_min                     | -1.74    |
|    vz_p05                     | -1.2     |
|    vz_p50                     | -0.251   |
|    vz_p95                     | 2.2      |
|    vz_std                     | 1.01     |
--------------------------------------------
--------------------------------------------
| time/                         |          |
|    episodes                   | 40       |
|    fps                        | 41       |
|    time_elapsed               | 2353     |
|    total_timesteps            | 98240    |
| train/                        |          |
|    actor_loss                 | -301     |
|    actor_loss_base            | -376     |
|    alpha_clamped_mean         | 0.213    |
|    alpha_next_mean            | 0.213    |
|    alpha_obs_max              | 0.375    |
|    alpha_obs_mean             | 0.213    |
|    alpha_obs_min              | 0.177    |
|    alpha_obs_p05              | 0.178    |
|    alpha_obs_p50              | 0.193    |
|    alpha_obs_p95              | 0.355    |
|    alpha_obs_std              | 0.0511   |
|    alpha_raw_max              | 0.375    |
|    alpha_raw_mean             | 0.213    |
|    alpha_raw_min              | 0.177    |
|    alpha_raw_p05              | 0.178    |
|    alpha_raw_p50              | 0.193    |
|    alpha_raw_p95              | 0.355    |
|    alpha_raw_std              | 0.0511   |
|    beta_effective_mean        | 0.878    |
|    critic_loss                | 0.121    |
|    cvar_penalty_raw_mean      | 11       |
|    cvar_penalty_weighted_mean | 3.31     |
|    emergency_rate             | 0        |
|    entropy_loss               | -3.93    |
|    penalty_ratio              | 0.2      |
|    prl_prob_max               | 0.996    |
|    prl_prob_mean              | 0.182    |
|    prl_prob_min               | 0.00487  |
|    prl_prob_p05               | 0.00882  |
|    prl_prob_p50               | 0.0677   |
|    prl_prob_p95               | 0.895    |
|    prl_prob_std               | 0.257    |
|    var_penalty_raw_mean       | 4.8e+03  |
|    var_penalty_weighted_mean  | 1.44e+03 |
|    vz_max                     | 3.82     |
|    vz_mean                    | -0.0911  |
|    vz_min                     | -1.66    |
|    vz_p05                     | -1.36    |
|    vz_p50                     | -0.311   |
|    vz_p95                     | 2.07     |
|    vz_std                     | 0.956    |
--------------------------------------------
Model saved to /workspace/execution-aware-portfolio-rl/paper/forecasting_workshop/generalization/multi_split_compact_v1/splits/split_c/train_control/models/20260414T153050Z_a0387ea8_seed2_prl_4825_final.zip
[TRAIN-END] split=split_c seed=2
[WAIT] all expected models are present for split_c
[FINALIZER-START] split=split_c
[INFO] phase=control_eta_validation_first
[INFO] current_config=/workspace/execution-aware-portfolio-rl/paper/forecasting_workshop/generalization/multi_split_compact_v1/prepared/configs/split_c/current_config.yaml
[INFO] seeds=0 1 2 3 4 5 6 7 8 9
[INFO] etas=1.0 0.5 0.2 0.1 0.082 0.05 0.02
[INFO] kappas=0.0 0.0005 0.001
[INFO] validation_window=2020-01-01~2021-12-31
[INFO] final_window=2022-01-01~2023-12-31
[INFO] run_root=/workspace/execution-aware-portfolio-rl/paper/forecasting_workshop/generalization/multi_split_compact_v1/splits/split_c
[INFO] python_cmd=/workspace/execution-aware-portfolio-rl/.venv/bin/python
[INFO] final_mode=selected_plus_baseline
[STEP-START] materialize_validation_and_final_configs :: 2026-04-14T16:10:48Z
{
  "generated_at": "20260414T161048Z",
  "current_config": "/workspace/execution-aware-portfolio-rl/paper/forecasting_workshop/generalization/multi_split_compact_v1/prepared/configs/split_c/current_config.yaml",
  "snapshot_config_out": "/workspace/execution-aware-portfolio-rl/paper/forecasting_workshop/generalization/multi_split_compact_v1/splits/split_c/configs/snapshot_control.yaml",
  "signal_snapshot_out": "/workspace/execution-aware-portfolio-rl/paper/forecasting_workshop/generalization/multi_split_compact_v1/splits/split_c/configs/selected_signals_snapshot.json",
  "validation_config_out": "/workspace/execution-aware-portfolio-rl/paper/forecasting_workshop/generalization/multi_split_compact_v1/splits/split_c/configs/validation_eta.yaml",
  "final_config_out": "/workspace/execution-aware-portfolio-rl/paper/forecasting_workshop/generalization/multi_split_compact_v1/splits/split_c/configs/final_eta.yaml",
  "forward_config_out": "",
  "processed_dir": "data/processed_u27",
  "returns_path": "data/processed_u27/returns.parquet",
  "cache_max_date": "2026-03-20",
  "validation_start": "2020-01-01",
  "validation_end": "2021-12-31",
  "final_start": "2022-01-01",
  "final_end": "2023-12-31",
  "forward_start": "2026-01-01",
  "selected_signals": [
    "reversal_5d",
    "short_term_reversal"
  ],
  "sac_total_timesteps": 25000,
  "train_output_root": "/workspace/execution-aware-portfolio-rl/paper/forecasting_workshop/generalization/multi_split_compact_v1/splits/split_c/train_control",
  "validation_output_root": "/workspace/execution-aware-portfolio-rl/paper/forecasting_workshop/generalization/multi_split_compact_v1/splits/split_c/validation_eta",
  "final_output_root": "/workspace/execution-aware-portfolio-rl/paper/forecasting_workshop/generalization/multi_split_compact_v1/splits/split_c/final_eta",
  "forward_output_root": null
}
[STEP-END] materialize_validation_and_final_configs rc=0 :: 2026-04-14T16:10:49Z
[INFO] skip training phase (RUN_TRAIN=0)
[STEP-START] validation_eta_frontier :: 2026-04-14T16:10:49Z
INFO:__main__:Using metadata config for model compatibility: /workspace/execution-aware-portfolio-rl/paper/forecasting_workshop/generalization/multi_split_compact_v1/splits/split_c/configs/snapshot_control.yaml
INFO:prl.data:Loading processed cache from data/processed_u27
STEP6_SANITY_METRICS {"avg_turnover_exec_eta02": 0.0005500155092620854, "avg_turnover_exec_eta1": 0.019885605337462444, "test2_ratio": 0.027658977432580965}
STEP6 SANITY PASSED
Traceback (most recent call last):
  File "/workspace/execution-aware-portfolio-rl/prl-dow30/scripts/step6_run_matrix.py", line 368, in _resolve_model_path_by_seed
    ctx = build_eval_context(
          ^^^^^^^^^^^^^^^^^^^
  File "/workspace/execution-aware-portfolio-rl/prl-dow30/scripts/step6_sanity.py", line 335, in build_eval_context
    raise FileNotFoundError(f"Model not found: {model_path}")
FileNotFoundError: Model not found: /workspace/execution-aware-portfolio-rl/paper/forecasting_workshop/generalization/multi_split_compact_v1/splits/split_c/train_control/models/prl_seed3_final.zip

The above exception was the direct cause of the following exception:

Traceback (most recent call last):
  File "/workspace/execution-aware-portfolio-rl/prl-dow30/scripts/step6_run_matrix.py", line 642, in <module>
    main()
  File "/workspace/execution-aware-portfolio-rl/prl-dow30/scripts/step6_run_matrix.py", line 454, in main
    model_path_by_seed = _resolve_model_path_by_seed(
                         ^^^^^^^^^^^^^^^^^^^^^^^^^^^^
  File "/workspace/execution-aware-portfolio-rl/prl-dow30/scripts/step6_run_matrix.py", line 380, in _resolve_model_path_by_seed
    raise FileNotFoundError(
FileNotFoundError: Independent seed model resolution failed. missing_seed=3, expected_path=/workspace/execution-aware-portfolio-rl/paper/forecasting_workshop/generalization/multi_split_compact_v1/splits/split_c/train_control/models/prl_seed3_final.zip, resolution=Train/export this seed model (or run with --seed-model-mode shared).
[STEP-END] validation_eta_frontier rc=1 :: 2026-04-14T16:11:02Z
